#
# There is insufficient memory for the Java Runtime Environment to continue.
# Native memory allocation (malloc) failed to allocate 370496 bytes. Error detail: Chunk::new
# Possible reasons:
#   The system is out of physical RAM or swap space
#   This process is running with CompressedOops enabled, and the Java Heap may be blocking the growth of the native heap
# Possible solutions:
#   Reduce memory load on the system
#   Increase physical memory or swap space
#   Check if swap backing store is full
#   Decrease Java heap size (-Xmx/-Xms)
#   Decrease number of Java threads
#   Decrease Java thread stack sizes (-Xss)
#   Set larger code cache with -XX:ReservedCodeCacheSize=
#   JVM is running with Zero Based Compressed Oops mode in which the Java heap is
#     placed in the first 32GB address space. The Java Heap base address is the
#     maximum limit for the native heap growth. Please use -XX:HeapBaseMinAddress
#     to set the Java Heap base and to place the Java Heap above 32GB virtual address.
# This output file may be truncated or incomplete.
#
#  Out of Memory Error (arena.cpp:168), pid=21260, tid=13624
#
# JRE version: OpenJDK Runtime Environment Temurin-21.0.6+7 (21.0.6+7) (build 21.0.6+7-LTS)
# Java VM: OpenJDK 64-Bit Server VM Temurin-21.0.6+7 (21.0.6+7-LTS, mixed mode, sharing, tiered, compressed oops, compressed class ptrs, g1 gc, windows-amd64)
# No core dump will be written. Minidumps are not enabled by default on client versions of Windows
#

---------------  S U M M A R Y ------------

Command Line: --add-modules=ALL-SYSTEM --add-opens=java.base/java.util=ALL-UNNAMED --add-opens=java.base/java.lang=ALL-UNNAMED --add-opens=java.base/sun.nio.fs=ALL-UNNAMED -Declipse.application=org.eclipse.jdt.ls.core.id1 -Dosgi.bundles.defaultStartLevel=4 -Declipse.product=org.eclipse.jdt.ls.core.product -Djava.import.generatesMetadataFilesAtProjectRoot=false -DDetectVMInstallationsJob.disabled=true -Xlog:disable -Dfile.encoding=utf-8 -javaagent:c:\Users\moon\.vscode\extensions\redhat.java-1.41.1-win32-x64\lombok\lombok-1.18.36.jar c:\Users\moon\.vscode\extensions\redhat.java-1.41.1-win32-x64\server\plugins\org.eclipse.equinox.launcher_1.7.0.v20250331-1702.jar -configuration c:\Users\moon\AppData\Roaming\Code\User\globalStorage\redhat.java\1.41.1\config_ss_win -data c:\Users\moon\AppData\Roaming\Code\User\workspaceStorage\d0bdd28a8871f95d2f1d8fbc76f083ad\redhat.java\ss_ws --pipe=\\.\pipe\lsp-0f3af7011e7825a76976f5c1967f9b94-sock

Host: AMD Ryzen 3 5300U with Radeon Graphics         , 8 cores, 15G,  Windows 10 , 64 bit Build 19041 (10.0.19041.5678)
Time: Sun May 11 11:33:51 2025  Windows 10 , 64 bit Build 19041 (10.0.19041.5678) elapsed time: 1.937407 seconds (0d 0h 0m 1s)

---------------  T H R E A D  ---------------

Current thread (0x000001acf959be70):  JavaThread "C2 CompilerThread1" daemon [_thread_in_native, id=13624, stack(0x0000007821c00000,0x0000007821d00000) (1024K)]


Current CompileTask:
C2:1937 1713 %     4       java.io.WinNTFileSystem::normalize @ 58 (224 bytes)

Stack: [0x0000007821c00000,0x0000007821d00000]
Native frames: (J=compiled Java code, j=interpreted, Vv=VM code, C=native code)
V  [jvm.dll+0x6cdee9]
V  [jvm.dll+0x8a83d1]
V  [jvm.dll+0x8aa8fe]
V  [jvm.dll+0x8aafe3]
V  [jvm.dll+0x27f706]
V  [jvm.dll+0xc500d]
V  [jvm.dll+0xc5543]
V  [jvm.dll+0x3b678c]
V  [jvm.dll+0x382935]
V  [jvm.dll+0x381d9a]
V  [jvm.dll+0x2479f0]
V  [jvm.dll+0x246fcf]
V  [jvm.dll+0x1c75ee]
V  [jvm.dll+0x25685a]
V  [jvm.dll+0x254dfa]
V  [jvm.dll+0x3f0256]
V  [jvm.dll+0x851f8b]
V  [jvm.dll+0x6cc5ed]
C  [ucrtbase.dll+0x21bb2]
C  [KERNEL32.DLL+0x17374]
C  [ntdll.dll+0x4cc91]


---------------  P R O C E S S  ---------------

Threads class SMR info:
_java_thread_list=0x000001acf9447a40, length=13, elements={
0x000001acec41fff0, 0x000001acf922f5c0, 0x000001acf92302d0, 0x000001acf9232110,
0x000001acf9232b60, 0x000001acf92335b0, 0x000001acf9237500, 0x000001acf9238280,
0x000001acf92534f0, 0x000001acf91ff170, 0x000001acf959be70, 0x000001acf95bd0d0,
0x000001acf974fe80
}

Java Threads: ( => current thread )
  0x000001acec41fff0 JavaThread "main"                              [_thread_in_vm, id=21232, stack(0x0000007820b00000,0x0000007820c00000) (1024K)]
  0x000001acf922f5c0 JavaThread "Reference Handler"          daemon [_thread_blocked, id=22924, stack(0x0000007821300000,0x0000007821400000) (1024K)]
  0x000001acf92302d0 JavaThread "Finalizer"                  daemon [_thread_blocked, id=3904, stack(0x0000007821400000,0x0000007821500000) (1024K)]
  0x000001acf9232110 JavaThread "Signal Dispatcher"          daemon [_thread_blocked, id=24044, stack(0x0000007821500000,0x0000007821600000) (1024K)]
  0x000001acf9232b60 JavaThread "Attach Listener"            daemon [_thread_blocked, id=2224, stack(0x0000007821600000,0x0000007821700000) (1024K)]
  0x000001acf92335b0 JavaThread "Service Thread"             daemon [_thread_blocked, id=13752, stack(0x0000007821700000,0x0000007821800000) (1024K)]
  0x000001acf9237500 JavaThread "Monitor Deflation Thread"   daemon [_thread_blocked, id=2164, stack(0x0000007821800000,0x0000007821900000) (1024K)]
  0x000001acf9238280 JavaThread "C2 CompilerThread0"         daemon [_thread_in_native, id=25500, stack(0x0000007821900000,0x0000007821a00000) (1024K)]
  0x000001acf92534f0 JavaThread "C1 CompilerThread0"         daemon [_thread_in_vm, id=23068, stack(0x0000007821a00000,0x0000007821b00000) (1024K)]
  0x000001acf91ff170 JavaThread "Common-Cleaner"             daemon [_thread_blocked, id=17252, stack(0x0000007821b00000,0x0000007821c00000) (1024K)]
=>0x000001acf959be70 JavaThread "C2 CompilerThread1"         daemon [_thread_in_native, id=13624, stack(0x0000007821c00000,0x0000007821d00000) (1024K)]
  0x000001acf95bd0d0 JavaThread "Notification Thread"        daemon [_thread_blocked, id=22500, stack(0x0000007821d00000,0x0000007821e00000) (1024K)]
  0x000001acf974fe80 JavaThread "Active Thread: Equinox Container: b8d1d982-e514-4ee4-8121-746023fb80d6"        [_thread_blocked, id=15980, stack(0x0000007822500000,0x0000007822600000) (1024K)]
Total: 13

Other Threads:
  0x000001acf920e350 VMThread "VM Thread"                           [id=19900, stack(0x0000007821200000,0x0000007821300000) (1024K)]
  0x000001acf91fe070 WatcherThread "VM Periodic Task Thread"        [id=500, stack(0x0000007821100000,0x0000007821200000) (1024K)]
  0x000001acee62f060 WorkerThread "GC Thread#0"                     [id=9340, stack(0x0000007820c00000,0x0000007820d00000) (1024K)]
  0x000001acfe2fdd10 WorkerThread "GC Thread#1"                     [id=12804, stack(0x0000007821f00000,0x0000007822000000) (1024K)]
  0x000001acf9e6db40 WorkerThread "GC Thread#2"                     [id=18088, stack(0x0000007822000000,0x0000007822100000) (1024K)]
  0x000001acf9e6dee0 WorkerThread "GC Thread#3"                     [id=11520, stack(0x0000007822100000,0x0000007822200000) (1024K)]
  0x000001acf99241b0 WorkerThread "GC Thread#4"                     [id=17172, stack(0x0000007822200000,0x0000007822300000) (1024K)]
  0x000001acfe2072e0 WorkerThread "GC Thread#5"                     [id=15276, stack(0x0000007822300000,0x0000007822400000) (1024K)]
  0x000001acfe207680 WorkerThread "GC Thread#6"                     [id=10952, stack(0x0000007822400000,0x0000007822500000) (1024K)]
  0x000001acee63f580 ConcurrentGCThread "G1 Main Marker"            [id=12692, stack(0x0000007820d00000,0x0000007820e00000) (1024K)]
  0x000001acee643240 WorkerThread "G1 Conc#0"                       [id=16492, stack(0x0000007820e00000,0x0000007820f00000) (1024K)]
  0x000001acee67eac0 ConcurrentGCThread "G1 Refine#0"               [id=7256, stack(0x0000007820f00000,0x0000007821000000) (1024K)]
  0x000001acf90d1c10 ConcurrentGCThread "G1 Service"                [id=2316, stack(0x0000007821000000,0x0000007821100000) (1024K)]
Total: 13

Threads with active compile tasks:
C2 CompilerThread0  1963 1726       4       java.lang.StringLatin1::regionMatchesCI (45 bytes)
C2 CompilerThread1  1963 1713 %     4       java.io.WinNTFileSystem::normalize @ 58 (224 bytes)
Total: 2

VM state: not at safepoint (normal execution)

VM Mutex/Monitor currently owned by a thread: None

Heap address: 0x0000000709c00000, size: 3940 MB, Compressed Oops mode: Zero based, Oop shift amount: 3

CDS archive(s) mapped at: [0x000001ac8f000000-0x000001ac8fba0000-0x000001ac8fba0000), size 12189696, SharedBaseAddress: 0x000001ac8f000000, ArchiveRelocationMode: 1.
Compressed class space mapped at: 0x000001ac90000000-0x000001acd0000000, reserved size: 1073741824
Narrow klass base: 0x000001ac8f000000, Narrow klass shift: 0, Narrow klass range: 0x100000000

GC Precious Log:
 CardTable entry size: 512
 Card Set container configuration: InlinePtr #cards 4 size 8 Array Of Cards #cards 16 size 48 Howl #buckets 8 coarsen threshold 3686 Howl Bitmap #cards 512 size 80 coarsen threshold 460 Card regions per heap region 1 cards per card region 4096
 CPUs: 8 total, 8 available
 Memory: 15754M
 Large Page Support: Disabled
 NUMA Support: Disabled
 Compressed Oops: Enabled (Zero based)
 Heap Region Size: 2M
 Heap Min Capacity: 8M
 Heap Initial Capacity: 248M
 Heap Max Capacity: 3940M
 Pre-touch: Disabled
 Parallel Workers: 8
 Concurrent Workers: 2
 Concurrent Refinement Workers: 8
 Periodic GC: Disabled

Heap:
 garbage-first heap   total 253952K, used 26430K [0x0000000709c00000, 0x0000000800000000)
  region size 2048K, 15 young (30720K), 2 survivors (4096K)
 Metaspace       used 7756K, committed 8000K, reserved 1114112K
  class space    used 758K, committed 896K, reserved 1048576K

Heap Regions: E=young(eden), S=young(survivor), O=old, HS=humongous(starts), HC=humongous(continues), CS=collection set, F=free, TAMS=top-at-mark-start, PB=parsable bottom
|   0|0x0000000709c00000, 0x0000000709c00000, 0x0000000709e00000|  0%| F|  |TAMS 0x0000000709c00000| PB 0x0000000709c00000| Untracked 
|   1|0x0000000709e00000, 0x0000000709e00000, 0x000000070a000000|  0%| F|  |TAMS 0x0000000709e00000| PB 0x0000000709e00000| Untracked 
|   2|0x000000070a000000, 0x000000070a000000, 0x000000070a200000|  0%| F|  |TAMS 0x000000070a000000| PB 0x000000070a000000| Untracked 
|   3|0x000000070a200000, 0x000000070a200000, 0x000000070a400000|  0%| F|  |TAMS 0x000000070a200000| PB 0x000000070a200000| Untracked 
|   4|0x000000070a400000, 0x000000070a400000, 0x000000070a600000|  0%| F|  |TAMS 0x000000070a400000| PB 0x000000070a400000| Untracked 
|   5|0x000000070a600000, 0x000000070a600000, 0x000000070a800000|  0%| F|  |TAMS 0x000000070a600000| PB 0x000000070a600000| Untracked 
|   6|0x000000070a800000, 0x000000070a800000, 0x000000070aa00000|  0%| F|  |TAMS 0x000000070a800000| PB 0x000000070a800000| Untracked 
|   7|0x000000070aa00000, 0x000000070aa00000, 0x000000070ac00000|  0%| F|  |TAMS 0x000000070aa00000| PB 0x000000070aa00000| Untracked 
|   8|0x000000070ac00000, 0x000000070ac00000, 0x000000070ae00000|  0%| F|  |TAMS 0x000000070ac00000| PB 0x000000070ac00000| Untracked 
|   9|0x000000070ae00000, 0x000000070ae00000, 0x000000070b000000|  0%| F|  |TAMS 0x000000070ae00000| PB 0x000000070ae00000| Untracked 
|  10|0x000000070b000000, 0x000000070b000000, 0x000000070b200000|  0%| F|  |TAMS 0x000000070b000000| PB 0x000000070b000000| Untracked 
|  11|0x000000070b200000, 0x000000070b200000, 0x000000070b400000|  0%| F|  |TAMS 0x000000070b200000| PB 0x000000070b200000| Untracked 
|  12|0x000000070b400000, 0x000000070b400000, 0x000000070b600000|  0%| F|  |TAMS 0x000000070b400000| PB 0x000000070b400000| Untracked 
|  13|0x000000070b600000, 0x000000070b600000, 0x000000070b800000|  0%| F|  |TAMS 0x000000070b600000| PB 0x000000070b600000| Untracked 
|  14|0x000000070b800000, 0x000000070b800000, 0x000000070ba00000|  0%| F|  |TAMS 0x000000070b800000| PB 0x000000070b800000| Untracked 
|  15|0x000000070ba00000, 0x000000070ba00000, 0x000000070bc00000|  0%| F|  |TAMS 0x000000070ba00000| PB 0x000000070ba00000| Untracked 
|  16|0x000000070bc00000, 0x000000070bc00000, 0x000000070be00000|  0%| F|  |TAMS 0x000000070bc00000| PB 0x000000070bc00000| Untracked 
|  17|0x000000070be00000, 0x000000070be00000, 0x000000070c000000|  0%| F|  |TAMS 0x000000070be00000| PB 0x000000070be00000| Untracked 
|  18|0x000000070c000000, 0x000000070c000000, 0x000000070c200000|  0%| F|  |TAMS 0x000000070c000000| PB 0x000000070c000000| Untracked 
|  19|0x000000070c200000, 0x000000070c200000, 0x000000070c400000|  0%| F|  |TAMS 0x000000070c200000| PB 0x000000070c200000| Untracked 
|  20|0x000000070c400000, 0x000000070c400000, 0x000000070c600000|  0%| F|  |TAMS 0x000000070c400000| PB 0x000000070c400000| Untracked 
|  21|0x000000070c600000, 0x000000070c600000, 0x000000070c800000|  0%| F|  |TAMS 0x000000070c600000| PB 0x000000070c600000| Untracked 
|  22|0x000000070c800000, 0x000000070c800000, 0x000000070ca00000|  0%| F|  |TAMS 0x000000070c800000| PB 0x000000070c800000| Untracked 
|  23|0x000000070ca00000, 0x000000070ca00000, 0x000000070cc00000|  0%| F|  |TAMS 0x000000070ca00000| PB 0x000000070ca00000| Untracked 
|  24|0x000000070cc00000, 0x000000070cc00000, 0x000000070ce00000|  0%| F|  |TAMS 0x000000070cc00000| PB 0x000000070cc00000| Untracked 
|  25|0x000000070ce00000, 0x000000070ce00000, 0x000000070d000000|  0%| F|  |TAMS 0x000000070ce00000| PB 0x000000070ce00000| Untracked 
|  26|0x000000070d000000, 0x000000070d000000, 0x000000070d200000|  0%| F|  |TAMS 0x000000070d000000| PB 0x000000070d000000| Untracked 
|  27|0x000000070d200000, 0x000000070d200000, 0x000000070d400000|  0%| F|  |TAMS 0x000000070d200000| PB 0x000000070d200000| Untracked 
|  28|0x000000070d400000, 0x000000070d400000, 0x000000070d600000|  0%| F|  |TAMS 0x000000070d400000| PB 0x000000070d400000| Untracked 
|  29|0x000000070d600000, 0x000000070d600000, 0x000000070d800000|  0%| F|  |TAMS 0x000000070d600000| PB 0x000000070d600000| Untracked 
|  30|0x000000070d800000, 0x000000070d800000, 0x000000070da00000|  0%| F|  |TAMS 0x000000070d800000| PB 0x000000070d800000| Untracked 
|  31|0x000000070da00000, 0x000000070da00000, 0x000000070dc00000|  0%| F|  |TAMS 0x000000070da00000| PB 0x000000070da00000| Untracked 
|  32|0x000000070dc00000, 0x000000070dc00000, 0x000000070de00000|  0%| F|  |TAMS 0x000000070dc00000| PB 0x000000070dc00000| Untracked 
|  33|0x000000070de00000, 0x000000070de00000, 0x000000070e000000|  0%| F|  |TAMS 0x000000070de00000| PB 0x000000070de00000| Untracked 
|  34|0x000000070e000000, 0x000000070e000000, 0x000000070e200000|  0%| F|  |TAMS 0x000000070e000000| PB 0x000000070e000000| Untracked 
|  35|0x000000070e200000, 0x000000070e200000, 0x000000070e400000|  0%| F|  |TAMS 0x000000070e200000| PB 0x000000070e200000| Untracked 
|  36|0x000000070e400000, 0x000000070e400000, 0x000000070e600000|  0%| F|  |TAMS 0x000000070e400000| PB 0x000000070e400000| Untracked 
|  37|0x000000070e600000, 0x000000070e600000, 0x000000070e800000|  0%| F|  |TAMS 0x000000070e600000| PB 0x000000070e600000| Untracked 
|  38|0x000000070e800000, 0x000000070e800000, 0x000000070ea00000|  0%| F|  |TAMS 0x000000070e800000| PB 0x000000070e800000| Untracked 
|  39|0x000000070ea00000, 0x000000070ea00000, 0x000000070ec00000|  0%| F|  |TAMS 0x000000070ea00000| PB 0x000000070ea00000| Untracked 
|  40|0x000000070ec00000, 0x000000070ec00000, 0x000000070ee00000|  0%| F|  |TAMS 0x000000070ec00000| PB 0x000000070ec00000| Untracked 
|  41|0x000000070ee00000, 0x000000070ee00000, 0x000000070f000000|  0%| F|  |TAMS 0x000000070ee00000| PB 0x000000070ee00000| Untracked 
|  42|0x000000070f000000, 0x000000070f000000, 0x000000070f200000|  0%| F|  |TAMS 0x000000070f000000| PB 0x000000070f000000| Untracked 
|  43|0x000000070f200000, 0x000000070f200000, 0x000000070f400000|  0%| F|  |TAMS 0x000000070f200000| PB 0x000000070f200000| Untracked 
|  44|0x000000070f400000, 0x000000070f400000, 0x000000070f600000|  0%| F|  |TAMS 0x000000070f400000| PB 0x000000070f400000| Untracked 
|  45|0x000000070f600000, 0x000000070f600000, 0x000000070f800000|  0%| F|  |TAMS 0x000000070f600000| PB 0x000000070f600000| Untracked 
|  46|0x000000070f800000, 0x000000070f800000, 0x000000070fa00000|  0%| F|  |TAMS 0x000000070f800000| PB 0x000000070f800000| Untracked 
|  47|0x000000070fa00000, 0x000000070fa00000, 0x000000070fc00000|  0%| F|  |TAMS 0x000000070fa00000| PB 0x000000070fa00000| Untracked 
|  48|0x000000070fc00000, 0x000000070fc00000, 0x000000070fe00000|  0%| F|  |TAMS 0x000000070fc00000| PB 0x000000070fc00000| Untracked 
|  49|0x000000070fe00000, 0x000000070fe00000, 0x0000000710000000|  0%| F|  |TAMS 0x000000070fe00000| PB 0x000000070fe00000| Untracked 
|  50|0x0000000710000000, 0x0000000710000000, 0x0000000710200000|  0%| F|  |TAMS 0x0000000710000000| PB 0x0000000710000000| Untracked 
|  51|0x0000000710200000, 0x0000000710200000, 0x0000000710400000|  0%| F|  |TAMS 0x0000000710200000| PB 0x0000000710200000| Untracked 
|  52|0x0000000710400000, 0x0000000710400000, 0x0000000710600000|  0%| F|  |TAMS 0x0000000710400000| PB 0x0000000710400000| Untracked 
|  53|0x0000000710600000, 0x0000000710600000, 0x0000000710800000|  0%| F|  |TAMS 0x0000000710600000| PB 0x0000000710600000| Untracked 
|  54|0x0000000710800000, 0x0000000710800000, 0x0000000710a00000|  0%| F|  |TAMS 0x0000000710800000| PB 0x0000000710800000| Untracked 
|  55|0x0000000710a00000, 0x0000000710a00000, 0x0000000710c00000|  0%| F|  |TAMS 0x0000000710a00000| PB 0x0000000710a00000| Untracked 
|  56|0x0000000710c00000, 0x0000000710c00000, 0x0000000710e00000|  0%| F|  |TAMS 0x0000000710c00000| PB 0x0000000710c00000| Untracked 
|  57|0x0000000710e00000, 0x0000000710e00000, 0x0000000711000000|  0%| F|  |TAMS 0x0000000710e00000| PB 0x0000000710e00000| Untracked 
|  58|0x0000000711000000, 0x0000000711000000, 0x0000000711200000|  0%| F|  |TAMS 0x0000000711000000| PB 0x0000000711000000| Untracked 
|  59|0x0000000711200000, 0x0000000711200000, 0x0000000711400000|  0%| F|  |TAMS 0x0000000711200000| PB 0x0000000711200000| Untracked 
|  60|0x0000000711400000, 0x0000000711400000, 0x0000000711600000|  0%| F|  |TAMS 0x0000000711400000| PB 0x0000000711400000| Untracked 
|  61|0x0000000711600000, 0x0000000711600000, 0x0000000711800000|  0%| F|  |TAMS 0x0000000711600000| PB 0x0000000711600000| Untracked 
|  62|0x0000000711800000, 0x0000000711800000, 0x0000000711a00000|  0%| F|  |TAMS 0x0000000711800000| PB 0x0000000711800000| Untracked 
|  63|0x0000000711a00000, 0x0000000711a00000, 0x0000000711c00000|  0%| F|  |TAMS 0x0000000711a00000| PB 0x0000000711a00000| Untracked 
|  64|0x0000000711c00000, 0x0000000711c00000, 0x0000000711e00000|  0%| F|  |TAMS 0x0000000711c00000| PB 0x0000000711c00000| Untracked 
|  65|0x0000000711e00000, 0x0000000711e00000, 0x0000000712000000|  0%| F|  |TAMS 0x0000000711e00000| PB 0x0000000711e00000| Untracked 
|  66|0x0000000712000000, 0x0000000712000000, 0x0000000712200000|  0%| F|  |TAMS 0x0000000712000000| PB 0x0000000712000000| Untracked 
|  67|0x0000000712200000, 0x0000000712200000, 0x0000000712400000|  0%| F|  |TAMS 0x0000000712200000| PB 0x0000000712200000| Untracked 
|  68|0x0000000712400000, 0x0000000712400000, 0x0000000712600000|  0%| F|  |TAMS 0x0000000712400000| PB 0x0000000712400000| Untracked 
|  69|0x0000000712600000, 0x0000000712600000, 0x0000000712800000|  0%| F|  |TAMS 0x0000000712600000| PB 0x0000000712600000| Untracked 
|  70|0x0000000712800000, 0x0000000712800000, 0x0000000712a00000|  0%| F|  |TAMS 0x0000000712800000| PB 0x0000000712800000| Untracked 
|  71|0x0000000712a00000, 0x0000000712a00000, 0x0000000712c00000|  0%| F|  |TAMS 0x0000000712a00000| PB 0x0000000712a00000| Untracked 
|  72|0x0000000712c00000, 0x0000000712c00000, 0x0000000712e00000|  0%| F|  |TAMS 0x0000000712c00000| PB 0x0000000712c00000| Untracked 
|  73|0x0000000712e00000, 0x0000000712e00000, 0x0000000713000000|  0%| F|  |TAMS 0x0000000712e00000| PB 0x0000000712e00000| Untracked 
|  74|0x0000000713000000, 0x0000000713000000, 0x0000000713200000|  0%| F|  |TAMS 0x0000000713000000| PB 0x0000000713000000| Untracked 
|  75|0x0000000713200000, 0x0000000713200000, 0x0000000713400000|  0%| F|  |TAMS 0x0000000713200000| PB 0x0000000713200000| Untracked 
|  76|0x0000000713400000, 0x0000000713400000, 0x0000000713600000|  0%| F|  |TAMS 0x0000000713400000| PB 0x0000000713400000| Untracked 
|  77|0x0000000713600000, 0x0000000713600000, 0x0000000713800000|  0%| F|  |TAMS 0x0000000713600000| PB 0x0000000713600000| Untracked 
|  78|0x0000000713800000, 0x0000000713800000, 0x0000000713a00000|  0%| F|  |TAMS 0x0000000713800000| PB 0x0000000713800000| Untracked 
|  79|0x0000000713a00000, 0x0000000713a00000, 0x0000000713c00000|  0%| F|  |TAMS 0x0000000713a00000| PB 0x0000000713a00000| Untracked 
|  80|0x0000000713c00000, 0x0000000713c00000, 0x0000000713e00000|  0%| F|  |TAMS 0x0000000713c00000| PB 0x0000000713c00000| Untracked 
|  81|0x0000000713e00000, 0x0000000713e00000, 0x0000000714000000|  0%| F|  |TAMS 0x0000000713e00000| PB 0x0000000713e00000| Untracked 
|  82|0x0000000714000000, 0x0000000714000000, 0x0000000714200000|  0%| F|  |TAMS 0x0000000714000000| PB 0x0000000714000000| Untracked 
|  83|0x0000000714200000, 0x0000000714200000, 0x0000000714400000|  0%| F|  |TAMS 0x0000000714200000| PB 0x0000000714200000| Untracked 
|  84|0x0000000714400000, 0x0000000714400000, 0x0000000714600000|  0%| F|  |TAMS 0x0000000714400000| PB 0x0000000714400000| Untracked 
|  85|0x0000000714600000, 0x0000000714600000, 0x0000000714800000|  0%| F|  |TAMS 0x0000000714600000| PB 0x0000000714600000| Untracked 
|  86|0x0000000714800000, 0x0000000714800000, 0x0000000714a00000|  0%| F|  |TAMS 0x0000000714800000| PB 0x0000000714800000| Untracked 
|  87|0x0000000714a00000, 0x0000000714a00000, 0x0000000714c00000|  0%| F|  |TAMS 0x0000000714a00000| PB 0x0000000714a00000| Untracked 
|  88|0x0000000714c00000, 0x0000000714c00000, 0x0000000714e00000|  0%| F|  |TAMS 0x0000000714c00000| PB 0x0000000714c00000| Untracked 
|  89|0x0000000714e00000, 0x0000000714e00000, 0x0000000715000000|  0%| F|  |TAMS 0x0000000714e00000| PB 0x0000000714e00000| Untracked 
|  90|0x0000000715000000, 0x0000000715000000, 0x0000000715200000|  0%| F|  |TAMS 0x0000000715000000| PB 0x0000000715000000| Untracked 
|  91|0x0000000715200000, 0x0000000715200000, 0x0000000715400000|  0%| F|  |TAMS 0x0000000715200000| PB 0x0000000715200000| Untracked 
|  92|0x0000000715400000, 0x0000000715400000, 0x0000000715600000|  0%| F|  |TAMS 0x0000000715400000| PB 0x0000000715400000| Untracked 
|  93|0x0000000715600000, 0x0000000715600000, 0x0000000715800000|  0%| F|  |TAMS 0x0000000715600000| PB 0x0000000715600000| Untracked 
|  94|0x0000000715800000, 0x0000000715800000, 0x0000000715a00000|  0%| F|  |TAMS 0x0000000715800000| PB 0x0000000715800000| Untracked 
|  95|0x0000000715a00000, 0x0000000715a00000, 0x0000000715c00000|  0%| F|  |TAMS 0x0000000715a00000| PB 0x0000000715a00000| Untracked 
|  96|0x0000000715c00000, 0x0000000715c00000, 0x0000000715e00000|  0%| F|  |TAMS 0x0000000715c00000| PB 0x0000000715c00000| Untracked 
|  97|0x0000000715e00000, 0x0000000715e00000, 0x0000000716000000|  0%| F|  |TAMS 0x0000000715e00000| PB 0x0000000715e00000| Untracked 
|  98|0x0000000716000000, 0x0000000716000000, 0x0000000716200000|  0%| F|  |TAMS 0x0000000716000000| PB 0x0000000716000000| Untracked 
|  99|0x0000000716200000, 0x0000000716200000, 0x0000000716400000|  0%| F|  |TAMS 0x0000000716200000| PB 0x0000000716200000| Untracked 
| 100|0x0000000716400000, 0x0000000716400000, 0x0000000716600000|  0%| F|  |TAMS 0x0000000716400000| PB 0x0000000716400000| Untracked 
| 101|0x0000000716600000, 0x0000000716600000, 0x0000000716800000|  0%| F|  |TAMS 0x0000000716600000| PB 0x0000000716600000| Untracked 
| 102|0x0000000716800000, 0x0000000716800000, 0x0000000716a00000|  0%| F|  |TAMS 0x0000000716800000| PB 0x0000000716800000| Untracked 
| 103|0x0000000716a00000, 0x0000000716a00000, 0x0000000716c00000|  0%| F|  |TAMS 0x0000000716a00000| PB 0x0000000716a00000| Untracked 
| 104|0x0000000716c00000, 0x0000000716c00000, 0x0000000716e00000|  0%| F|  |TAMS 0x0000000716c00000| PB 0x0000000716c00000| Untracked 
| 105|0x0000000716e00000, 0x0000000716e00000, 0x0000000717000000|  0%| F|  |TAMS 0x0000000716e00000| PB 0x0000000716e00000| Untracked 
| 106|0x0000000717000000, 0x0000000717000000, 0x0000000717200000|  0%| F|  |TAMS 0x0000000717000000| PB 0x0000000717000000| Untracked 
| 107|0x0000000717200000, 0x0000000717200000, 0x0000000717400000|  0%| F|  |TAMS 0x0000000717200000| PB 0x0000000717200000| Untracked 
| 108|0x0000000717400000, 0x0000000717400000, 0x0000000717600000|  0%| F|  |TAMS 0x0000000717400000| PB 0x0000000717400000| Untracked 
| 109|0x0000000717600000, 0x0000000717658c98, 0x0000000717800000| 17%| E|  |TAMS 0x0000000717600000| PB 0x0000000717600000| Complete 
| 110|0x0000000717800000, 0x0000000717a00000, 0x0000000717a00000|100%| E|CS|TAMS 0x0000000717800000| PB 0x0000000717800000| Complete 
| 111|0x0000000717a00000, 0x0000000717bcfac0, 0x0000000717c00000| 90%| S|CS|TAMS 0x0000000717a00000| PB 0x0000000717a00000| Complete 
| 112|0x0000000717c00000, 0x0000000717e00000, 0x0000000717e00000|100%| S|CS|TAMS 0x0000000717c00000| PB 0x0000000717c00000| Complete 
| 113|0x0000000717e00000, 0x0000000718000000, 0x0000000718000000|100%| E|CS|TAMS 0x0000000717e00000| PB 0x0000000717e00000| Complete 
| 114|0x0000000718000000, 0x0000000718200000, 0x0000000718200000|100%| E|CS|TAMS 0x0000000718000000| PB 0x0000000718000000| Complete 
| 115|0x0000000718200000, 0x0000000718400000, 0x0000000718400000|100%| E|CS|TAMS 0x0000000718200000| PB 0x0000000718200000| Complete 
| 116|0x0000000718400000, 0x0000000718600000, 0x0000000718600000|100%| E|CS|TAMS 0x0000000718400000| PB 0x0000000718400000| Complete 
| 117|0x0000000718600000, 0x0000000718800000, 0x0000000718800000|100%| E|CS|TAMS 0x0000000718600000| PB 0x0000000718600000| Complete 
| 118|0x0000000718800000, 0x0000000718a00000, 0x0000000718a00000|100%| E|  |TAMS 0x0000000718800000| PB 0x0000000718800000| Complete 
| 119|0x0000000718a00000, 0x0000000718c00000, 0x0000000718c00000|100%| E|CS|TAMS 0x0000000718a00000| PB 0x0000000718a00000| Complete 
| 120|0x0000000718c00000, 0x0000000718e00000, 0x0000000718e00000|100%| E|CS|TAMS 0x0000000718c00000| PB 0x0000000718c00000| Complete 
| 121|0x0000000718e00000, 0x0000000719000000, 0x0000000719000000|100%| E|CS|TAMS 0x0000000718e00000| PB 0x0000000718e00000| Complete 
| 122|0x0000000719000000, 0x0000000719200000, 0x0000000719200000|100%| E|CS|TAMS 0x0000000719000000| PB 0x0000000719000000| Complete 
| 123|0x0000000719200000, 0x0000000719400000, 0x0000000719400000|100%| E|CS|TAMS 0x0000000719200000| PB 0x0000000719200000| Complete 

Card table byte_map: [0x000001acf22a0000,0x000001acf2a60000] _byte_map_base: 0x000001aceea52000

Marking Bits: (CMBitMap*) 0x000001acee62f660
 Bits: [0x000001acf2a60000, 0x000001acf67f0000)

Polling page: 0x000001acec6c0000

Metaspace:

Usage:
  Non-class:      6.84 MB used.
      Class:    761.66 KB used.
       Both:      7.59 MB used.

Virtual space:
  Non-class space:       64.00 MB reserved,       7.00 MB ( 11%) committed,  1 nodes.
      Class space:        1.00 GB reserved,     896.00 KB ( <1%) committed,  1 nodes.
             Both:        1.06 GB reserved,       7.88 MB ( <1%) committed. 

Chunk freelists:
   Non-Class:  8.86 MB
       Class:  14.95 MB
        Both:  23.81 MB

MaxMetaspaceSize: unlimited
CompressedClassSpaceSize: 1.00 GB
Initial GC threshold: 21.00 MB
Current GC threshold: 21.00 MB
CDS: on
 - commit_granule_bytes: 65536.
 - commit_granule_words: 8192.
 - virtual_space_node_default_size: 8388608.
 - enlarge_chunks_in_place: 1.
 - use_allocation_guard: 0.


Internal statistics:

num_allocs_failed_limit: 0.
num_arena_births: 226.
num_arena_deaths: 0.
num_vsnodes_births: 2.
num_vsnodes_deaths: 0.
num_space_committed: 126.
num_space_uncommitted: 0.
num_chunks_returned_to_freelist: 0.
num_chunks_taken_from_freelist: 403.
num_chunk_merges: 0.
num_chunk_splits: 274.
num_chunks_enlarged: 180.
num_inconsistent_stats: 0.

CodeHeap 'non-profiled nmethods': size=120000Kb used=789Kb max_used=789Kb free=119210Kb
 bounds [0x000001ac87ad0000, 0x000001ac87d40000, 0x000001ac8f000000]
CodeHeap 'profiled nmethods': size=120000Kb used=3181Kb max_used=3181Kb free=116818Kb
 bounds [0x000001ac80000000, 0x000001ac80320000, 0x000001ac87530000]
CodeHeap 'non-nmethods': size=5760Kb used=1389Kb max_used=1413Kb free=4371Kb
 bounds [0x000001ac87530000, 0x000001ac877a0000, 0x000001ac87ad0000]
 total_blobs=2220 nmethods=1733 adapters=392
 compilation: enabled
              stopped_count=0, restarted_count=0
 full_count=0

Compilation events (20 events):
Event: 1.904 Thread 0x000001acf959be70 nmethod 1705 0x000001ac87b8f690 code [0x000001ac87b8f820, 0x000001ac87b8f9d8]
Event: 1.906 Thread 0x000001acf959be70 1707       4       java.lang.StringLatin1::inflate (34 bytes)
Event: 1.909 Thread 0x000001acf959be70 nmethod 1707 0x000001ac87b8fb90 code [0x000001ac87b8fd20, 0x000001ac87b8ff28]
Event: 1.910 Thread 0x000001acf92534f0 1708       3       sun.net.util.IPAddressUtil::checkUserInfo (44 bytes)
Event: 1.910 Thread 0x000001acf959be70 1710       4       java.lang.System::getSecurityManager (12 bytes)
Event: 1.910 Thread 0x000001acf92534f0 nmethod 1708 0x000001ac8030b010 code [0x000001ac8030b2a0, 0x000001ac8030bcf0]
Event: 1.910 Thread 0x000001acf92534f0 1709       3       sun.net.util.IPAddressUtil::scan (62 bytes)
Event: 1.911 Thread 0x000001acf959be70 nmethod 1710 0x000001ac87b90010 code [0x000001ac87b90180, 0x000001ac87b901e8]
Event: 1.911 Thread 0x000001acf92534f0 nmethod 1709 0x000001ac8030c190 code [0x000001ac8030c3e0, 0x000001ac8030cca8]
Event: 1.915 Thread 0x000001acf92534f0 1711       3       java.io.File::isAbsolute (8 bytes)
Event: 1.915 Thread 0x000001acf92534f0 nmethod 1711 0x000001ac8030d090 code [0x000001ac8030d240, 0x000001ac8030d390]
Event: 1.915 Thread 0x000001acf92534f0 1712       3       java.io.WinNTFileSystem::isAbsolute (36 bytes)
Event: 1.915 Thread 0x000001acf959be70 1713 %     4       java.io.WinNTFileSystem::normalize @ 58 (224 bytes)
Event: 1.915 Thread 0x000001acf92534f0 nmethod 1712 0x000001ac8030d410 code [0x000001ac8030d620, 0x000001ac8030dcc0]
Event: 1.916 Thread 0x000001acf92534f0 1714       3       java.net.URL::<init> (438 bytes)
Event: 1.919 Thread 0x000001acf92534f0 nmethod 1714 0x000001ac8030e010 code [0x000001ac8030e700, 0x000001ac80311d60]
Event: 1.921 Thread 0x000001acf92534f0 1715       3       java.util.Collections::emptyIterator (4 bytes)
Event: 1.922 Thread 0x000001acf92534f0 nmethod 1715 0x000001ac80313190 code [0x000001ac80313320, 0x000001ac80313418]
Event: 1.932 Thread 0x000001acf92534f0 1716       3       java.io.File::slashify (84 bytes)
Event: 1.933 Thread 0x000001acf92534f0 nmethod 1716 0x000001ac80313490 code [0x000001ac803137a0, 0x000001ac803144f0]

GC Heap History (2 events):
Event: 0.959 GC heap before
{Heap before GC invocations=0 (full 0):
 garbage-first heap   total 253952K, used 22528K [0x0000000709c00000, 0x0000000800000000)
  region size 2048K, 11 young (22528K), 0 survivors (0K)
 Metaspace       used 3807K, committed 4096K, reserved 1114112K
  class space    used 390K, committed 512K, reserved 1048576K
}
Event: 0.964 GC heap after
{Heap after GC invocations=1 (full 0):
 garbage-first heap   total 253952K, used 3902K [0x0000000709c00000, 0x0000000800000000)
  region size 2048K, 2 young (4096K), 2 survivors (4096K)
 Metaspace       used 3807K, committed 4096K, reserved 1114112K
  class space    used 390K, committed 512K, reserved 1048576K
}

Dll operation events (8 events):
Event: 0.023 Loaded shared library c:\Users\moon\.vscode\extensions\redhat.java-1.41.1-win32-x64\jre\21.0.6-win32-x86_64\bin\java.dll
Event: 0.072 Loaded shared library c:\Users\moon\.vscode\extensions\redhat.java-1.41.1-win32-x64\jre\21.0.6-win32-x86_64\bin\zip.dll
Event: 0.164 Loaded shared library C:\Users\moon\.vscode\extensions\redhat.java-1.41.1-win32-x64\jre\21.0.6-win32-x86_64\bin\instrument.dll
Event: 0.170 Loaded shared library C:\Users\moon\.vscode\extensions\redhat.java-1.41.1-win32-x64\jre\21.0.6-win32-x86_64\bin\net.dll
Event: 0.173 Loaded shared library C:\Users\moon\.vscode\extensions\redhat.java-1.41.1-win32-x64\jre\21.0.6-win32-x86_64\bin\nio.dll
Event: 0.178 Loaded shared library C:\Users\moon\.vscode\extensions\redhat.java-1.41.1-win32-x64\jre\21.0.6-win32-x86_64\bin\zip.dll
Event: 0.207 Loaded shared library C:\Users\moon\.vscode\extensions\redhat.java-1.41.1-win32-x64\jre\21.0.6-win32-x86_64\bin\jimage.dll
Event: 0.309 Loaded shared library c:\Users\moon\.vscode\extensions\redhat.java-1.41.1-win32-x64\jre\21.0.6-win32-x86_64\bin\verify.dll

Deoptimization events (20 events):
Event: 1.711 Thread 0x000001acec41fff0 DEOPT PACKING pc=0x000001ac87b4992c sp=0x0000007820bfe710
Event: 1.711 Thread 0x000001acec41fff0 DEOPT UNPACKING pc=0x000001ac875846a2 sp=0x0000007820bfe6d0 mode 2
Event: 1.714 Thread 0x000001acec41fff0 Uncommon trap: trap_request=0xffffffde fr.pc=0x000001ac87b4992c relative=0x00000000000013ec
Event: 1.714 Thread 0x000001acec41fff0 Uncommon trap: reason=class_check action=maybe_recompile pc=0x000001ac87b4992c method=java.util.HashMap.putVal(ILjava/lang/Object;Ljava/lang/Object;ZZ)Ljava/lang/Object; @ 253 c2
Event: 1.714 Thread 0x000001acec41fff0 DEOPT PACKING pc=0x000001ac87b4992c sp=0x0000007820bfe710
Event: 1.714 Thread 0x000001acec41fff0 DEOPT UNPACKING pc=0x000001ac875846a2 sp=0x0000007820bfe6d0 mode 2
Event: 1.784 Thread 0x000001acec41fff0 DEOPT PACKING pc=0x000001ac8010080b sp=0x0000007820bfcd30
Event: 1.784 Thread 0x000001acec41fff0 DEOPT UNPACKING pc=0x000001ac87584e42 sp=0x0000007820bfc1a8 mode 0
Event: 1.785 Thread 0x000001acec41fff0 DEOPT PACKING pc=0x000001ac80169b88 sp=0x0000007820bfc930
Event: 1.785 Thread 0x000001acec41fff0 DEOPT UNPACKING pc=0x000001ac87584e42 sp=0x0000007820bfbdb0 mode 0
Event: 1.786 Thread 0x000001acec41fff0 DEOPT PACKING pc=0x000001ac800fc406 sp=0x0000007820bfc7f0
Event: 1.786 Thread 0x000001acec41fff0 DEOPT UNPACKING pc=0x000001ac87584e42 sp=0x0000007820bfbc70 mode 0
Event: 1.787 Thread 0x000001acec41fff0 DEOPT PACKING pc=0x000001ac80169b88 sp=0x0000007820bfcc40
Event: 1.787 Thread 0x000001acec41fff0 DEOPT UNPACKING pc=0x000001ac87584e42 sp=0x0000007820bfc0c0 mode 0
Event: 1.788 Thread 0x000001acec41fff0 DEOPT PACKING pc=0x000001ac800fc406 sp=0x0000007820bfca40
Event: 1.788 Thread 0x000001acec41fff0 DEOPT UNPACKING pc=0x000001ac87584e42 sp=0x0000007820bfbec0 mode 0
Event: 1.788 Thread 0x000001acec41fff0 DEOPT PACKING pc=0x000001ac80169b88 sp=0x0000007820bfcb90
Event: 1.788 Thread 0x000001acec41fff0 DEOPT UNPACKING pc=0x000001ac87584e42 sp=0x0000007820bfc010 mode 0
Event: 1.788 Thread 0x000001acec41fff0 DEOPT PACKING pc=0x000001ac80169b88 sp=0x0000007820bfce90
Event: 1.789 Thread 0x000001acec41fff0 DEOPT UNPACKING pc=0x000001ac87584e42 sp=0x0000007820bfc310 mode 0

Classes loaded (20 events):
Event: 1.776 Loading class java/security/KeyStoreException
Event: 1.777 Loading class java/security/KeyStoreException done
Event: 1.817 Loading class java/util/LinkedList$Node
Event: 1.817 Loading class java/util/LinkedList$Node done
Event: 1.817 Loading class java/util/LinkedList$ListItr
Event: 1.819 Loading class java/util/LinkedList$ListItr done
Event: 1.822 Loading class java/lang/Thread$Builder$OfPlatform
Event: 1.822 Loading class java/lang/Thread$Builder
Event: 1.823 Loading class java/lang/Thread$Builder done
Event: 1.823 Loading class java/lang/Thread$Builder$OfPlatform done
Event: 1.823 Loading class java/lang/Thread$Builder$OfVirtual
Event: 1.823 Loading class java/lang/Thread$Builder$OfVirtual done
Event: 1.837 Loading class sun/nio/fs/WindowsChannelFactory
Event: 1.837 Loading class sun/nio/fs/WindowsChannelFactory done
Event: 1.837 Loading class sun/nio/fs/WindowsChannelFactory$1
Event: 1.837 Loading class sun/nio/fs/WindowsChannelFactory$1 done
Event: 1.837 Loading class sun/nio/fs/WindowsChannelFactory$Flags
Event: 1.837 Loading class sun/nio/fs/WindowsChannelFactory$Flags done
Event: 1.838 Loading class sun/nio/ch/FileChannelImpl$Closer
Event: 1.838 Loading class sun/nio/ch/FileChannelImpl$Closer done

Classes unloaded (0 events):
No events

Classes redefined (0 events):
No events

Internal exceptions (20 events):
Event: 1.025 Thread 0x000001acec41fff0 Exception <a 'java/io/FileNotFoundException'{0x00000007193ff3e0}> (0x00000007193ff3e0) 
thrown [s\src\hotspot\share\prims\jni.cpp, line 520]
Event: 1.069 Thread 0x000001acec41fff0 Implicit null exception at 0x000001ac87b38b8d to 0x000001ac87b3a112
Event: 1.069 Thread 0x000001acec41fff0 Implicit null exception at 0x000001ac87b2fc1d to 0x000001ac87b2fe34
Event: 1.069 Thread 0x000001acec41fff0 Exception <a 'java/lang/NoSuchMethodError'{0x0000000719129d58}: 'void java.lang.invoke.DirectMethodHandle$Holder.invokeStatic(java.lang.Object, java.lang.Object, java.lang.Object, java.lang.Object)'> (0x0000000719129d58) 
thrown [s\src\hotspot\share\interpreter\linkResolver.cpp, line 773]
Event: 1.071 Thread 0x000001acec41fff0 Implicit null exception at 0x000001ac87b3031d to 0x000001ac87b30534
Event: 1.071 Thread 0x000001acec41fff0 Implicit null exception at 0x000001ac87b254bd to 0x000001ac87b25541
Event: 1.137 Thread 0x000001acec41fff0 Exception <a 'java/lang/NoSuchMethodError'{0x0000000718ee5a48}: 'long java.lang.invoke.DirectMethodHandle$Holder.invokeStatic(java.lang.Object, java.lang.Object, int)'> (0x0000000718ee5a48) 
thrown [s\src\hotspot\share\interpreter\linkResolver.cpp, line 773]
Event: 1.138 Thread 0x000001acec41fff0 Exception <a 'java/lang/NoSuchMethodError'{0x0000000718eed550}: 'java.lang.Object java.lang.invoke.DirectMethodHandle$Holder.invokeSpecial(java.lang.Object, java.lang.Object, java.lang.Object, java.lang.Object, long)'> (0x0000000718eed550) 
thrown [s\src\hotspot\share\interpreter\linkResolver.cpp, line 773]
Event: 1.141 Thread 0x000001acec41fff0 Exception <a 'java/lang/NoSuchMethodError'{0x0000000718efaf48}: 'java.lang.Object java.lang.invoke.DirectMethodHandle$Holder.invokeSpecial(java.lang.Object, java.lang.Object, java.lang.Object, int, java.lang.Object)'> (0x0000000718efaf48) 
thrown [s\src\hotspot\share\interpreter\linkResolver.cpp, line 773]
Event: 1.147 Thread 0x000001acec41fff0 Exception <a 'java/lang/NoSuchMethodError'{0x0000000718f125e0}: 'java.lang.Object java.lang.invoke.Invokers$Holder.invokeExact_MT(java.lang.Object, java.lang.Object, java.lang.Object, java.lang.Object, java.lang.Object, java.lang.Object)'> (0x0000000718f125e0) 
thrown [s\src\hotspot\share\interpreter\linkResolver.cpp, line 773]
Event: 1.154 Thread 0x000001acec41fff0 Exception <a 'java/lang/NoSuchMethodError'{0x0000000718f2bd78}: 'int java.lang.invoke.DirectMethodHandle$Holder.invokeStaticInit(java.lang.Object, java.lang.Object, java.lang.Object, java.lang.Object)'> (0x0000000718f2bd78) 
thrown [s\src\hotspot\share\interpreter\linkResolver.cpp, line 773]
Event: 1.156 Thread 0x000001acec41fff0 Exception <a 'java/lang/NoSuchMethodError'{0x0000000718f34530}: 'java.lang.Object java.lang.invoke.DirectMethodHandle$Holder.invokeInterface(java.lang.Object, java.lang.Object)'> (0x0000000718f34530) 
thrown [s\src\hotspot\share\interpreter\linkResolver.cpp, line 773]
Event: 1.156 Thread 0x000001acec41fff0 Exception <a 'java/lang/IncompatibleClassChangeError'{0x0000000718f37a68}: Found class java.lang.Object, but interface was expected> (0x0000000718f37a68) 
thrown [s\src\hotspot\share\interpreter\linkResolver.cpp, line 840]
Event: 1.158 Thread 0x000001acec41fff0 Exception <a 'java/lang/NoSuchMethodError'{0x0000000718f3bc20}: 'void java.lang.invoke.DirectMethodHandle$Holder.invokeStatic(java.lang.Object, java.lang.Object)'> (0x0000000718f3bc20) 
thrown [s\src\hotspot\share\interpreter\linkResolver.cpp, line 773]
Event: 1.159 Thread 0x000001acec41fff0 Exception <a 'java/lang/NoSuchMethodError'{0x0000000718f3efc8}: 'void java.lang.invoke.DirectMethodHandle$Holder.invokeStaticInit(java.lang.Object, java.lang.Object)'> (0x0000000718f3efc8) 
thrown [s\src\hotspot\share\interpreter\linkResolver.cpp, line 773]
Event: 1.160 Thread 0x000001acec41fff0 Exception <a 'java/lang/NoSuchMethodError'{0x0000000718f45fc8}: 'int java.lang.invoke.DirectMethodHandle$Holder.invokeStaticInit(java.lang.Object, java.lang.Object)'> (0x0000000718f45fc8) 
thrown [s\src\hotspot\share\interpreter\linkResolver.cpp, line 773]
Event: 1.215 Thread 0x000001acec41fff0 Exception <a 'java/lang/NoSuchMethodError'{0x0000000718c85dc8}: 'void java.lang.invoke.DirectMethodHandle$Holder.invokeSpecial(java.lang.Object, java.lang.Object, java.lang.Object)'> (0x0000000718c85dc8) 
thrown [s\src\hotspot\share\interpreter\linkResolver.cpp, line 773]
Event: 1.594 Thread 0x000001acec41fff0 Exception <a 'java/lang/NoSuchMethodError'{0x000000071852b250}: 'int java.lang.invoke.DirectMethodHandle$Holder.invokeVirtual(java.lang.Object, java.lang.Object)'> (0x000000071852b250) 
thrown [s\src\hotspot\share\interpreter\linkResolver.cpp, line 773]
Event: 1.694 Thread 0x000001acec41fff0 Exception <a 'java/lang/NoSuchMethodError'{0x000000071806a550}: 'java.lang.Object java.lang.invoke.DirectMethodHandle$Holder.newInvokeSpecial(java.lang.Object, int, java.lang.Object)'> (0x000000071806a550) 
thrown [s\src\hotspot\share\interpreter\linkResolver.cpp, line 773]
Event: 1.740 Thread 0x000001acec41fff0 Exception <a 'java/lang/NoSuchMethodError'{0x00000007181fb768}: 'java.lang.Object java.lang.invoke.DirectMethodHandle$Holder.newInvokeSpecial(java.lang.Object, java.lang.Object, java.lang.Object, java.lang.Object, int, java.lang.Object)'> (0x00000007181fb768) 
thrown [s\src\hotspot\share\interpreter\linkResolver.cpp, line 773]

ZGC Phase Switch (0 events):
No events

VM Operations (18 events):
Event: 0.138 Executing VM operation: HandshakeAllThreads (Deoptimize)
Event: 0.138 Executing VM operation: HandshakeAllThreads (Deoptimize) done
Event: 0.225 Executing VM operation: HandshakeAllThreads (Deoptimize)
Event: 0.225 Executing VM operation: HandshakeAllThreads (Deoptimize) done
Event: 0.730 Executing VM operation: HandshakeAllThreads (Deoptimize)
Event: 0.730 Executing VM operation: HandshakeAllThreads (Deoptimize) done
Event: 0.759 Executing VM operation: HandshakeAllThreads (Deoptimize)
Event: 0.759 Executing VM operation: HandshakeAllThreads (Deoptimize) done
Event: 0.959 Executing VM operation: G1CollectForAllocation (G1 Evacuation Pause)
Event: 0.964 Executing VM operation: G1CollectForAllocation (G1 Evacuation Pause) done
Event: 1.668 Executing VM operation: HandshakeAllThreads (Deoptimize)
Event: 1.668 Executing VM operation: HandshakeAllThreads (Deoptimize) done
Event: 1.679 Executing VM operation: HandshakeAllThreads (Deoptimize)
Event: 1.679 Executing VM operation: HandshakeAllThreads (Deoptimize) done
Event: 1.736 Executing VM operation: HandshakeAllThreads (Deoptimize)
Event: 1.736 Executing VM operation: HandshakeAllThreads (Deoptimize) done
Event: 1.831 Executing VM operation: ICBufferFull
Event: 1.831 Executing VM operation: ICBufferFull done

Memory protections (0 events):
No events

Nmethod flushes (0 events):
No events

Events (15 events):
Event: 0.052 Thread 0x000001acec41fff0 Thread added: 0x000001acec41fff0
Event: 0.086 Thread 0x000001acec41fff0 Thread added: 0x000001acf922f5c0
Event: 0.087 Thread 0x000001acec41fff0 Thread added: 0x000001acf92302d0
Event: 0.087 Thread 0x000001acec41fff0 Thread added: 0x000001acf9232110
Event: 0.087 Thread 0x000001acec41fff0 Thread added: 0x000001acf9232b60
Event: 0.087 Thread 0x000001acec41fff0 Thread added: 0x000001acf92335b0
Event: 0.087 Thread 0x000001acec41fff0 Thread added: 0x000001acf9237500
Event: 0.088 Thread 0x000001acec41fff0 Thread added: 0x000001acf9238280
Event: 0.088 Thread 0x000001acec41fff0 Thread added: 0x000001acf92534f0
Event: 0.120 Thread 0x000001acec41fff0 Thread added: 0x000001acf91ff170
Event: 0.302 Thread 0x000001acf92534f0 Thread added: 0x000001acf959be70
Event: 0.457 Thread 0x000001acec41fff0 Thread added: 0x000001acf95bd0d0
Event: 0.651 Thread 0x000001acf92534f0 Thread added: 0x000001acf97050e0
Event: 1.652 Thread 0x000001acec41fff0 Thread added: 0x000001acf974fe80
Event: 1.764 Thread 0x000001acf97050e0 Thread exited: 0x000001acf97050e0


Dynamic libraries:
0x00007ff7d5dd0000 - 0x00007ff7d5dde000 	c:\Users\moon\.vscode\extensions\redhat.java-1.41.1-win32-x64\jre\21.0.6-win32-x86_64\bin\java.exe
0x00007ffc61fd0000 - 0x00007ffc621c8000 	C:\Windows\SYSTEM32\ntdll.dll
0x00007ffc61610000 - 0x00007ffc616d2000 	C:\Windows\System32\KERNEL32.DLL
0x00007ffc5f790000 - 0x00007ffc5fa86000 	C:\Windows\System32\KERNELBASE.dll
0x00007ffc5ac50000 - 0x00007ffc5ace4000 	C:\Windows\SYSTEM32\apphelp.dll
0x00007ffc5fef0000 - 0x00007ffc5fff0000 	C:\Windows\System32\ucrtbase.dll
0x00007ffc52fb0000 - 0x00007ffc52fc8000 	c:\Users\moon\.vscode\extensions\redhat.java-1.41.1-win32-x64\jre\21.0.6-win32-x86_64\bin\jli.dll
0x00007ffc60500000 - 0x00007ffc6069d000 	C:\Windows\System32\USER32.dll
0x00007ffc5fa90000 - 0x00007ffc5fab2000 	C:\Windows\System32\win32u.dll
0x00007ffc613a0000 - 0x00007ffc613cb000 	C:\Windows\System32\GDI32.dll
0x00007ffc5fdd0000 - 0x00007ffc5feea000 	C:\Windows\System32\gdi32full.dll
0x00007ffc5fd30000 - 0x00007ffc5fdcd000 	C:\Windows\System32\msvcp_win.dll
0x00007ffc4dc60000 - 0x00007ffc4defa000 	C:\Windows\WinSxS\amd64_microsoft.windows.common-controls_6595b64144ccf1df_6.0.19041.4355_none_60b8b9eb71f62e16\COMCTL32.dll
0x00007ffc48dd0000 - 0x00007ffc48dee000 	c:\Users\moon\.vscode\extensions\redhat.java-1.41.1-win32-x64\jre\21.0.6-win32-x86_64\bin\VCRUNTIME140.dll
0x00007ffc600d0000 - 0x00007ffc6016e000 	C:\Windows\System32\msvcrt.dll
0x00007ffc60170000 - 0x00007ffc6019f000 	C:\Windows\System32\IMM32.DLL
0x00007ffc53ef0000 - 0x00007ffc53efc000 	c:\Users\moon\.vscode\extensions\redhat.java-1.41.1-win32-x64\jre\21.0.6-win32-x86_64\bin\vcruntime140_1.dll
0x00007ffc3a140000 - 0x00007ffc3a1cd000 	c:\Users\moon\.vscode\extensions\redhat.java-1.41.1-win32-x64\jre\21.0.6-win32-x86_64\bin\msvcp140.dll
0x00007ffc04a00000 - 0x00007ffc05790000 	c:\Users\moon\.vscode\extensions\redhat.java-1.41.1-win32-x64\jre\21.0.6-win32-x86_64\bin\server\jvm.dll
0x00007ffc61d90000 - 0x00007ffc61e3f000 	C:\Windows\System32\ADVAPI32.dll
0x00007ffc60a60000 - 0x00007ffc60aff000 	C:\Windows\System32\sechost.dll
0x00007ffc61470000 - 0x00007ffc61593000 	C:\Windows\System32\RPCRT4.dll
0x00007ffc5fd00000 - 0x00007ffc5fd27000 	C:\Windows\System32\bcrypt.dll
0x00007ffc615a0000 - 0x00007ffc6160b000 	C:\Windows\System32\WS2_32.dll
0x00007ffc5f410000 - 0x00007ffc5f45b000 	C:\Windows\SYSTEM32\POWRPROF.dll
0x00007ffc55450000 - 0x00007ffc5545a000 	C:\Windows\SYSTEM32\VERSION.dll
0x00007ffc53f80000 - 0x00007ffc53fa7000 	C:\Windows\SYSTEM32\WINMM.dll
0x00007ffc5f3f0000 - 0x00007ffc5f402000 	C:\Windows\SYSTEM32\UMPDC.dll
0x00007ffc5d4e0000 - 0x00007ffc5d4f2000 	C:\Windows\SYSTEM32\kernel.appcore.dll
0x00007ffc52e60000 - 0x00007ffc52e6a000 	c:\Users\moon\.vscode\extensions\redhat.java-1.41.1-win32-x64\jre\21.0.6-win32-x86_64\bin\jimage.dll
0x00007ffc571b0000 - 0x00007ffc57394000 	C:\Windows\SYSTEM32\DBGHELP.DLL
0x00007ffc4dc20000 - 0x00007ffc4dc54000 	C:\Windows\SYSTEM32\dbgcore.DLL
0x00007ffc5fc70000 - 0x00007ffc5fcf2000 	C:\Windows\System32\bcryptPrimitives.dll
0x00007ffc5b540000 - 0x00007ffc5b54f000 	c:\Users\moon\.vscode\extensions\redhat.java-1.41.1-win32-x64\jre\21.0.6-win32-x86_64\bin\instrument.dll
0x00007ffc47d10000 - 0x00007ffc47d2f000 	c:\Users\moon\.vscode\extensions\redhat.java-1.41.1-win32-x64\jre\21.0.6-win32-x86_64\bin\java.dll
0x00007ffc60b00000 - 0x00007ffc6126f000 	C:\Windows\System32\SHELL32.dll
0x00007ffc5d6e0000 - 0x00007ffc5de83000 	C:\Windows\SYSTEM32\windows.storage.dll
0x00007ffc601a0000 - 0x00007ffc604f5000 	C:\Windows\System32\combase.dll
0x00007ffc5f020000 - 0x00007ffc5f04b000 	C:\Windows\SYSTEM32\Wldp.dll
0x00007ffc60000000 - 0x00007ffc600cd000 	C:\Windows\System32\OLEAUT32.dll
0x00007ffc609b0000 - 0x00007ffc60a5d000 	C:\Windows\System32\SHCORE.dll
0x00007ffc616e0000 - 0x00007ffc61735000 	C:\Windows\System32\shlwapi.dll
0x00007ffc5f590000 - 0x00007ffc5f5b5000 	C:\Windows\SYSTEM32\profapi.dll
0x00007ffc3c680000 - 0x00007ffc3c698000 	c:\Users\moon\.vscode\extensions\redhat.java-1.41.1-win32-x64\jre\21.0.6-win32-x86_64\bin\zip.dll
0x00007ffc52d70000 - 0x00007ffc52d80000 	C:\Users\moon\.vscode\extensions\redhat.java-1.41.1-win32-x64\jre\21.0.6-win32-x86_64\bin\net.dll
0x00007ffc56b40000 - 0x00007ffc56c4a000 	C:\Windows\SYSTEM32\WINHTTP.dll
0x00007ffc5ed20000 - 0x00007ffc5ed8c000 	C:\Windows\system32\mswsock.dll
0x00007ffc3bc20000 - 0x00007ffc3bc36000 	C:\Users\moon\.vscode\extensions\redhat.java-1.41.1-win32-x64\jre\21.0.6-win32-x86_64\bin\nio.dll
0x00007ffc475c0000 - 0x00007ffc475d0000 	c:\Users\moon\.vscode\extensions\redhat.java-1.41.1-win32-x64\jre\21.0.6-win32-x86_64\bin\verify.dll

dbghelp: loaded successfully - version: 4.0.5 - missing functions: none
symbol engine: initialized successfully - sym options: 0x614 - pdb path: .;c:\Users\moon\.vscode\extensions\redhat.java-1.41.1-win32-x64\jre\21.0.6-win32-x86_64\bin;C:\Windows\SYSTEM32;C:\Windows\WinSxS\amd64_microsoft.windows.common-controls_6595b64144ccf1df_6.0.19041.4355_none_60b8b9eb71f62e16;c:\Users\moon\.vscode\extensions\redhat.java-1.41.1-win32-x64\jre\21.0.6-win32-x86_64\bin\server

VM Arguments:
jvm_args: --add-modules=ALL-SYSTEM --add-opens=java.base/java.util=ALL-UNNAMED --add-opens=java.base/java.lang=ALL-UNNAMED --add-opens=java.base/sun.nio.fs=ALL-UNNAMED -Declipse.application=org.eclipse.jdt.ls.core.id1 -Dosgi.bundles.defaultStartLevel=4 -Declipse.product=org.eclipse.jdt.ls.core.product -Djava.import.generatesMetadataFilesAtProjectRoot=false -DDetectVMInstallationsJob.disabled=true -Xlog:disable -Dfile.encoding=utf-8 -javaagent:c:\Users\moon\.vscode\extensions\redhat.java-1.41.1-win32-x64\lombok\lombok-1.18.36.jar 
java_command: c:\Users\moon\.vscode\extensions\redhat.java-1.41.1-win32-x64\server\plugins\org.eclipse.equinox.launcher_1.7.0.v20250331-1702.jar -configuration c:\Users\moon\AppData\Roaming\Code\User\globalStorage\redhat.java\1.41.1\config_ss_win -data c:\Users\moon\AppData\Roaming\Code\User\workspaceStorage\d0bdd28a8871f95d2f1d8fbc76f083ad\redhat.java\ss_ws --pipe=\\.\pipe\lsp-0f3af7011e7825a76976f5c1967f9b94-sock
java_class_path (initial): c:\Users\moon\.vscode\extensions\redhat.java-1.41.1-win32-x64\server\plugins\org.eclipse.equinox.launcher_1.7.0.v20250331-1702.jar
Launcher Type: SUN_STANDARD

[Global flags]
     intx CICompilerCount                          = 4                                         {product} {ergonomic}
     uint ConcGCThreads                            = 2                                         {product} {ergonomic}
     uint G1ConcRefinementThreads                  = 8                                         {product} {ergonomic}
   size_t G1HeapRegionSize                         = 2097152                                   {product} {ergonomic}
    uintx GCDrainStackTargetSize                   = 64                                        {product} {ergonomic}
   size_t InitialHeapSize                          = 260046848                                 {product} {ergonomic}
   size_t MarkStackSize                            = 4194304                                   {product} {ergonomic}
   size_t MaxHeapSize                              = 4131389440                                {product} {ergonomic}
   size_t MaxNewSize                               = 2478833664                                {product} {ergonomic}
   size_t MinHeapDeltaBytes                        = 2097152                                   {product} {ergonomic}
   size_t MinHeapSize                              = 8388608                                   {product} {ergonomic}
    uintx NonNMethodCodeHeapSize                   = 5839372                                {pd product} {ergonomic}
    uintx NonProfiledCodeHeapSize                  = 122909434                              {pd product} {ergonomic}
    uintx ProfiledCodeHeapSize                     = 122909434                              {pd product} {ergonomic}
    uintx ReservedCodeCacheSize                    = 251658240                              {pd product} {ergonomic}
     bool SegmentedCodeCache                       = true                                      {product} {ergonomic}
   size_t SoftMaxHeapSize                          = 4131389440                             {manageable} {ergonomic}
     bool UseCompressedOops                        = true                           {product lp64_product} {ergonomic}
     bool UseG1GC                                  = true                                      {product} {ergonomic}
     bool UseLargePagesIndividualAllocation        = false                                  {pd product} {ergonomic}

Logging:
Log output configuration:
 #0: stdout all=off uptime,level,tags foldmultilines=false
 #1: stderr all=off uptime,level,tags foldmultilines=false

Environment Variables:
PATH=C:\flutter\bin;C:\Program Files\MySQL\MySQL Server 8.0\bin;C:\Program Files (x86)\NAT Service;C:\Program Files\nodejs;C:\Users\moon\AppData\Local\Android\sdk\platform-tools;C:\Program Files\Common Files\Oracle\Java\javapath;C:\Windows\system32;C:\Windows;C:\Windows\System32\Wbem;C:\Windows\System32\WindowsPowerShell\v1.0\;C:\Windows\System32\OpenSSH\;C:\Program Files\Git\cmd;C:\Program Files\Bandizip\;C:\Program Files\dotnet\;C:\Program Files\mingw64\bin;C:\Program Files\Amazon\AWSCLIV2\;C:\ProgramData\chocolatey\bin;C:\Program Files\nodejs\;C:\Program Files\OpenSSL-Win64\bin;C:\Program Files\PuTTY\;C:\Users\moon\AppData\Local\Programs\Python\Launcher\;C:\Users\moon\AppData\Local\Android\Sdk\platform-tools;C:\Users\moon\AppData\Local\Android\Sdk\tools;C:\Users\moon\AppData\Local\Android\Sdk\platform-tools;C:\Users\moon\AppData\Local\Android\Sdk\tools;C:\Users\moon\AppData\Local\Microsoft\WindowsApps;C:\Users\moon\AppData\Local\Programs\Microsoft VS Code\bin;C:\Users\moon\AppData\Roaming\nvm;C:\Program Files\nodejs;C:\Users\moon\AppData\Local\Microsoft\WinGet\Packages\Schniz.fnm_Microsoft.Winget.Source_8wekyb3d8bbwe;C:\Users\moon\AppData\Local\GitHubDesktop\bin;C:\Users\moon\AppData\Roaming\npm
USERNAME=moon
OS=Windows_NT
PROCESSOR_IDENTIFIER=AMD64 Family 23 Model 104 Stepping 1, AuthenticAMD
TMP=C:\Users\moon\AppData\Local\Temp
TEMP=C:\Users\moon\AppData\Local\Temp




Periodic native trim disabled

---------------  S Y S T E M  ---------------

OS:
 Windows 10 , 64 bit Build 19041 (10.0.19041.5678)
OS uptime: 11 days 14:42 hours

CPU: total 8 (initial active 8) (8 cores per cpu, 2 threads per core) family 23 model 104 stepping 1 microcode 0x0, cx8, cmov, fxsr, ht, mmx, 3dnowpref, sse, sse2, sse3, ssse3, sse4a, sse4.1, sse4.2, popcnt, lzcnt, tsc, tscinvbit, avx, avx2, aes, clmul, bmi1, bmi2, adx, sha, fma, vzeroupper, clflush, clflushopt, rdtscp, rdpid, f16c
Processor Information for the first 8 processors :
  Max Mhz: 2600, Current Mhz: 2600, Mhz Limit: 2600

Memory: 4k page, system-wide physical 15754M (946M free)
TotalPageFile size 25994M (AvailPageFile size 5M)
current process WorkingSet (physical memory assigned to process): 94M, peak: 94M
current process commit charge ("private bytes"): 353M, peak: 354M

vm_info: OpenJDK 64-Bit Server VM (21.0.6+7-LTS) for windows-amd64 JRE (21.0.6+7-LTS), built on 2025-01-21T00:00:00Z by "admin" with MS VC++ 17.7 (VS2022)

END.
