#
# There is insufficient memory for the Java Runtime Environment to continue.
# Native memory allocation (malloc) failed to allocate 32784 bytes. Error detail: Chunk::new
# Possible reasons:
#   The system is out of physical RAM or swap space
#   This process is running with CompressedOops enabled, and the Java Heap may be blocking the growth of the native heap
# Possible solutions:
#   Reduce memory load on the system
#   Increase physical memory or swap space
#   Check if swap backing store is full
#   Decrease Java heap size (-Xmx/-Xms)
#   Decrease number of Java threads
#   Decrease Java thread stack sizes (-Xss)
#   Set larger code cache with -XX:ReservedCodeCacheSize=
#   JVM is running with Zero Based Compressed Oops mode in which the Java heap is
#     placed in the first 32GB address space. The Java Heap base address is the
#     maximum limit for the native heap growth. Please use -XX:HeapBaseMinAddress
#     to set the Java Heap base and to place the Java Heap above 32GB virtual address.
# This output file may be truncated or incomplete.
#
#  Out of Memory Error (arena.cpp:168), pid=20316, tid=10480
#
# JRE version: OpenJDK Runtime Environment Temurin-21.0.6+7 (21.0.6+7) (build 21.0.6+7-LTS)
# Java VM: OpenJDK 64-Bit Server VM Temurin-21.0.6+7 (21.0.6+7-LTS, mixed mode, sharing, tiered, compressed oops, compressed class ptrs, g1 gc, windows-amd64)
# No core dump will be written. Minidumps are not enabled by default on client versions of Windows
#

---------------  S U M M A R Y ------------

Command Line: --add-modules=ALL-SYSTEM --add-opens=java.base/java.util=ALL-UNNAMED --add-opens=java.base/java.lang=ALL-UNNAMED --add-opens=java.base/sun.nio.fs=ALL-UNNAMED -Declipse.application=org.eclipse.jdt.ls.core.id1 -Dosgi.bundles.defaultStartLevel=4 -Declipse.product=org.eclipse.jdt.ls.core.product -Djava.import.generatesMetadataFilesAtProjectRoot=false -DDetectVMInstallationsJob.disabled=true -Xlog:disable -Dfile.encoding=utf-8 -javaagent:c:\Users\moon\.vscode\extensions\redhat.java-1.41.1-win32-x64\lombok\lombok-1.18.36.jar c:\Users\moon\.vscode\extensions\redhat.java-1.41.1-win32-x64\server\plugins\org.eclipse.equinox.launcher_1.7.0.v20250331-1702.jar -configuration c:\Users\moon\AppData\Roaming\Code\User\globalStorage\redhat.java\1.41.1\config_ss_win -data c:\Users\moon\AppData\Roaming\Code\User\workspaceStorage\d0bdd28a8871f95d2f1d8fbc76f083ad\redhat.java\ss_ws --pipe=\\.\pipe\lsp-b3a6b612af9b500129179a143277e8fc-sock

Host: AMD Ryzen 3 5300U with Radeon Graphics         , 8 cores, 15G,  Windows 10 , 64 bit Build 19041 (10.0.19041.5678)
Time: Sun May 11 11:26:04 2025  Windows 10 , 64 bit Build 19041 (10.0.19041.5678) elapsed time: 2.755048 seconds (0d 0h 0m 2s)

---------------  T H R E A D  ---------------

Current thread (0x0000022256728810):  JavaThread "C2 CompilerThread1" daemon [_thread_in_native, id=10480, stack(0x00000045fd800000,0x00000045fd900000) (1024K)]


Current CompileTask:
C2:2755 2178 %     4       java.util.Properties$LineReader::readLine @ 53 (584 bytes)

Stack: [0x00000045fd800000,0x00000045fd900000]
Native frames: (J=compiled Java code, j=interpreted, Vv=VM code, C=native code)
V  [jvm.dll+0x6cdee9]
V  [jvm.dll+0x8a83d1]
V  [jvm.dll+0x8aa8fe]
V  [jvm.dll+0x8aafe3]
V  [jvm.dll+0x27f706]
V  [jvm.dll+0xc500d]
V  [jvm.dll+0xc5543]
V  [jvm.dll+0x6f3592]
V  [jvm.dll+0x2466fe]
V  [jvm.dll+0x1c75ee]
V  [jvm.dll+0x25685a]
V  [jvm.dll+0x254dfa]
V  [jvm.dll+0x3f0256]
V  [jvm.dll+0x851f8b]
V  [jvm.dll+0x6cc5ed]
C  [ucrtbase.dll+0x21bb2]
C  [KERNEL32.DLL+0x17374]
C  [ntdll.dll+0x4cc91]


---------------  P R O C E S S  ---------------

Threads class SMR info:
_java_thread_list=0x000002229cb9f070, length=18, elements={
0x000002223a77e180, 0x0000022256579170, 0x000002225657a7d0, 0x000002225657cf60,
0x000002225657d9b0, 0x000002225657ed50, 0x0000022256580fe0, 0x00000222565826b0,
0x00000222565a9c00, 0x00000222566afcc0, 0x0000022256728810, 0x00000222566b2420,
0x00000222566b0350, 0x00000222566b1070, 0x00000222566b3140, 0x00000222566b09e0,
0x00000222566b1700, 0x00000222566b1d90
}

Java Threads: ( => current thread )
  0x000002223a77e180 JavaThread "main"                              [_thread_blocked, id=16900, stack(0x00000045fc700000,0x00000045fc800000) (1024K)]
  0x0000022256579170 JavaThread "Reference Handler"          daemon [_thread_blocked, id=3848, stack(0x00000045fcf00000,0x00000045fd000000) (1024K)]
  0x000002225657a7d0 JavaThread "Finalizer"                  daemon [_thread_blocked, id=24204, stack(0x00000045fd000000,0x00000045fd100000) (1024K)]
  0x000002225657cf60 JavaThread "Signal Dispatcher"          daemon [_thread_blocked, id=16192, stack(0x00000045fd100000,0x00000045fd200000) (1024K)]
  0x000002225657d9b0 JavaThread "Attach Listener"            daemon [_thread_blocked, id=15268, stack(0x00000045fd200000,0x00000045fd300000) (1024K)]
  0x000002225657ed50 JavaThread "Service Thread"             daemon [_thread_blocked, id=23236, stack(0x00000045fd300000,0x00000045fd400000) (1024K)]
  0x0000022256580fe0 JavaThread "Monitor Deflation Thread"   daemon [_thread_blocked, id=14068, stack(0x00000045fd400000,0x00000045fd500000) (1024K)]
  0x00000222565826b0 JavaThread "C2 CompilerThread0"         daemon [_thread_in_native, id=11224, stack(0x00000045fd500000,0x00000045fd600000) (1024K)]
  0x00000222565a9c00 JavaThread "C1 CompilerThread0"         daemon [_thread_blocked, id=16200, stack(0x00000045fd600000,0x00000045fd700000) (1024K)]
  0x00000222566afcc0 JavaThread "Common-Cleaner"             daemon [_thread_blocked, id=21920, stack(0x00000045fd700000,0x00000045fd800000) (1024K)]
=>0x0000022256728810 JavaThread "C2 CompilerThread1"         daemon [_thread_in_native, id=10480, stack(0x00000045fd800000,0x00000045fd900000) (1024K)]
  0x00000222566b2420 JavaThread "Notification Thread"        daemon [_thread_blocked, id=3660, stack(0x00000045fd900000,0x00000045fda00000) (1024K)]
  0x00000222566b0350 JavaThread "Active Thread: Equinox Container: c413985d-2c07-44c8-9095-4cc6c0e99c44"        [_thread_blocked, id=13760, stack(0x00000045fe100000,0x00000045fe200000) (1024K)]
  0x00000222566b1070 JavaThread "Framework Event Dispatcher: Equinox Container: c413985d-2c07-44c8-9095-4cc6c0e99c44" daemon [_thread_blocked, id=1636, stack(0x00000045fe200000,0x00000045fe300000) (1024K)]
  0x00000222566b3140 JavaThread "Start Level: Equinox Container: c413985d-2c07-44c8-9095-4cc6c0e99c44" daemon [_thread_in_native, id=20348, stack(0x00000045fe300000,0x00000045fe400000) (1024K)]
  0x00000222566b09e0 JavaThread "SCR Component Actor"        daemon [_thread_blocked, id=15808, stack(0x00000045fe400000,0x00000045fe500000) (1024K)]
  0x00000222566b1700 JavaThread "SCR Component Registry"     daemon [_thread_blocked, id=6260, stack(0x00000045fe500000,0x00000045fe600000) (1024K)]
  0x00000222566b1d90 JavaThread "Worker-JM"                         [_thread_blocked, id=12388, stack(0x00000045fe700000,0x00000045fe800000) (1024K)]
Total: 18

Other Threads:
  0x00000222565573c0 VMThread "VM Thread"                           [id=23336, stack(0x00000045fce00000,0x00000045fcf00000) (1024K)]
  0x0000022256545960 WatcherThread "VM Periodic Task Thread"        [id=12728, stack(0x00000045fcd00000,0x00000045fce00000) (1024K)]
  0x000002223c97a250 WorkerThread "GC Thread#0"                     [id=18516, stack(0x00000045fc800000,0x00000045fc900000) (1024K)]
  0x000002229c04dbf0 WorkerThread "GC Thread#1"                     [id=2776, stack(0x00000045fdb00000,0x00000045fdc00000) (1024K)]
  0x000002229c434170 WorkerThread "GC Thread#2"                     [id=24248, stack(0x00000045fdc00000,0x00000045fdd00000) (1024K)]
  0x000002229c434510 WorkerThread "GC Thread#3"                     [id=3324, stack(0x00000045fdd00000,0x00000045fde00000) (1024K)]
  0x000002229c7364d0 WorkerThread "GC Thread#4"                     [id=12820, stack(0x00000045fde00000,0x00000045fdf00000) (1024K)]
  0x000002229c085b60 WorkerThread "GC Thread#5"                     [id=23920, stack(0x00000045fdf00000,0x00000045fe000000) (1024K)]
  0x000002229c086310 WorkerThread "GC Thread#6"                     [id=6624, stack(0x00000045fe000000,0x00000045fe100000) (1024K)]
  0x000002229c9298f0 WorkerThread "GC Thread#7"                     [id=21684, stack(0x00000045fda00000,0x00000045fdb00000) (1024K)]
  0x000002223c98a870 ConcurrentGCThread "G1 Main Marker"            [id=5692, stack(0x00000045fc900000,0x00000045fca00000) (1024K)]
  0x000002223c98f2a0 WorkerThread "G1 Conc#0"                       [id=15656, stack(0x00000045fca00000,0x00000045fcb00000) (1024K)]
  0x000002225641e180 ConcurrentGCThread "G1 Refine#0"               [id=17880, stack(0x00000045fcb00000,0x00000045fcc00000) (1024K)]
  0x000002225641e9a0 ConcurrentGCThread "G1 Service"                [id=14296, stack(0x00000045fcc00000,0x00000045fcd00000) (1024K)]
Total: 14

Threads with active compile tasks:
C2 CompilerThread0  2782 2179       4       java.util.Properties::loadConvert (540 bytes)
C2 CompilerThread1  2782 2178 %     4       java.util.Properties$LineReader::readLine @ 53 (584 bytes)
Total: 2

VM state: not at safepoint (normal execution)

VM Mutex/Monitor currently owned by a thread: None

Heap address: 0x0000000709c00000, size: 3940 MB, Compressed Oops mode: Zero based, Oop shift amount: 3

CDS archive(s) mapped at: [0x0000022257000000-0x0000022257ba0000-0x0000022257ba0000), size 12189696, SharedBaseAddress: 0x0000022257000000, ArchiveRelocationMode: 1.
Compressed class space mapped at: 0x0000022258000000-0x0000022298000000, reserved size: 1073741824
Narrow klass base: 0x0000022257000000, Narrow klass shift: 0, Narrow klass range: 0x100000000

GC Precious Log:
 CardTable entry size: 512
 Card Set container configuration: InlinePtr #cards 4 size 8 Array Of Cards #cards 16 size 48 Howl #buckets 8 coarsen threshold 3686 Howl Bitmap #cards 512 size 80 coarsen threshold 460 Card regions per heap region 1 cards per card region 4096
 CPUs: 8 total, 8 available
 Memory: 15754M
 Large Page Support: Disabled
 NUMA Support: Disabled
 Compressed Oops: Enabled (Zero based)
 Heap Region Size: 2M
 Heap Min Capacity: 8M
 Heap Initial Capacity: 248M
 Heap Max Capacity: 3940M
 Pre-touch: Disabled
 Parallel Workers: 8
 Concurrent Workers: 2
 Concurrent Refinement Workers: 8
 Periodic GC: Disabled

Heap:
 garbage-first heap   total 253952K, used 26340K [0x0000000709c00000, 0x0000000800000000)
  region size 2048K, 13 young (26624K), 2 survivors (4096K)
 Metaspace       used 12618K, committed 13056K, reserved 1114112K
  class space    used 1270K, committed 1472K, reserved 1048576K

Heap Regions: E=young(eden), S=young(survivor), O=old, HS=humongous(starts), HC=humongous(continues), CS=collection set, F=free, TAMS=top-at-mark-start, PB=parsable bottom
|   0|0x0000000709c00000, 0x0000000709e00000, 0x0000000709e00000|100%| O|  |TAMS 0x0000000709c00000| PB 0x0000000709c00000| Untracked 
|   1|0x0000000709e00000, 0x0000000709f3a820, 0x000000070a000000| 61%| O|  |TAMS 0x0000000709e00000| PB 0x0000000709e00000| Untracked 
|   2|0x000000070a000000, 0x000000070a000000, 0x000000070a200000|  0%| F|  |TAMS 0x000000070a000000| PB 0x000000070a000000| Untracked 
|   3|0x000000070a200000, 0x000000070a200000, 0x000000070a400000|  0%| F|  |TAMS 0x000000070a200000| PB 0x000000070a200000| Untracked 
|   4|0x000000070a400000, 0x000000070a400000, 0x000000070a600000|  0%| F|  |TAMS 0x000000070a400000| PB 0x000000070a400000| Untracked 
|   5|0x000000070a600000, 0x000000070a600000, 0x000000070a800000|  0%| F|  |TAMS 0x000000070a600000| PB 0x000000070a600000| Untracked 
|   6|0x000000070a800000, 0x000000070a800000, 0x000000070aa00000|  0%| F|  |TAMS 0x000000070a800000| PB 0x000000070a800000| Untracked 
|   7|0x000000070aa00000, 0x000000070aa00000, 0x000000070ac00000|  0%| F|  |TAMS 0x000000070aa00000| PB 0x000000070aa00000| Untracked 
|   8|0x000000070ac00000, 0x000000070ac00000, 0x000000070ae00000|  0%| F|  |TAMS 0x000000070ac00000| PB 0x000000070ac00000| Untracked 
|   9|0x000000070ae00000, 0x000000070ae00000, 0x000000070b000000|  0%| F|  |TAMS 0x000000070ae00000| PB 0x000000070ae00000| Untracked 
|  10|0x000000070b000000, 0x000000070b000000, 0x000000070b200000|  0%| F|  |TAMS 0x000000070b000000| PB 0x000000070b000000| Untracked 
|  11|0x000000070b200000, 0x000000070b200000, 0x000000070b400000|  0%| F|  |TAMS 0x000000070b200000| PB 0x000000070b200000| Untracked 
|  12|0x000000070b400000, 0x000000070b400000, 0x000000070b600000|  0%| F|  |TAMS 0x000000070b400000| PB 0x000000070b400000| Untracked 
|  13|0x000000070b600000, 0x000000070b600000, 0x000000070b800000|  0%| F|  |TAMS 0x000000070b600000| PB 0x000000070b600000| Untracked 
|  14|0x000000070b800000, 0x000000070b800000, 0x000000070ba00000|  0%| F|  |TAMS 0x000000070b800000| PB 0x000000070b800000| Untracked 
|  15|0x000000070ba00000, 0x000000070ba00000, 0x000000070bc00000|  0%| F|  |TAMS 0x000000070ba00000| PB 0x000000070ba00000| Untracked 
|  16|0x000000070bc00000, 0x000000070bc00000, 0x000000070be00000|  0%| F|  |TAMS 0x000000070bc00000| PB 0x000000070bc00000| Untracked 
|  17|0x000000070be00000, 0x000000070be00000, 0x000000070c000000|  0%| F|  |TAMS 0x000000070be00000| PB 0x000000070be00000| Untracked 
|  18|0x000000070c000000, 0x000000070c000000, 0x000000070c200000|  0%| F|  |TAMS 0x000000070c000000| PB 0x000000070c000000| Untracked 
|  19|0x000000070c200000, 0x000000070c200000, 0x000000070c400000|  0%| F|  |TAMS 0x000000070c200000| PB 0x000000070c200000| Untracked 
|  20|0x000000070c400000, 0x000000070c400000, 0x000000070c600000|  0%| F|  |TAMS 0x000000070c400000| PB 0x000000070c400000| Untracked 
|  21|0x000000070c600000, 0x000000070c600000, 0x000000070c800000|  0%| F|  |TAMS 0x000000070c600000| PB 0x000000070c600000| Untracked 
|  22|0x000000070c800000, 0x000000070c800000, 0x000000070ca00000|  0%| F|  |TAMS 0x000000070c800000| PB 0x000000070c800000| Untracked 
|  23|0x000000070ca00000, 0x000000070ca00000, 0x000000070cc00000|  0%| F|  |TAMS 0x000000070ca00000| PB 0x000000070ca00000| Untracked 
|  24|0x000000070cc00000, 0x000000070cc00000, 0x000000070ce00000|  0%| F|  |TAMS 0x000000070cc00000| PB 0x000000070cc00000| Untracked 
|  25|0x000000070ce00000, 0x000000070ce00000, 0x000000070d000000|  0%| F|  |TAMS 0x000000070ce00000| PB 0x000000070ce00000| Untracked 
|  26|0x000000070d000000, 0x000000070d000000, 0x000000070d200000|  0%| F|  |TAMS 0x000000070d000000| PB 0x000000070d000000| Untracked 
|  27|0x000000070d200000, 0x000000070d200000, 0x000000070d400000|  0%| F|  |TAMS 0x000000070d200000| PB 0x000000070d200000| Untracked 
|  28|0x000000070d400000, 0x000000070d400000, 0x000000070d600000|  0%| F|  |TAMS 0x000000070d400000| PB 0x000000070d400000| Untracked 
|  29|0x000000070d600000, 0x000000070d600000, 0x000000070d800000|  0%| F|  |TAMS 0x000000070d600000| PB 0x000000070d600000| Untracked 
|  30|0x000000070d800000, 0x000000070d800000, 0x000000070da00000|  0%| F|  |TAMS 0x000000070d800000| PB 0x000000070d800000| Untracked 
|  31|0x000000070da00000, 0x000000070da00000, 0x000000070dc00000|  0%| F|  |TAMS 0x000000070da00000| PB 0x000000070da00000| Untracked 
|  32|0x000000070dc00000, 0x000000070dc00000, 0x000000070de00000|  0%| F|  |TAMS 0x000000070dc00000| PB 0x000000070dc00000| Untracked 
|  33|0x000000070de00000, 0x000000070de00000, 0x000000070e000000|  0%| F|  |TAMS 0x000000070de00000| PB 0x000000070de00000| Untracked 
|  34|0x000000070e000000, 0x000000070e000000, 0x000000070e200000|  0%| F|  |TAMS 0x000000070e000000| PB 0x000000070e000000| Untracked 
|  35|0x000000070e200000, 0x000000070e200000, 0x000000070e400000|  0%| F|  |TAMS 0x000000070e200000| PB 0x000000070e200000| Untracked 
|  36|0x000000070e400000, 0x000000070e400000, 0x000000070e600000|  0%| F|  |TAMS 0x000000070e400000| PB 0x000000070e400000| Untracked 
|  37|0x000000070e600000, 0x000000070e600000, 0x000000070e800000|  0%| F|  |TAMS 0x000000070e600000| PB 0x000000070e600000| Untracked 
|  38|0x000000070e800000, 0x000000070e800000, 0x000000070ea00000|  0%| F|  |TAMS 0x000000070e800000| PB 0x000000070e800000| Untracked 
|  39|0x000000070ea00000, 0x000000070ea00000, 0x000000070ec00000|  0%| F|  |TAMS 0x000000070ea00000| PB 0x000000070ea00000| Untracked 
|  40|0x000000070ec00000, 0x000000070ec00000, 0x000000070ee00000|  0%| F|  |TAMS 0x000000070ec00000| PB 0x000000070ec00000| Untracked 
|  41|0x000000070ee00000, 0x000000070ee00000, 0x000000070f000000|  0%| F|  |TAMS 0x000000070ee00000| PB 0x000000070ee00000| Untracked 
|  42|0x000000070f000000, 0x000000070f000000, 0x000000070f200000|  0%| F|  |TAMS 0x000000070f000000| PB 0x000000070f000000| Untracked 
|  43|0x000000070f200000, 0x000000070f200000, 0x000000070f400000|  0%| F|  |TAMS 0x000000070f200000| PB 0x000000070f200000| Untracked 
|  44|0x000000070f400000, 0x000000070f400000, 0x000000070f600000|  0%| F|  |TAMS 0x000000070f400000| PB 0x000000070f400000| Untracked 
|  45|0x000000070f600000, 0x000000070f600000, 0x000000070f800000|  0%| F|  |TAMS 0x000000070f600000| PB 0x000000070f600000| Untracked 
|  46|0x000000070f800000, 0x000000070f800000, 0x000000070fa00000|  0%| F|  |TAMS 0x000000070f800000| PB 0x000000070f800000| Untracked 
|  47|0x000000070fa00000, 0x000000070fa00000, 0x000000070fc00000|  0%| F|  |TAMS 0x000000070fa00000| PB 0x000000070fa00000| Untracked 
|  48|0x000000070fc00000, 0x000000070fc00000, 0x000000070fe00000|  0%| F|  |TAMS 0x000000070fc00000| PB 0x000000070fc00000| Untracked 
|  49|0x000000070fe00000, 0x000000070fe00000, 0x0000000710000000|  0%| F|  |TAMS 0x000000070fe00000| PB 0x000000070fe00000| Untracked 
|  50|0x0000000710000000, 0x0000000710000000, 0x0000000710200000|  0%| F|  |TAMS 0x0000000710000000| PB 0x0000000710000000| Untracked 
|  51|0x0000000710200000, 0x0000000710200000, 0x0000000710400000|  0%| F|  |TAMS 0x0000000710200000| PB 0x0000000710200000| Untracked 
|  52|0x0000000710400000, 0x0000000710400000, 0x0000000710600000|  0%| F|  |TAMS 0x0000000710400000| PB 0x0000000710400000| Untracked 
|  53|0x0000000710600000, 0x0000000710600000, 0x0000000710800000|  0%| F|  |TAMS 0x0000000710600000| PB 0x0000000710600000| Untracked 
|  54|0x0000000710800000, 0x0000000710800000, 0x0000000710a00000|  0%| F|  |TAMS 0x0000000710800000| PB 0x0000000710800000| Untracked 
|  55|0x0000000710a00000, 0x0000000710a00000, 0x0000000710c00000|  0%| F|  |TAMS 0x0000000710a00000| PB 0x0000000710a00000| Untracked 
|  56|0x0000000710c00000, 0x0000000710c00000, 0x0000000710e00000|  0%| F|  |TAMS 0x0000000710c00000| PB 0x0000000710c00000| Untracked 
|  57|0x0000000710e00000, 0x0000000710e00000, 0x0000000711000000|  0%| F|  |TAMS 0x0000000710e00000| PB 0x0000000710e00000| Untracked 
|  58|0x0000000711000000, 0x0000000711000000, 0x0000000711200000|  0%| F|  |TAMS 0x0000000711000000| PB 0x0000000711000000| Untracked 
|  59|0x0000000711200000, 0x0000000711200000, 0x0000000711400000|  0%| F|  |TAMS 0x0000000711200000| PB 0x0000000711200000| Untracked 
|  60|0x0000000711400000, 0x0000000711400000, 0x0000000711600000|  0%| F|  |TAMS 0x0000000711400000| PB 0x0000000711400000| Untracked 
|  61|0x0000000711600000, 0x0000000711600000, 0x0000000711800000|  0%| F|  |TAMS 0x0000000711600000| PB 0x0000000711600000| Untracked 
|  62|0x0000000711800000, 0x0000000711800000, 0x0000000711a00000|  0%| F|  |TAMS 0x0000000711800000| PB 0x0000000711800000| Untracked 
|  63|0x0000000711a00000, 0x0000000711a00000, 0x0000000711c00000|  0%| F|  |TAMS 0x0000000711a00000| PB 0x0000000711a00000| Untracked 
|  64|0x0000000711c00000, 0x0000000711c00000, 0x0000000711e00000|  0%| F|  |TAMS 0x0000000711c00000| PB 0x0000000711c00000| Untracked 
|  65|0x0000000711e00000, 0x0000000711e00000, 0x0000000712000000|  0%| F|  |TAMS 0x0000000711e00000| PB 0x0000000711e00000| Untracked 
|  66|0x0000000712000000, 0x0000000712000000, 0x0000000712200000|  0%| F|  |TAMS 0x0000000712000000| PB 0x0000000712000000| Untracked 
|  67|0x0000000712200000, 0x0000000712200000, 0x0000000712400000|  0%| F|  |TAMS 0x0000000712200000| PB 0x0000000712200000| Untracked 
|  68|0x0000000712400000, 0x0000000712400000, 0x0000000712600000|  0%| F|  |TAMS 0x0000000712400000| PB 0x0000000712400000| Untracked 
|  69|0x0000000712600000, 0x0000000712600000, 0x0000000712800000|  0%| F|  |TAMS 0x0000000712600000| PB 0x0000000712600000| Untracked 
|  70|0x0000000712800000, 0x0000000712800000, 0x0000000712a00000|  0%| F|  |TAMS 0x0000000712800000| PB 0x0000000712800000| Untracked 
|  71|0x0000000712a00000, 0x0000000712a00000, 0x0000000712c00000|  0%| F|  |TAMS 0x0000000712a00000| PB 0x0000000712a00000| Untracked 
|  72|0x0000000712c00000, 0x0000000712c00000, 0x0000000712e00000|  0%| F|  |TAMS 0x0000000712c00000| PB 0x0000000712c00000| Untracked 
|  73|0x0000000712e00000, 0x0000000712e00000, 0x0000000713000000|  0%| F|  |TAMS 0x0000000712e00000| PB 0x0000000712e00000| Untracked 
|  74|0x0000000713000000, 0x0000000713000000, 0x0000000713200000|  0%| F|  |TAMS 0x0000000713000000| PB 0x0000000713000000| Untracked 
|  75|0x0000000713200000, 0x0000000713200000, 0x0000000713400000|  0%| F|  |TAMS 0x0000000713200000| PB 0x0000000713200000| Untracked 
|  76|0x0000000713400000, 0x0000000713400000, 0x0000000713600000|  0%| F|  |TAMS 0x0000000713400000| PB 0x0000000713400000| Untracked 
|  77|0x0000000713600000, 0x0000000713600000, 0x0000000713800000|  0%| F|  |TAMS 0x0000000713600000| PB 0x0000000713600000| Untracked 
|  78|0x0000000713800000, 0x0000000713800000, 0x0000000713a00000|  0%| F|  |TAMS 0x0000000713800000| PB 0x0000000713800000| Untracked 
|  79|0x0000000713a00000, 0x0000000713a00000, 0x0000000713c00000|  0%| F|  |TAMS 0x0000000713a00000| PB 0x0000000713a00000| Untracked 
|  80|0x0000000713c00000, 0x0000000713c00000, 0x0000000713e00000|  0%| F|  |TAMS 0x0000000713c00000| PB 0x0000000713c00000| Untracked 
|  81|0x0000000713e00000, 0x0000000713e00000, 0x0000000714000000|  0%| F|  |TAMS 0x0000000713e00000| PB 0x0000000713e00000| Untracked 
|  82|0x0000000714000000, 0x0000000714000000, 0x0000000714200000|  0%| F|  |TAMS 0x0000000714000000| PB 0x0000000714000000| Untracked 
|  83|0x0000000714200000, 0x0000000714200000, 0x0000000714400000|  0%| F|  |TAMS 0x0000000714200000| PB 0x0000000714200000| Untracked 
|  84|0x0000000714400000, 0x0000000714400000, 0x0000000714600000|  0%| F|  |TAMS 0x0000000714400000| PB 0x0000000714400000| Untracked 
|  85|0x0000000714600000, 0x0000000714600000, 0x0000000714800000|  0%| F|  |TAMS 0x0000000714600000| PB 0x0000000714600000| Untracked 
|  86|0x0000000714800000, 0x0000000714800000, 0x0000000714a00000|  0%| F|  |TAMS 0x0000000714800000| PB 0x0000000714800000| Untracked 
|  87|0x0000000714a00000, 0x0000000714a00000, 0x0000000714c00000|  0%| F|  |TAMS 0x0000000714a00000| PB 0x0000000714a00000| Untracked 
|  88|0x0000000714c00000, 0x0000000714c00000, 0x0000000714e00000|  0%| F|  |TAMS 0x0000000714c00000| PB 0x0000000714c00000| Untracked 
|  89|0x0000000714e00000, 0x0000000714e00000, 0x0000000715000000|  0%| F|  |TAMS 0x0000000714e00000| PB 0x0000000714e00000| Untracked 
|  90|0x0000000715000000, 0x0000000715000000, 0x0000000715200000|  0%| F|  |TAMS 0x0000000715000000| PB 0x0000000715000000| Untracked 
|  91|0x0000000715200000, 0x0000000715200000, 0x0000000715400000|  0%| F|  |TAMS 0x0000000715200000| PB 0x0000000715200000| Untracked 
|  92|0x0000000715400000, 0x0000000715400000, 0x0000000715600000|  0%| F|  |TAMS 0x0000000715400000| PB 0x0000000715400000| Untracked 
|  93|0x0000000715600000, 0x0000000715600000, 0x0000000715800000|  0%| F|  |TAMS 0x0000000715600000| PB 0x0000000715600000| Untracked 
|  94|0x0000000715800000, 0x0000000715800000, 0x0000000715a00000|  0%| F|  |TAMS 0x0000000715800000| PB 0x0000000715800000| Untracked 
|  95|0x0000000715a00000, 0x0000000715a00000, 0x0000000715c00000|  0%| F|  |TAMS 0x0000000715a00000| PB 0x0000000715a00000| Untracked 
|  96|0x0000000715c00000, 0x0000000715c00000, 0x0000000715e00000|  0%| F|  |TAMS 0x0000000715c00000| PB 0x0000000715c00000| Untracked 
|  97|0x0000000715e00000, 0x0000000715e00000, 0x0000000716000000|  0%| F|  |TAMS 0x0000000715e00000| PB 0x0000000715e00000| Untracked 
|  98|0x0000000716000000, 0x0000000716000000, 0x0000000716200000|  0%| F|  |TAMS 0x0000000716000000| PB 0x0000000716000000| Untracked 
|  99|0x0000000716200000, 0x0000000716200000, 0x0000000716400000|  0%| F|  |TAMS 0x0000000716200000| PB 0x0000000716200000| Untracked 
| 100|0x0000000716400000, 0x0000000716400000, 0x0000000716600000|  0%| F|  |TAMS 0x0000000716400000| PB 0x0000000716400000| Untracked 
| 101|0x0000000716600000, 0x0000000716600000, 0x0000000716800000|  0%| F|  |TAMS 0x0000000716600000| PB 0x0000000716600000| Untracked 
| 102|0x0000000716800000, 0x0000000716800000, 0x0000000716a00000|  0%| F|  |TAMS 0x0000000716800000| PB 0x0000000716800000| Untracked 
| 103|0x0000000716a00000, 0x0000000716a00000, 0x0000000716c00000|  0%| F|  |TAMS 0x0000000716a00000| PB 0x0000000716a00000| Untracked 
| 104|0x0000000716c00000, 0x0000000716c00000, 0x0000000716e00000|  0%| F|  |TAMS 0x0000000716c00000| PB 0x0000000716c00000| Untracked 
| 105|0x0000000716e00000, 0x0000000716e7e980, 0x0000000717000000| 24%| S|CS|TAMS 0x0000000716e00000| PB 0x0000000716e00000| Complete 
| 106|0x0000000717000000, 0x0000000717200000, 0x0000000717200000|100%| S|CS|TAMS 0x0000000717000000| PB 0x0000000717000000| Complete 
| 107|0x0000000717200000, 0x0000000717200000, 0x0000000717400000|  0%| F|  |TAMS 0x0000000717200000| PB 0x0000000717200000| Untracked 
| 108|0x0000000717400000, 0x0000000717400000, 0x0000000717600000|  0%| F|  |TAMS 0x0000000717400000| PB 0x0000000717400000| Untracked 
| 109|0x0000000717600000, 0x0000000717600000, 0x0000000717800000|  0%| F|  |TAMS 0x0000000717600000| PB 0x0000000717600000| Untracked 
| 110|0x0000000717800000, 0x0000000717800000, 0x0000000717a00000|  0%| F|  |TAMS 0x0000000717800000| PB 0x0000000717800000| Untracked 
| 111|0x0000000717a00000, 0x0000000717a00000, 0x0000000717c00000|  0%| F|  |TAMS 0x0000000717a00000| PB 0x0000000717a00000| Untracked 
| 112|0x0000000717c00000, 0x0000000717c00000, 0x0000000717e00000|  0%| F|  |TAMS 0x0000000717c00000| PB 0x0000000717c00000| Untracked 
| 113|0x0000000717e00000, 0x0000000717eac048, 0x0000000718000000| 33%| E|  |TAMS 0x0000000717e00000| PB 0x0000000717e00000| Complete 
| 114|0x0000000718000000, 0x0000000718200000, 0x0000000718200000|100%| E|CS|TAMS 0x0000000718000000| PB 0x0000000718000000| Complete 
| 115|0x0000000718200000, 0x0000000718400000, 0x0000000718400000|100%| E|CS|TAMS 0x0000000718200000| PB 0x0000000718200000| Complete 
| 116|0x0000000718400000, 0x0000000718600000, 0x0000000718600000|100%| E|CS|TAMS 0x0000000718400000| PB 0x0000000718400000| Complete 
| 117|0x0000000718600000, 0x0000000718800000, 0x0000000718800000|100%| E|CS|TAMS 0x0000000718600000| PB 0x0000000718600000| Complete 
| 118|0x0000000718800000, 0x0000000718a00000, 0x0000000718a00000|100%| E|CS|TAMS 0x0000000718800000| PB 0x0000000718800000| Complete 
| 119|0x0000000718a00000, 0x0000000718c00000, 0x0000000718c00000|100%| E|CS|TAMS 0x0000000718a00000| PB 0x0000000718a00000| Complete 
| 120|0x0000000718c00000, 0x0000000718e00000, 0x0000000718e00000|100%| E|CS|TAMS 0x0000000718c00000| PB 0x0000000718c00000| Complete 
| 121|0x0000000718e00000, 0x0000000719000000, 0x0000000719000000|100%| E|CS|TAMS 0x0000000718e00000| PB 0x0000000718e00000| Complete 
| 122|0x0000000719000000, 0x0000000719200000, 0x0000000719200000|100%| E|CS|TAMS 0x0000000719000000| PB 0x0000000719000000| Complete 
| 123|0x0000000719200000, 0x0000000719400000, 0x0000000719400000|100%| E|CS|TAMS 0x0000000719200000| PB 0x0000000719200000| Complete 

Card table byte_map: [0x000002224f5f0000,0x000002224fdb0000] _byte_map_base: 0x000002224bda2000

Marking Bits: (CMBitMap*) 0x000002223c97a950
 Bits: [0x000002224fdb0000, 0x0000022253b40000)

Polling page: 0x000002223a910000

Metaspace:

Usage:
  Non-class:     11.11 MB used.
      Class:      1.25 MB used.
       Both:     12.36 MB used.

Virtual space:
  Non-class space:       64.00 MB reserved,      11.38 MB ( 18%) committed,  1 nodes.
      Class space:        1.00 GB reserved,       1.44 MB ( <1%) committed,  1 nodes.
             Both:        1.06 GB reserved,      12.81 MB (  1%) committed. 

Chunk freelists:
   Non-Class:  4.30 MB
       Class:  14.50 MB
        Both:  18.81 MB

MaxMetaspaceSize: unlimited
CompressedClassSpaceSize: 1.00 GB
Initial GC threshold: 21.00 MB
Current GC threshold: 21.00 MB
CDS: on
 - commit_granule_bytes: 65536.
 - commit_granule_words: 8192.
 - virtual_space_node_default_size: 8388608.
 - enlarge_chunks_in_place: 1.
 - use_allocation_guard: 0.


Internal statistics:

num_allocs_failed_limit: 0.
num_arena_births: 328.
num_arena_deaths: 0.
num_vsnodes_births: 2.
num_vsnodes_deaths: 0.
num_space_committed: 205.
num_space_uncommitted: 0.
num_chunks_returned_to_freelist: 0.
num_chunks_taken_from_freelist: 742.
num_chunk_merges: 0.
num_chunk_splits: 492.
num_chunks_enlarged: 312.
num_inconsistent_stats: 0.

CodeHeap 'non-profiled nmethods': size=120000Kb used=972Kb max_used=972Kb free=119027Kb
 bounds [0x00000222475d0000, 0x0000022247840000, 0x000002224eb00000]
CodeHeap 'profiled nmethods': size=120000Kb used=4340Kb max_used=4340Kb free=115659Kb
 bounds [0x000002223fb00000, 0x000002223ff40000, 0x0000022247030000]
CodeHeap 'non-nmethods': size=5760Kb used=1437Kb max_used=1451Kb free=4322Kb
 bounds [0x0000022247030000, 0x00000222472a0000, 0x00000222475d0000]
 total_blobs=2757 nmethods=2235 adapters=426
 compilation: enabled
              stopped_count=0, restarted_count=0
 full_count=0

Compilation events (20 events):
Event: 2.728 Thread 0x00000222565a9c00 nmethod 2167 0x00000222476c1a10 code [0x00000222476c1ba0, 0x00000222476c1c70]
Event: 2.728 Thread 0x00000222565a9c00 2168       1       java.lang.reflect.Field::getType (5 bytes)
Event: 2.728 Thread 0x00000222565a9c00 nmethod 2168 0x00000222476c1d10 code [0x00000222476c1ea0, 0x00000222476c1f70]
Event: 2.728 Thread 0x00000222565a9c00 2170       1       java.lang.reflect.AccessibleObject::isAccessible (5 bytes)
Event: 2.729 Thread 0x00000222565a9c00 nmethod 2170 0x00000222476c2010 code [0x00000222476c21a0, 0x00000222476c2270]
Event: 2.734 Thread 0x00000222565a9c00 2171       3       jdk.internal.misc.Unsafe::weakCompareAndSetInt (11 bytes)
Event: 2.734 Thread 0x00000222565a9c00 nmethod 2171 0x000002223ff15510 code [0x000002223ff156a0, 0x000002223ff157c8]
Event: 2.740 Thread 0x0000022256728810 2172       4       java.lang.CharacterDataLatin1::isWhitespace (23 bytes)
Event: 2.740 Thread 0x00000222565a9c00 2173       3       org.eclipse.osgi.internal.framework.FilterImpl$Equal::compare_String (25 bytes)
Event: 2.740 Thread 0x00000222565a9c00 nmethod 2173 0x000002223ff15890 code [0x000002223ff15a40, 0x000002223ff15d08]
Event: 2.740 Thread 0x00000222565a9c00 2174       3       org.eclipse.osgi.internal.framework.FilterImpl$Equal::comparison (8 bytes)
Event: 2.740 Thread 0x00000222565a9c00 nmethod 2174 0x000002223ff15e10 code [0x000002223ff15fc0, 0x000002223ff16130]
Event: 2.741 Thread 0x0000022256728810 nmethod 2172 0x00000222476c2310 code [0x00000222476c24a0, 0x00000222476c2570]
Event: 2.751 Thread 0x00000222565a9c00 2175       3       jdk.internal.reflect.ReflectionFactory::copyField (11 bytes)
Event: 2.752 Thread 0x00000222565a9c00 nmethod 2175 0x000002223ff16210 code [0x000002223ff163c0, 0x000002223ff165b8]
Event: 2.752 Thread 0x00000222565a9c00 2176       3       java.lang.reflect.ReflectAccess::copyField (5 bytes)
Event: 2.752 Thread 0x00000222565a9c00 nmethod 2176 0x000002223ff16710 code [0x000002223ff168c0, 0x000002223ff16a00]
Event: 2.752 Thread 0x00000222565a9c00 2177       3       java.util.concurrent.ConcurrentHashMap$BaseIterator::<init> (21 bytes)
Event: 2.752 Thread 0x00000222565a9c00 nmethod 2177 0x000002223ff16b10 code [0x000002223ff16cc0, 0x000002223ff16ea0]
Event: 2.752 Thread 0x0000022256728810 2178 %     4       java.util.Properties$LineReader::readLine @ 53 (584 bytes)

GC Heap History (4 events):
Event: 0.867 GC heap before
{Heap before GC invocations=0 (full 0):
 garbage-first heap   total 253952K, used 22528K [0x0000000709c00000, 0x0000000800000000)
  region size 2048K, 11 young (22528K), 0 survivors (0K)
 Metaspace       used 3813K, committed 4096K, reserved 1114112K
  class space    used 390K, committed 512K, reserved 1048576K
}
Event: 0.877 GC heap after
{Heap after GC invocations=1 (full 0):
 garbage-first heap   total 253952K, used 4070K [0x0000000709c00000, 0x0000000800000000)
  region size 2048K, 2 young (4096K), 2 survivors (4096K)
 Metaspace       used 3813K, committed 4096K, reserved 1114112K
  class space    used 390K, committed 512K, reserved 1048576K
}
Event: 2.218 GC heap before
{Heap before GC invocations=1 (full 0):
 garbage-first heap   total 253952K, used 32742K [0x0000000709c00000, 0x0000000800000000)
  region size 2048K, 17 young (34816K), 2 survivors (4096K)
 Metaspace       used 9029K, committed 9344K, reserved 1114112K
  class space    used 911K, committed 1088K, reserved 1048576K
}
Event: 2.224 GC heap after
{Heap after GC invocations=2 (full 0):
 garbage-first heap   total 253952K, used 5860K [0x0000000709c00000, 0x0000000800000000)
  region size 2048K, 2 young (4096K), 2 survivors (4096K)
 Metaspace       used 9029K, committed 9344K, reserved 1114112K
  class space    used 911K, committed 1088K, reserved 1048576K
}

Dll operation events (9 events):
Event: 0.012 Loaded shared library c:\Users\moon\.vscode\extensions\redhat.java-1.41.1-win32-x64\jre\21.0.6-win32-x86_64\bin\java.dll
Event: 0.048 Loaded shared library c:\Users\moon\.vscode\extensions\redhat.java-1.41.1-win32-x64\jre\21.0.6-win32-x86_64\bin\zip.dll
Event: 0.158 Loaded shared library C:\Users\moon\.vscode\extensions\redhat.java-1.41.1-win32-x64\jre\21.0.6-win32-x86_64\bin\instrument.dll
Event: 0.164 Loaded shared library C:\Users\moon\.vscode\extensions\redhat.java-1.41.1-win32-x64\jre\21.0.6-win32-x86_64\bin\net.dll
Event: 0.168 Loaded shared library C:\Users\moon\.vscode\extensions\redhat.java-1.41.1-win32-x64\jre\21.0.6-win32-x86_64\bin\nio.dll
Event: 0.174 Loaded shared library C:\Users\moon\.vscode\extensions\redhat.java-1.41.1-win32-x64\jre\21.0.6-win32-x86_64\bin\zip.dll
Event: 0.190 Loaded shared library C:\Users\moon\.vscode\extensions\redhat.java-1.41.1-win32-x64\jre\21.0.6-win32-x86_64\bin\jimage.dll
Event: 0.275 Loaded shared library c:\Users\moon\.vscode\extensions\redhat.java-1.41.1-win32-x64\jre\21.0.6-win32-x86_64\bin\verify.dll
Event: 2.001 Loaded shared library C:\Users\moon\AppData\Roaming\Code\User\globalStorage\redhat.java\1.41.1\config_ss_win\org.eclipse.equinox.launcher\org.eclipse.equinox.launcher.win32.win32.x86_64_1.2.1300.v20250331-1702\eclipse_11911.dll

Deoptimization events (20 events):
Event: 2.612 Thread 0x00000222566b3140 Uncommon trap: trap_request=0xffffff45 fr.pc=0x0000022247631e54 relative=0x0000000000000474
Event: 2.612 Thread 0x00000222566b3140 Uncommon trap: reason=unstable_if action=reinterpret pc=0x0000022247631e54 method=java.util.jar.Manifest$FastInputStream.readLine([BII)I @ 106 c2
Event: 2.612 Thread 0x00000222566b3140 DEOPT PACKING pc=0x0000022247631e54 sp=0x00000045fe3fe1a0
Event: 2.612 Thread 0x00000222566b3140 DEOPT UNPACKING pc=0x00000222470846a2 sp=0x00000045fe3fe0d8 mode 2
Event: 2.612 Thread 0x00000222566b3140 Uncommon trap: trap_request=0xffffff45 fr.pc=0x0000022247623340 relative=0x00000000000004e0
Event: 2.612 Thread 0x00000222566b3140 Uncommon trap: reason=unstable_if action=reinterpret pc=0x0000022247623340 method=java.util.jar.Manifest$FastInputStream.readLine([BII)I @ 106 c2
Event: 2.612 Thread 0x00000222566b3140 DEOPT PACKING pc=0x0000022247623340 sp=0x00000045fe3fe130
Event: 2.612 Thread 0x00000222566b3140 DEOPT UNPACKING pc=0x00000222470846a2 sp=0x00000045fe3fe0e0 mode 2
Event: 2.612 Thread 0x00000222566b3140 Uncommon trap: trap_request=0xffffff45 fr.pc=0x0000022247635ddc relative=0x00000000000000bc
Event: 2.612 Thread 0x00000222566b3140 Uncommon trap: reason=unstable_if action=reinterpret pc=0x0000022247635ddc method=java.util.jar.Manifest$FastInputStream.peek()B @ 23 c2
Event: 2.612 Thread 0x00000222566b3140 DEOPT PACKING pc=0x0000022247635ddc sp=0x00000045fe3fe200
Event: 2.612 Thread 0x00000222566b3140 DEOPT UNPACKING pc=0x00000222470846a2 sp=0x00000045fe3fe198 mode 2
Event: 2.635 Thread 0x00000222566b3140 Uncommon trap: trap_request=0xffffff45 fr.pc=0x00000222476b9464 relative=0x00000000000005a4
Event: 2.635 Thread 0x00000222566b3140 Uncommon trap: reason=unstable_if action=reinterpret pc=0x00000222476b9464 method=java.io.BufferedInputStream.implRead()I @ 8 c2
Event: 2.635 Thread 0x00000222566b3140 DEOPT PACKING pc=0x00000222476b9464 sp=0x00000045fe3f7cd0
Event: 2.635 Thread 0x00000222566b3140 DEOPT UNPACKING pc=0x00000222470846a2 sp=0x00000045fe3f7b58 mode 2
Event: 2.641 Thread 0x00000222566b3140 Uncommon trap: trap_request=0xffffff45 fr.pc=0x00000222476aad94 relative=0x00000000000004f4
Event: 2.641 Thread 0x00000222566b3140 Uncommon trap: reason=unstable_if action=reinterpret pc=0x00000222476aad94 method=java.io.BufferedInputStream.implRead()I @ 8 c2
Event: 2.641 Thread 0x00000222566b3140 DEOPT PACKING pc=0x00000222476aad94 sp=0x00000045fe3f7ab0
Event: 2.641 Thread 0x00000222566b3140 DEOPT UNPACKING pc=0x00000222470846a2 sp=0x00000045fe3f79f8 mode 2

Classes loaded (20 events):
Event: 2.640 Loading class java/time/zone/ZoneRulesProvider$1
Event: 2.640 Loading class java/time/zone/ZoneRulesProvider$1 done
Event: 2.640 Loading class java/time/zone/TzdbZoneRulesProvider
Event: 2.640 Loading class java/time/zone/TzdbZoneRulesProvider done
Event: 2.643 Loading class java/time/zone/Ser
Event: 2.643 Loading class java/io/Externalizable
Event: 2.643 Loading class java/io/Externalizable done
Event: 2.643 Loading class java/time/zone/Ser done
Event: 2.646 Loading class java/util/Formatter$FixedString
Event: 2.646 Loading class java/util/Formatter$FixedString done
Event: 2.672 Loading class java/util/concurrent/TimeoutException
Event: 2.673 Loading class java/util/concurrent/TimeoutException done
Event: 2.722 Loading class java/util/PropertyResourceBundle
Event: 2.723 Loading class java/util/PropertyResourceBundle done
Event: 2.723 Loading class sun/util/PropertyResourceBundleCharset
Event: 2.723 Loading class sun/util/PropertyResourceBundleCharset done
Event: 2.723 Loading class sun/util/PropertyResourceBundleCharset$PropertiesFileDecoder
Event: 2.723 Loading class sun/util/PropertyResourceBundleCharset$PropertiesFileDecoder done
Event: 2.747 Loading class java/lang/AbstractMethodError
Event: 2.747 Loading class java/lang/AbstractMethodError done

Classes unloaded (0 events):
No events

Classes redefined (0 events):
No events

Internal exceptions (20 events):
Event: 1.091 Thread 0x000002223a77e180 Exception <a 'java/lang/NoSuchMethodError'{0x0000000718eedef0}: 'java.lang.Object java.lang.invoke.DirectMethodHandle$Holder.invokeSpecial(java.lang.Object, java.lang.Object, java.lang.Object, java.lang.Object, long)'> (0x0000000718eedef0) 
thrown [s\src\hotspot\share\interpreter\linkResolver.cpp, line 773]
Event: 1.093 Thread 0x000002223a77e180 Exception <a 'java/lang/NoSuchMethodError'{0x0000000718efb8e8}: 'java.lang.Object java.lang.invoke.DirectMethodHandle$Holder.invokeSpecial(java.lang.Object, java.lang.Object, java.lang.Object, int, java.lang.Object)'> (0x0000000718efb8e8) 
thrown [s\src\hotspot\share\interpreter\linkResolver.cpp, line 773]
Event: 1.097 Thread 0x000002223a77e180 Exception <a 'java/lang/NoSuchMethodError'{0x0000000718f12f00}: 'java.lang.Object java.lang.invoke.Invokers$Holder.invokeExact_MT(java.lang.Object, java.lang.Object, java.lang.Object, java.lang.Object, java.lang.Object, java.lang.Object)'> (0x0000000718f12f00) 
thrown [s\src\hotspot\share\interpreter\linkResolver.cpp, line 773]
Event: 1.103 Thread 0x000002223a77e180 Exception <a 'java/lang/NoSuchMethodError'{0x0000000718f2c698}: 'int java.lang.invoke.DirectMethodHandle$Holder.invokeStaticInit(java.lang.Object, java.lang.Object, java.lang.Object, java.lang.Object)'> (0x0000000718f2c698) 
thrown [s\src\hotspot\share\interpreter\linkResolver.cpp, line 773]
Event: 1.105 Thread 0x000002223a77e180 Exception <a 'java/lang/NoSuchMethodError'{0x0000000718f34e50}: 'java.lang.Object java.lang.invoke.DirectMethodHandle$Holder.invokeInterface(java.lang.Object, java.lang.Object)'> (0x0000000718f34e50) 
thrown [s\src\hotspot\share\interpreter\linkResolver.cpp, line 773]
Event: 1.105 Thread 0x000002223a77e180 Exception <a 'java/lang/IncompatibleClassChangeError'{0x0000000718f38388}: Found class java.lang.Object, but interface was expected> (0x0000000718f38388) 
thrown [s\src\hotspot\share\interpreter\linkResolver.cpp, line 840]
Event: 1.106 Thread 0x000002223a77e180 Exception <a 'java/lang/NoSuchMethodError'{0x0000000718f3c540}: 'void java.lang.invoke.DirectMethodHandle$Holder.invokeStatic(java.lang.Object, java.lang.Object)'> (0x0000000718f3c540) 
thrown [s\src\hotspot\share\interpreter\linkResolver.cpp, line 773]
Event: 1.107 Thread 0x000002223a77e180 Exception <a 'java/lang/NoSuchMethodError'{0x0000000718f3f8e8}: 'void java.lang.invoke.DirectMethodHandle$Holder.invokeStaticInit(java.lang.Object, java.lang.Object)'> (0x0000000718f3f8e8) 
thrown [s\src\hotspot\share\interpreter\linkResolver.cpp, line 773]
Event: 1.108 Thread 0x000002223a77e180 Exception <a 'java/lang/NoSuchMethodError'{0x0000000718f46908}: 'int java.lang.invoke.DirectMethodHandle$Holder.invokeStaticInit(java.lang.Object, java.lang.Object)'> (0x0000000718f46908) 
thrown [s\src\hotspot\share\interpreter\linkResolver.cpp, line 773]
Event: 1.169 Thread 0x000002223a77e180 Exception <a 'java/lang/NoSuchMethodError'{0x0000000718c85488}: 'void java.lang.invoke.DirectMethodHandle$Holder.invokeSpecial(java.lang.Object, java.lang.Object, java.lang.Object)'> (0x0000000718c85488) 
thrown [s\src\hotspot\share\interpreter\linkResolver.cpp, line 773]
Event: 1.597 Thread 0x000002223a77e180 Exception <a 'java/lang/NoSuchMethodError'{0x000000071852b2d8}: 'int java.lang.invoke.DirectMethodHandle$Holder.invokeVirtual(java.lang.Object, java.lang.Object)'> (0x000000071852b2d8) 
thrown [s\src\hotspot\share\interpreter\linkResolver.cpp, line 773]
Event: 1.728 Thread 0x000002223a77e180 Exception <a 'java/lang/NoSuchMethodError'{0x0000000718069b18}: 'java.lang.Object java.lang.invoke.DirectMethodHandle$Holder.newInvokeSpecial(java.lang.Object, int, java.lang.Object)'> (0x0000000718069b18) 
thrown [s\src\hotspot\share\interpreter\linkResolver.cpp, line 773]
Event: 1.775 Thread 0x000002223a77e180 Exception <a 'java/lang/NoSuchMethodError'{0x00000007181fad20}: 'java.lang.Object java.lang.invoke.DirectMethodHandle$Holder.newInvokeSpecial(java.lang.Object, java.lang.Object, java.lang.Object, java.lang.Object, int, java.lang.Object)'> (0x00000007181fad20) 
thrown [s\src\hotspot\share\interpreter\linkResolver.cpp, line 773]
Event: 1.998 Thread 0x000002223a77e180 Exception <a 'java/lang/UnsatisfiedLinkError'{0x00000007176530a8}: 'void org.eclipse.equinox.launcher.JNIBridge._update_splash()'> (0x00000007176530a8) 
thrown [s\src\hotspot\share\prims\nativeLookup.cpp, line 415]
Event: 2.125 Thread 0x00000222566b3140 Exception <a 'java/lang/NullPointerException'{0x00000007175c30f8}> (0x00000007175c30f8) 
thrown [s\src\hotspot\share\interpreter\linkResolver.cpp, line 1372]
Event: 2.125 Thread 0x00000222566b3140 Exception <a 'java/lang/NullPointerException'{0x00000007175c33d8}> (0x00000007175c33d8) 
thrown [s\src\hotspot\share\interpreter\linkResolver.cpp, line 1372]
Event: 2.479 Thread 0x00000222566b3140 Exception <a 'java/io/FileNotFoundException'{0x0000000718b28160}> (0x0000000718b28160) 
thrown [s\src\hotspot\share\prims\jni.cpp, line 520]
Event: 2.598 Thread 0x00000222566b3140 Exception <a 'java/lang/NoSuchMethodError'{0x000000071861c8b0}: 'java.lang.Object java.lang.invoke.Invokers$Holder.linkToTargetMethod(java.lang.Object, long, java.lang.Object)'> (0x000000071861c8b0) 
thrown [s\src\hotspot\share\interpreter\linkResolver.cpp, line 773]
Event: 2.675 Thread 0x00000222566b3140 Exception <a 'java/lang/NoSuchMethodError'{0x00000007185b39a8}: 'void java.lang.invoke.DirectMethodHandle$Holder.invokeInterface(java.lang.Object, java.lang.Object, java.lang.Object)'> (0x00000007185b39a8) 
thrown [s\src\hotspot\share\interpreter\linkResolver.cpp, line 773]
Event: 2.725 Thread 0x00000222566b3140 Exception <a 'java/lang/NoSuchMethodError'{0x0000000718032390}: 'void java.lang.invoke.Invokers$Holder.invokeExact_MT(java.lang.Object, java.lang.Object, java.lang.Object)'> (0x0000000718032390) 
thrown [s\src\hotspot\share\interpreter\linkResolver.cpp, line 773]

ZGC Phase Switch (0 events):
No events

VM Operations (20 events):
Event: 0.860 Executing VM operation: ICBufferFull
Event: 0.860 Executing VM operation: ICBufferFull done
Event: 0.867 Executing VM operation: G1CollectForAllocation (G1 Evacuation Pause)
Event: 0.877 Executing VM operation: G1CollectForAllocation (G1 Evacuation Pause) done
Event: 1.668 Executing VM operation: HandshakeAllThreads (Deoptimize)
Event: 1.668 Executing VM operation: HandshakeAllThreads (Deoptimize) done
Event: 1.681 Executing VM operation: HandshakeAllThreads (Deoptimize)
Event: 1.681 Executing VM operation: HandshakeAllThreads (Deoptimize) done
Event: 1.767 Executing VM operation: HandshakeAllThreads (Deoptimize)
Event: 1.767 Executing VM operation: HandshakeAllThreads (Deoptimize) done
Event: 1.856 Executing VM operation: ICBufferFull
Event: 1.856 Executing VM operation: ICBufferFull done
Event: 2.118 Executing VM operation: HandshakeAllThreads (Deoptimize)
Event: 2.118 Executing VM operation: HandshakeAllThreads (Deoptimize) done
Event: 2.217 Executing VM operation: G1CollectForAllocation (G1 Evacuation Pause)
Event: 2.224 Executing VM operation: G1CollectForAllocation (G1 Evacuation Pause) done
Event: 2.323 Executing VM operation: HandshakeAllThreads (Deoptimize)
Event: 2.323 Executing VM operation: HandshakeAllThreads (Deoptimize) done
Event: 2.640 Executing VM operation: HandshakeAllThreads (Deoptimize)
Event: 2.640 Executing VM operation: HandshakeAllThreads (Deoptimize) done

Memory protections (0 events):
No events

Nmethod flushes (0 events):
No events

Events (20 events):
Event: 0.067 Thread 0x000002223a77e180 Thread added: 0x000002225657d9b0
Event: 0.067 Thread 0x000002223a77e180 Thread added: 0x000002225657ed50
Event: 0.067 Thread 0x000002223a77e180 Thread added: 0x0000022256580fe0
Event: 0.067 Thread 0x000002223a77e180 Thread added: 0x00000222565826b0
Event: 0.068 Thread 0x000002223a77e180 Thread added: 0x00000222565a9c00
Event: 0.107 Thread 0x000002223a77e180 Thread added: 0x00000222566afcc0
Event: 0.142 Thread 0x00000222565a9c00 Thread added: 0x0000022256728810
Event: 0.420 Thread 0x000002223a77e180 Thread added: 0x00000222566b2420
Event: 0.519 Thread 0x00000222565a9c00 Thread added: 0x000002229c021720
Event: 1.028 Thread 0x000002229c021720 Thread exited: 0x000002229c021720
Event: 1.296 Thread 0x00000222565a9c00 Thread added: 0x000002229c4bdc10
Event: 1.653 Thread 0x000002223a77e180 Thread added: 0x00000222566b0350
Event: 1.986 Thread 0x000002223a77e180 Thread added: 0x00000222566b1070
Event: 1.996 Thread 0x000002223a77e180 Thread added: 0x00000222566b3140
Event: 2.042 Thread 0x00000222566b3140 Thread added: 0x00000222566b09e0
Event: 2.078 Thread 0x000002229c4bdc10 Thread exited: 0x000002229c4bdc10
Event: 2.297 Thread 0x00000222566b3140 Thread added: 0x00000222566b1700
Event: 2.425 Thread 0x00000222565a9c00 Thread added: 0x000002229cb9f5b0
Event: 2.698 Thread 0x00000222566b3140 Thread added: 0x00000222566b1d90
Event: 2.751 Thread 0x000002229cb9f5b0 Thread exited: 0x000002229cb9f5b0


Dynamic libraries:
0x00007ff7d5dd0000 - 0x00007ff7d5dde000 	c:\Users\moon\.vscode\extensions\redhat.java-1.41.1-win32-x64\jre\21.0.6-win32-x86_64\bin\java.exe
0x00007ffc61fd0000 - 0x00007ffc621c8000 	C:\Windows\SYSTEM32\ntdll.dll
0x00007ffc61610000 - 0x00007ffc616d2000 	C:\Windows\System32\KERNEL32.DLL
0x00007ffc5f790000 - 0x00007ffc5fa86000 	C:\Windows\System32\KERNELBASE.dll
0x00007ffc5ac50000 - 0x00007ffc5ace4000 	C:\Windows\SYSTEM32\apphelp.dll
0x00007ffc5fef0000 - 0x00007ffc5fff0000 	C:\Windows\System32\ucrtbase.dll
0x00007ffc52fb0000 - 0x00007ffc52fc8000 	c:\Users\moon\.vscode\extensions\redhat.java-1.41.1-win32-x64\jre\21.0.6-win32-x86_64\bin\jli.dll
0x00007ffc48dd0000 - 0x00007ffc48dee000 	c:\Users\moon\.vscode\extensions\redhat.java-1.41.1-win32-x64\jre\21.0.6-win32-x86_64\bin\VCRUNTIME140.dll
0x00007ffc60500000 - 0x00007ffc6069d000 	C:\Windows\System32\USER32.dll
0x00007ffc5fa90000 - 0x00007ffc5fab2000 	C:\Windows\System32\win32u.dll
0x00007ffc4dc60000 - 0x00007ffc4defa000 	C:\Windows\WinSxS\amd64_microsoft.windows.common-controls_6595b64144ccf1df_6.0.19041.4355_none_60b8b9eb71f62e16\COMCTL32.dll
0x00007ffc613a0000 - 0x00007ffc613cb000 	C:\Windows\System32\GDI32.dll
0x00007ffc600d0000 - 0x00007ffc6016e000 	C:\Windows\System32\msvcrt.dll
0x00007ffc5fdd0000 - 0x00007ffc5feea000 	C:\Windows\System32\gdi32full.dll
0x00007ffc5fd30000 - 0x00007ffc5fdcd000 	C:\Windows\System32\msvcp_win.dll
0x00007ffc60170000 - 0x00007ffc6019f000 	C:\Windows\System32\IMM32.DLL
0x00007ffc53ef0000 - 0x00007ffc53efc000 	c:\Users\moon\.vscode\extensions\redhat.java-1.41.1-win32-x64\jre\21.0.6-win32-x86_64\bin\vcruntime140_1.dll
0x00007ffc3a140000 - 0x00007ffc3a1cd000 	c:\Users\moon\.vscode\extensions\redhat.java-1.41.1-win32-x64\jre\21.0.6-win32-x86_64\bin\msvcp140.dll
0x00007ffc04a00000 - 0x00007ffc05790000 	c:\Users\moon\.vscode\extensions\redhat.java-1.41.1-win32-x64\jre\21.0.6-win32-x86_64\bin\server\jvm.dll
0x00007ffc61d90000 - 0x00007ffc61e3f000 	C:\Windows\System32\ADVAPI32.dll
0x00007ffc60a60000 - 0x00007ffc60aff000 	C:\Windows\System32\sechost.dll
0x00007ffc61470000 - 0x00007ffc61593000 	C:\Windows\System32\RPCRT4.dll
0x00007ffc5fd00000 - 0x00007ffc5fd27000 	C:\Windows\System32\bcrypt.dll
0x00007ffc615a0000 - 0x00007ffc6160b000 	C:\Windows\System32\WS2_32.dll
0x00007ffc5f410000 - 0x00007ffc5f45b000 	C:\Windows\SYSTEM32\POWRPROF.dll
0x00007ffc53f80000 - 0x00007ffc53fa7000 	C:\Windows\SYSTEM32\WINMM.dll
0x00007ffc55450000 - 0x00007ffc5545a000 	C:\Windows\SYSTEM32\VERSION.dll
0x00007ffc5f3f0000 - 0x00007ffc5f402000 	C:\Windows\SYSTEM32\UMPDC.dll
0x00007ffc5d4e0000 - 0x00007ffc5d4f2000 	C:\Windows\SYSTEM32\kernel.appcore.dll
0x00007ffc52e60000 - 0x00007ffc52e6a000 	c:\Users\moon\.vscode\extensions\redhat.java-1.41.1-win32-x64\jre\21.0.6-win32-x86_64\bin\jimage.dll
0x00007ffc571b0000 - 0x00007ffc57394000 	C:\Windows\SYSTEM32\DBGHELP.DLL
0x00007ffc4dc20000 - 0x00007ffc4dc54000 	C:\Windows\SYSTEM32\dbgcore.DLL
0x00007ffc5fc70000 - 0x00007ffc5fcf2000 	C:\Windows\System32\bcryptPrimitives.dll
0x00007ffc5b540000 - 0x00007ffc5b54f000 	c:\Users\moon\.vscode\extensions\redhat.java-1.41.1-win32-x64\jre\21.0.6-win32-x86_64\bin\instrument.dll
0x00007ffc47d10000 - 0x00007ffc47d2f000 	c:\Users\moon\.vscode\extensions\redhat.java-1.41.1-win32-x64\jre\21.0.6-win32-x86_64\bin\java.dll
0x00007ffc60b00000 - 0x00007ffc6126f000 	C:\Windows\System32\SHELL32.dll
0x00007ffc5d6e0000 - 0x00007ffc5de83000 	C:\Windows\SYSTEM32\windows.storage.dll
0x00007ffc601a0000 - 0x00007ffc604f5000 	C:\Windows\System32\combase.dll
0x00007ffc5f020000 - 0x00007ffc5f04b000 	C:\Windows\SYSTEM32\Wldp.dll
0x00007ffc60000000 - 0x00007ffc600cd000 	C:\Windows\System32\OLEAUT32.dll
0x00007ffc609b0000 - 0x00007ffc60a5d000 	C:\Windows\System32\SHCORE.dll
0x00007ffc616e0000 - 0x00007ffc61735000 	C:\Windows\System32\shlwapi.dll
0x00007ffc5f590000 - 0x00007ffc5f5b5000 	C:\Windows\SYSTEM32\profapi.dll
0x00007ffc3c680000 - 0x00007ffc3c698000 	c:\Users\moon\.vscode\extensions\redhat.java-1.41.1-win32-x64\jre\21.0.6-win32-x86_64\bin\zip.dll
0x00007ffc52d70000 - 0x00007ffc52d80000 	C:\Users\moon\.vscode\extensions\redhat.java-1.41.1-win32-x64\jre\21.0.6-win32-x86_64\bin\net.dll
0x00007ffc56b40000 - 0x00007ffc56c4a000 	C:\Windows\SYSTEM32\WINHTTP.dll
0x00007ffc5ed20000 - 0x00007ffc5ed8c000 	C:\Windows\system32\mswsock.dll
0x00007ffc3bc20000 - 0x00007ffc3bc36000 	C:\Users\moon\.vscode\extensions\redhat.java-1.41.1-win32-x64\jre\21.0.6-win32-x86_64\bin\nio.dll
0x00007ffc475c0000 - 0x00007ffc475d0000 	c:\Users\moon\.vscode\extensions\redhat.java-1.41.1-win32-x64\jre\21.0.6-win32-x86_64\bin\verify.dll
0x00007ffc53970000 - 0x00007ffc539b5000 	C:\Users\moon\AppData\Roaming\Code\User\globalStorage\redhat.java\1.41.1\config_ss_win\org.eclipse.equinox.launcher\org.eclipse.equinox.launcher.win32.win32.x86_64_1.2.1300.v20250331-1702\eclipse_11911.dll
0x00007ffc61270000 - 0x00007ffc6139b000 	C:\Windows\System32\ole32.dll

dbghelp: loaded successfully - version: 4.0.5 - missing functions: none
symbol engine: initialized successfully - sym options: 0x614 - pdb path: .;c:\Users\moon\.vscode\extensions\redhat.java-1.41.1-win32-x64\jre\21.0.6-win32-x86_64\bin;C:\Windows\SYSTEM32;C:\Windows\WinSxS\amd64_microsoft.windows.common-controls_6595b64144ccf1df_6.0.19041.4355_none_60b8b9eb71f62e16;c:\Users\moon\.vscode\extensions\redhat.java-1.41.1-win32-x64\jre\21.0.6-win32-x86_64\bin\server;C:\Users\moon\AppData\Roaming\Code\User\globalStorage\redhat.java\1.41.1\config_ss_win\org.eclipse.equinox.launcher\org.eclipse.equinox.launcher.win32.win32.x86_64_1.2.1300.v20250331-1702

VM Arguments:
jvm_args: --add-modules=ALL-SYSTEM --add-opens=java.base/java.util=ALL-UNNAMED --add-opens=java.base/java.lang=ALL-UNNAMED --add-opens=java.base/sun.nio.fs=ALL-UNNAMED -Declipse.application=org.eclipse.jdt.ls.core.id1 -Dosgi.bundles.defaultStartLevel=4 -Declipse.product=org.eclipse.jdt.ls.core.product -Djava.import.generatesMetadataFilesAtProjectRoot=false -DDetectVMInstallationsJob.disabled=true -Xlog:disable -Dfile.encoding=utf-8 -javaagent:c:\Users\moon\.vscode\extensions\redhat.java-1.41.1-win32-x64\lombok\lombok-1.18.36.jar 
java_command: c:\Users\moon\.vscode\extensions\redhat.java-1.41.1-win32-x64\server\plugins\org.eclipse.equinox.launcher_1.7.0.v20250331-1702.jar -configuration c:\Users\moon\AppData\Roaming\Code\User\globalStorage\redhat.java\1.41.1\config_ss_win -data c:\Users\moon\AppData\Roaming\Code\User\workspaceStorage\d0bdd28a8871f95d2f1d8fbc76f083ad\redhat.java\ss_ws --pipe=\\.\pipe\lsp-b3a6b612af9b500129179a143277e8fc-sock
java_class_path (initial): c:\Users\moon\.vscode\extensions\redhat.java-1.41.1-win32-x64\server\plugins\org.eclipse.equinox.launcher_1.7.0.v20250331-1702.jar
Launcher Type: SUN_STANDARD

[Global flags]
     intx CICompilerCount                          = 4                                         {product} {ergonomic}
     uint ConcGCThreads                            = 2                                         {product} {ergonomic}
     uint G1ConcRefinementThreads                  = 8                                         {product} {ergonomic}
   size_t G1HeapRegionSize                         = 2097152                                   {product} {ergonomic}
    uintx GCDrainStackTargetSize                   = 64                                        {product} {ergonomic}
   size_t InitialHeapSize                          = 260046848                                 {product} {ergonomic}
   size_t MarkStackSize                            = 4194304                                   {product} {ergonomic}
   size_t MaxHeapSize                              = 4131389440                                {product} {ergonomic}
   size_t MaxNewSize                               = 2478833664                                {product} {ergonomic}
   size_t MinHeapDeltaBytes                        = 2097152                                   {product} {ergonomic}
   size_t MinHeapSize                              = 8388608                                   {product} {ergonomic}
    uintx NonNMethodCodeHeapSize                   = 5839372                                {pd product} {ergonomic}
    uintx NonProfiledCodeHeapSize                  = 122909434                              {pd product} {ergonomic}
    uintx ProfiledCodeHeapSize                     = 122909434                              {pd product} {ergonomic}
    uintx ReservedCodeCacheSize                    = 251658240                              {pd product} {ergonomic}
     bool SegmentedCodeCache                       = true                                      {product} {ergonomic}
   size_t SoftMaxHeapSize                          = 4131389440                             {manageable} {ergonomic}
     bool UseCompressedOops                        = true                           {product lp64_product} {ergonomic}
     bool UseG1GC                                  = true                                      {product} {ergonomic}
     bool UseLargePagesIndividualAllocation        = false                                  {pd product} {ergonomic}

Logging:
Log output configuration:
 #0: stdout all=off uptime,level,tags foldmultilines=false
 #1: stderr all=off uptime,level,tags foldmultilines=false

Environment Variables:
PATH=C:\flutter\bin;C:\Program Files\MySQL\MySQL Server 8.0\bin;C:\Program Files (x86)\NAT Service;C:\Program Files\nodejs;C:\Users\moon\AppData\Local\Android\sdk\platform-tools;C:\Program Files\Common Files\Oracle\Java\javapath;C:\Windows\system32;C:\Windows;C:\Windows\System32\Wbem;C:\Windows\System32\WindowsPowerShell\v1.0\;C:\Windows\System32\OpenSSH\;C:\Program Files\Git\cmd;C:\Program Files\Bandizip\;C:\Program Files\dotnet\;C:\Program Files\mingw64\bin;C:\Program Files\Amazon\AWSCLIV2\;C:\ProgramData\chocolatey\bin;C:\Program Files\nodejs\;C:\Program Files\OpenSSL-Win64\bin;C:\Program Files\PuTTY\;C:\Users\moon\AppData\Local\Programs\Python\Launcher\;C:\Users\moon\AppData\Local\Android\Sdk\platform-tools;C:\Users\moon\AppData\Local\Android\Sdk\tools;C:\Users\moon\AppData\Local\Android\Sdk\platform-tools;C:\Users\moon\AppData\Local\Android\Sdk\tools;C:\Users\moon\AppData\Local\Microsoft\WindowsApps;C:\Users\moon\AppData\Local\Programs\Microsoft VS Code\bin;C:\Users\moon\AppData\Roaming\nvm;C:\Program Files\nodejs;C:\Users\moon\AppData\Local\Microsoft\WinGet\Packages\Schniz.fnm_Microsoft.Winget.Source_8wekyb3d8bbwe;C:\Users\moon\AppData\Local\GitHubDesktop\bin;C:\Users\moon\AppData\Roaming\npm
USERNAME=moon
OS=Windows_NT
PROCESSOR_IDENTIFIER=AMD64 Family 23 Model 104 Stepping 1, AuthenticAMD
TMP=C:\Users\moon\AppData\Local\Temp
TEMP=C:\Users\moon\AppData\Local\Temp




Periodic native trim disabled

---------------  S Y S T E M  ---------------

OS:
 Windows 10 , 64 bit Build 19041 (10.0.19041.5678)
OS uptime: 11 days 14:34 hours

CPU: total 8 (initial active 8) (8 cores per cpu, 2 threads per core) family 23 model 104 stepping 1 microcode 0x0, cx8, cmov, fxsr, ht, mmx, 3dnowpref, sse, sse2, sse3, ssse3, sse4a, sse4.1, sse4.2, popcnt, lzcnt, tsc, tscinvbit, avx, avx2, aes, clmul, bmi1, bmi2, adx, sha, fma, vzeroupper, clflush, clflushopt, rdtscp, rdpid, f16c
Processor Information for the first 8 processors :
  Max Mhz: 2600, Current Mhz: 2600, Mhz Limit: 2600

Memory: 4k page, system-wide physical 15754M (1636M free)
TotalPageFile size 25994M (AvailPageFile size 14M)
current process WorkingSet (physical memory assigned to process): 113M, peak: 113M
current process commit charge ("private bytes"): 361M, peak: 361M

vm_info: OpenJDK 64-Bit Server VM (21.0.6+7-LTS) for windows-amd64 JRE (21.0.6+7-LTS), built on 2025-01-21T00:00:00Z by "admin" with MS VC++ 17.7 (VS2022)

END.
