#
# There is insufficient memory for the Java Runtime Environment to continue.
# Native memory allocation (mmap) failed to map 188743680 bytes. Error detail: G1 virtual space
# Possible reasons:
#   The system is out of physical RAM or swap space
#   This process is running with CompressedOops enabled, and the Java Heap may be blocking the growth of the native heap
# Possible solutions:
#   Reduce memory load on the system
#   Increase physical memory or swap space
#   Check if swap backing store is full
#   Decrease Java heap size (-Xmx/-Xms)
#   Decrease number of Java threads
#   Decrease Java thread stack sizes (-Xss)
#   Set larger code cache with -XX:ReservedCodeCacheSize=
#   JVM is running with Zero Based Compressed Oops mode in which the Java heap is
#     placed in the first 32GB address space. The Java Heap base address is the
#     maximum limit for the native heap growth. Please use -XX:HeapBaseMinAddress
#     to set the Java Heap base and to place the Java Heap above 32GB virtual address.
# This output file may be truncated or incomplete.
#
#  Out of Memory Error (os_windows.cpp:3686), pid=11584, tid=18740
#
# JRE version: OpenJDK Runtime Environment Temurin-21.0.6+7 (21.0.6+7) (build 21.0.6+7-LTS)
# Java VM: OpenJDK 64-Bit Server VM Temurin-21.0.6+7 (21.0.6+7-LTS, mixed mode, sharing, tiered, compressed oops, compressed class ptrs, g1 gc, windows-amd64)
# No core dump will be written. Minidumps are not enabled by default on client versions of Windows
#

---------------  S U M M A R Y ------------

Command Line: --add-modules=ALL-SYSTEM --add-opens=java.base/java.util=ALL-UNNAMED --add-opens=java.base/java.lang=ALL-UNNAMED --add-opens=java.base/sun.nio.fs=ALL-UNNAMED -Declipse.application=org.eclipse.jdt.ls.core.id1 -Dosgi.bundles.defaultStartLevel=4 -Declipse.product=org.eclipse.jdt.ls.core.product -Djava.import.generatesMetadataFilesAtProjectRoot=false -DDetectVMInstallationsJob.disabled=true -Xlog:disable -Dfile.encoding=utf-8 -javaagent:c:\Users\moon\.vscode\extensions\redhat.java-1.41.1-win32-x64\lombok\lombok-1.18.36.jar -XX:+HeapDumpOnOutOfMemoryError -XX:HeapDumpPath=c:\Users\moon\AppData\Roaming\Code\User\workspaceStorage\d0bdd28a8871f95d2f1d8fbc76f083ad\redhat.java -Daether.dependencyCollector.impl=bf c:\Users\moon\.vscode\extensions\redhat.java-1.41.1-win32-x64\server\plugins\org.eclipse.equinox.launcher_1.7.0.v20250331-1702.jar -configuration c:\Users\moon\AppData\Roaming\Code\User\globalStorage\redhat.java\1.41.1\config_win -data c:\Users\moon\AppData\Roaming\Code\User\workspaceStorage\d0bdd28a8871f95d2f1d8fbc76f083ad\redhat.java\jdt_ws --pipe=\\.\pipe\lsp-c84e06d6ebb9c8eef90ae66f0628aca4-sock

Host: AMD Ryzen 3 5300U with Radeon Graphics         , 8 cores, 15G,  Windows 10 , 64 bit Build 19041 (10.0.19041.5678)
Time: Sun May 11 11:26:14 2025  Windows 10 , 64 bit Build 19041 (10.0.19041.5678) elapsed time: 12.211015 seconds (0d 0h 0m 12s)

---------------  T H R E A D  ---------------

Current thread (0x000002447a37dd80):  VMThread "VM Thread"          [id=18740, stack(0x0000004f88900000,0x0000004f88a00000) (1024K)]

Stack: [0x0000004f88900000,0x0000004f88a00000]
Native frames: (J=compiled Java code, j=interpreted, Vv=VM code, C=native code)
V  [jvm.dll+0x6cdee9]
V  [jvm.dll+0x8a83d1]
V  [jvm.dll+0x8aa8fe]
V  [jvm.dll+0x8aafe3]
V  [jvm.dll+0x27f706]
V  [jvm.dll+0x6ca755]
V  [jvm.dll+0x6bea3a]
V  [jvm.dll+0x355d6a]
V  [jvm.dll+0x35d936]
V  [jvm.dll+0x3af58e]
V  [jvm.dll+0x3af838]
V  [jvm.dll+0x329efc]
V  [jvm.dll+0x329f87]
V  [jvm.dll+0x36dd4c]
V  [jvm.dll+0x36c598]
V  [jvm.dll+0x3296c1]
V  [jvm.dll+0x36bc0a]
V  [jvm.dll+0x8b0cff]
V  [jvm.dll+0x8b2084]
V  [jvm.dll+0x8b25c0]
V  [jvm.dll+0x8b2863]
V  [jvm.dll+0x851f8b]
V  [jvm.dll+0x6cc5ed]
C  [ucrtbase.dll+0x21bb2]
C  [KERNEL32.DLL+0x17374]
C  [ntdll.dll+0x4cc91]

VM_Operation (0x0000004f8a9fe7f0): G1CollectForAllocation, mode: safepoint, requested by thread 0x000002447fb1f910


---------------  P R O C E S S  ---------------

Threads class SMR info:
_java_thread_list=0x0000024451802df0, length=40, elements={
0x000002446f72f6a0, 0x000002447a39bea0, 0x000002447a39cbb0, 0x000002447a39e890,
0x000002447a39f2e0, 0x000002447a3a0140, 0x000002447a3a0b90, 0x000002447a3a1910,
0x000002447a3de780, 0x000002447a4b7310, 0x000002447a7dc410, 0x000002447f5f99c0,
0x000002447a9f00b0, 0x000002447ac91ba0, 0x000002447a9ec410, 0x000002447f5045b0,
0x000002447f864d60, 0x000002447fb20630, 0x000002447fb219e0, 0x000002447fb20cc0,
0x000002447fb22700, 0x000002447fb1f910, 0x000002447fb21350, 0x000002447fb22070,
0x00000244516a53e0, 0x00000244516a6100, 0x00000244516a25f0, 0x00000244516a7b40,
0x00000244516a2c80, 0x00000244516a6790, 0x00000244516a46c0, 0x00000244516a3310,
0x00000244516a8860, 0x00000244516a81d0, 0x00000244516a6e20, 0x00000244516a74b0,
0x00000244516a39a0, 0x00000244516a8ef0, 0x00000244514acf90, 0x00000244514aa6b0
}

Java Threads: ( => current thread )
  0x000002446f72f6a0 JavaThread "main"                              [_thread_blocked, id=14248, stack(0x0000004f88200000,0x0000004f88300000) (1024K)]
  0x000002447a39bea0 JavaThread "Reference Handler"          daemon [_thread_blocked, id=12236, stack(0x0000004f88a00000,0x0000004f88b00000) (1024K)]
  0x000002447a39cbb0 JavaThread "Finalizer"                  daemon [_thread_blocked, id=11292, stack(0x0000004f88b00000,0x0000004f88c00000) (1024K)]
  0x000002447a39e890 JavaThread "Signal Dispatcher"          daemon [_thread_blocked, id=13088, stack(0x0000004f88c00000,0x0000004f88d00000) (1024K)]
  0x000002447a39f2e0 JavaThread "Attach Listener"            daemon [_thread_blocked, id=14748, stack(0x0000004f88d00000,0x0000004f88e00000) (1024K)]
  0x000002447a3a0140 JavaThread "Service Thread"             daemon [_thread_blocked, id=14212, stack(0x0000004f88e00000,0x0000004f88f00000) (1024K)]
  0x000002447a3a0b90 JavaThread "Monitor Deflation Thread"   daemon [_thread_blocked, id=11344, stack(0x0000004f88f00000,0x0000004f89000000) (1024K)]
  0x000002447a3a1910 JavaThread "C2 CompilerThread0"         daemon [_thread_blocked, id=20252, stack(0x0000004f89000000,0x0000004f89100000) (1024K)]
  0x000002447a3de780 JavaThread "C1 CompilerThread0"         daemon [_thread_blocked, id=20864, stack(0x0000004f89100000,0x0000004f89200000) (1024K)]
  0x000002447a4b7310 JavaThread "Common-Cleaner"             daemon [_thread_blocked, id=17496, stack(0x0000004f89200000,0x0000004f89300000) (1024K)]
  0x000002447a7dc410 JavaThread "Notification Thread"        daemon [_thread_blocked, id=2668, stack(0x0000004f89400000,0x0000004f89500000) (1024K)]
  0x000002447f5f99c0 JavaThread "Active Thread: Equinox Container: da628433-9c02-4935-9f2c-8aedf9a6b132"        [_thread_blocked, id=9700, stack(0x0000004f89c00000,0x0000004f89d00000) (1024K)]
  0x000002447a9f00b0 JavaThread "Refresh Thread: Equinox Container: da628433-9c02-4935-9f2c-8aedf9a6b132" daemon [_thread_blocked, id=5008, stack(0x0000004f89d00000,0x0000004f89e00000) (1024K)]
  0x000002447ac91ba0 JavaThread "Framework Event Dispatcher: Equinox Container: da628433-9c02-4935-9f2c-8aedf9a6b132" daemon [_thread_blocked, id=2804, stack(0x0000004f89e00000,0x0000004f89f00000) (1024K)]
  0x000002447a9ec410 JavaThread "Start Level: Equinox Container: da628433-9c02-4935-9f2c-8aedf9a6b132" daemon [_thread_blocked, id=16128, stack(0x0000004f89f00000,0x0000004f8a000000) (1024K)]
  0x000002447f5045b0 JavaThread "Bundle File Closer"         daemon [_thread_blocked, id=14016, stack(0x0000004f8a100000,0x0000004f8a200000) (1024K)]
  0x000002447f864d60 JavaThread "SCR Component Actor"        daemon [_thread_blocked, id=8268, stack(0x0000004f8a200000,0x0000004f8a300000) (1024K)]
  0x000002447fb20630 JavaThread "Worker-JM"                         [_thread_blocked, id=11104, stack(0x0000004f8a400000,0x0000004f8a500000) (1024K)]
  0x000002447fb219e0 JavaThread "JNA Cleaner"                daemon [_thread_blocked, id=22280, stack(0x0000004f89300000,0x0000004f89400000) (1024K)]
  0x000002447fb20cc0 JavaThread "Worker-0"                          [_thread_blocked, id=17956, stack(0x0000004f89500000,0x0000004f89600000) (1024K)]
  0x000002447fb22700 JavaThread "Worker-1: Java indexing... "        [_thread_blocked, id=5404, stack(0x0000004f8a500000,0x0000004f8a600000) (1024K)]
  0x000002447fb1f910 JavaThread "Java indexing"              daemon [_thread_blocked, id=25064, stack(0x0000004f8a900000,0x0000004f8aa00000) (1024K)]
  0x000002447fb21350 JavaThread "Worker-2"                          [_thread_blocked, id=23472, stack(0x0000004f8aa00000,0x0000004f8ab00000) (1024K)]
  0x000002447fb22070 JavaThread "Worker-3"                          [_thread_blocked, id=10760, stack(0x0000004f8ad00000,0x0000004f8ae00000) (1024K)]
  0x00000244516a53e0 JavaThread "Worker-4"                          [_thread_blocked, id=6684, stack(0x0000004f8ae00000,0x0000004f8af00000) (1024K)]
  0x00000244516a6100 JavaThread "Worker-5"                          [_thread_blocked, id=4336, stack(0x0000004f8af00000,0x0000004f8b000000) (1024K)]
  0x00000244516a25f0 JavaThread "Thread-2"                   daemon [_thread_in_native, id=24176, stack(0x0000004f8b000000,0x0000004f8b100000) (1024K)]
  0x00000244516a7b40 JavaThread "Thread-3"                   daemon [_thread_in_native, id=24908, stack(0x0000004f8b100000,0x0000004f8b200000) (1024K)]
  0x00000244516a2c80 JavaThread "Thread-4"                   daemon [_thread_in_native, id=11760, stack(0x0000004f8b200000,0x0000004f8b300000) (1024K)]
  0x00000244516a6790 JavaThread "Thread-5"                   daemon [_thread_in_native, id=21436, stack(0x0000004f8b300000,0x0000004f8b400000) (1024K)]
  0x00000244516a46c0 JavaThread "Thread-6"                   daemon [_thread_in_native, id=6064, stack(0x0000004f8b400000,0x0000004f8b500000) (1024K)]
  0x00000244516a3310 JavaThread "Thread-7"                   daemon [_thread_in_native, id=13896, stack(0x0000004f8b500000,0x0000004f8b600000) (1024K)]
  0x00000244516a8860 JavaThread "Thread-8"                   daemon [_thread_in_native, id=25500, stack(0x0000004f8b600000,0x0000004f8b700000) (1024K)]
  0x00000244516a81d0 JavaThread "Thread-9"                   daemon [_thread_in_native, id=23260, stack(0x0000004f8b700000,0x0000004f8b800000) (1024K)]
  0x00000244516a6e20 JavaThread "Thread-10"                  daemon [_thread_in_native, id=23068, stack(0x0000004f8b800000,0x0000004f8b900000) (1024K)]
  0x00000244516a74b0 JavaThread "pool-2-thread-1"                   [_thread_blocked, id=13456, stack(0x0000004f8b900000,0x0000004f8ba00000) (1024K)]
  0x00000244516a39a0 JavaThread "WorkspaceEventsHandler"            [_thread_blocked, id=16448, stack(0x0000004f8ba00000,0x0000004f8bb00000) (1024K)]
  0x00000244516a8ef0 JavaThread "pool-1-thread-1"                   [_thread_blocked, id=21188, stack(0x0000004f8bb00000,0x0000004f8bc00000) (1024K)]
  0x00000244514acf90 JavaThread "C2 CompilerThread1"         daemon [_thread_blocked, id=12384, stack(0x0000004f8a300000,0x0000004f8a400000) (1024K)]
  0x00000244514aa6b0 JavaThread "C2 CompilerThread2"         daemon [_thread_blocked, id=19392, stack(0x0000004f8a600000,0x0000004f8a700000) (1024K)]
Total: 40

Other Threads:
=>0x000002447a37dd80 VMThread "VM Thread"                           [id=18740, stack(0x0000004f88900000,0x0000004f88a00000) (1024K)]
  0x000002447a36bb30 WatcherThread "VM Periodic Task Thread"        [id=14932, stack(0x0000004f88800000,0x0000004f88900000) (1024K)]
  0x000002446f79d3a0 WorkerThread "GC Thread#0"                     [id=13936, stack(0x0000004f88300000,0x0000004f88400000) (1024K)]
  0x000002447ade9940 WorkerThread "GC Thread#1"                     [id=18268, stack(0x0000004f89600000,0x0000004f89700000) (1024K)]
  0x000002447ade9ce0 WorkerThread "GC Thread#2"                     [id=22832, stack(0x0000004f89700000,0x0000004f89800000) (1024K)]
  0x000002447a976960 WorkerThread "GC Thread#3"                     [id=25464, stack(0x0000004f89800000,0x0000004f89900000) (1024K)]
  0x000002447a976d00 WorkerThread "GC Thread#4"                     [id=23944, stack(0x0000004f89900000,0x0000004f89a00000) (1024K)]
  0x000002447a74a960 WorkerThread "GC Thread#5"                     [id=25352, stack(0x0000004f89a00000,0x0000004f89b00000) (1024K)]
  0x000002447ae0aa20 WorkerThread "GC Thread#6"                     [id=22436, stack(0x0000004f89b00000,0x0000004f89c00000) (1024K)]
  0x000002447a797ec0 WorkerThread "GC Thread#7"                     [id=25384, stack(0x0000004f8a000000,0x0000004f8a100000) (1024K)]
  0x000002446f7ad9c0 ConcurrentGCThread "G1 Main Marker"            [id=1144, stack(0x0000004f88400000,0x0000004f88500000) (1024K)]
  0x000002446f7af4d0 WorkerThread "G1 Conc#0"                       [id=16788, stack(0x0000004f88500000,0x0000004f88600000) (1024K)]
  0x000002447f702920 WorkerThread "G1 Conc#1"                       [id=15620, stack(0x0000004f8a700000,0x0000004f8a800000) (1024K)]
  0x000002447a242610 ConcurrentGCThread "G1 Refine#0"               [id=20276, stack(0x0000004f88600000,0x0000004f88700000) (1024K)]
  0x000002447a245090 ConcurrentGCThread "G1 Service"                [id=7268, stack(0x0000004f88700000,0x0000004f88800000) (1024K)]
Total: 15

Threads with active compile tasks:
C2 CompilerThread0  12236 7833       4       org.eclipse.jdt.internal.core.search.indexing.BinaryIndexer::extractArgCount (8 bytes)
C2 CompilerThread1  12236 7820 %     4       org.eclipse.jdt.internal.core.search.indexing.BinaryIndexer::extractReferenceFromConstantPool @ 155 (358 bytes)
C2 CompilerThread2  12236 7818       4       org.eclipse.jdt.internal.core.search.indexing.AbstractIndexer::addTypeReference (7 bytes)
Total: 3

VM state: at safepoint (normal execution)

VM Mutex/Monitor currently owned by a thread:  ([mutex/lock_event])
[0x00007ffc056ae380] Threads_lock - owner thread: 0x000002447a37dd80
[0x00007ffc056ae480] Heap_lock - owner thread: 0x000002447fb1f910

Heap address: 0x0000000709c00000, size: 3940 MB, Compressed Oops mode: Zero based, Oop shift amount: 3

CDS archive(s) mapped at: [0x000002440f000000-0x000002440fba0000-0x000002440fba0000), size 12189696, SharedBaseAddress: 0x000002440f000000, ArchiveRelocationMode: 1.
Compressed class space mapped at: 0x0000024410000000-0x0000024450000000, reserved size: 1073741824
Narrow klass base: 0x000002440f000000, Narrow klass shift: 0, Narrow klass range: 0x100000000

GC Precious Log:
 CardTable entry size: 512
 Card Set container configuration: InlinePtr #cards 4 size 8 Array Of Cards #cards 16 size 48 Howl #buckets 8 coarsen threshold 3686 Howl Bitmap #cards 512 size 80 coarsen threshold 460 Card regions per heap region 1 cards per card region 4096
 CPUs: 8 total, 8 available
 Memory: 15754M
 Large Page Support: Disabled
 NUMA Support: Disabled
 Compressed Oops: Enabled (Zero based)
 Heap Region Size: 2M
 Heap Min Capacity: 8M
 Heap Initial Capacity: 248M
 Heap Max Capacity: 3940M
 Pre-touch: Disabled
 Parallel Workers: 8
 Concurrent Workers: 2
 Concurrent Refinement Workers: 8
 Periodic GC: Disabled

Heap:
 garbage-first heap   total 479232K, used 348970K [0x0000000709c00000, 0x0000000800000000)
  region size 2048K, 4 young (8192K), 4 survivors (8192K)
 Metaspace       used 46997K, committed 48128K, reserved 1114112K
  class space    used 4895K, committed 5376K, reserved 1048576K

Heap Regions: E=young(eden), S=young(survivor), O=old, HS=humongous(starts), HC=humongous(continues), CS=collection set, F=free, TAMS=top-at-mark-start, PB=parsable bottom
|   0|0x0000000709c00000, 0x0000000709e00000, 0x0000000709e00000|100%| O|  |TAMS 0x0000000709c00000| PB 0x0000000709c00000| Untracked 
|   1|0x0000000709e00000, 0x000000070a000000, 0x000000070a000000|100%| O|  |TAMS 0x0000000709e00000| PB 0x0000000709e00000| Untracked 
|   2|0x000000070a000000, 0x000000070a200000, 0x000000070a200000|100%| O|  |TAMS 0x000000070a000000| PB 0x000000070a000000| Untracked 
|   3|0x000000070a200000, 0x000000070a400000, 0x000000070a400000|100%| O|  |TAMS 0x000000070a200000| PB 0x000000070a200000| Untracked 
|   4|0x000000070a400000, 0x000000070a600000, 0x000000070a600000|100%| O|  |TAMS 0x000000070a400000| PB 0x000000070a400000| Untracked 
|   5|0x000000070a600000, 0x000000070a800000, 0x000000070a800000|100%| O|  |TAMS 0x000000070a600000| PB 0x000000070a600000| Untracked 
|   6|0x000000070a800000, 0x000000070aa00000, 0x000000070aa00000|100%| O|  |TAMS 0x000000070a800000| PB 0x000000070a800000| Untracked 
|   7|0x000000070aa00000, 0x000000070ac00000, 0x000000070ac00000|100%| O|  |TAMS 0x000000070aa00000| PB 0x000000070aa00000| Untracked 
|   8|0x000000070ac00000, 0x000000070adaa148, 0x000000070ae00000| 83%| O|  |TAMS 0x000000070ac00000| PB 0x000000070ac00000| Untracked 
|   9|0x000000070ae00000, 0x000000070b000000, 0x000000070b000000|100%| O|  |TAMS 0x000000070ae00000| PB 0x000000070ae00000| Untracked 
|  10|0x000000070b000000, 0x000000070b200000, 0x000000070b200000|100%| O|  |TAMS 0x000000070b000000| PB 0x000000070b000000| Untracked 
|  11|0x000000070b200000, 0x000000070b400000, 0x000000070b400000|100%| O|  |TAMS 0x000000070b200000| PB 0x000000070b200000| Untracked 
|  12|0x000000070b400000, 0x000000070b600000, 0x000000070b600000|100%| O|  |TAMS 0x000000070b400000| PB 0x000000070b400000| Untracked 
|  13|0x000000070b600000, 0x000000070b800000, 0x000000070b800000|100%| O|  |TAMS 0x000000070b600000| PB 0x000000070b600000| Untracked 
|  14|0x000000070b800000, 0x000000070ba00000, 0x000000070ba00000|100%| O|  |TAMS 0x000000070b800000| PB 0x000000070b800000| Untracked 
|  15|0x000000070ba00000, 0x000000070bc00000, 0x000000070bc00000|100%| O|  |TAMS 0x000000070ba00000| PB 0x000000070ba00000| Untracked 
|  16|0x000000070bc00000, 0x000000070be00000, 0x000000070be00000|100%| O|  |TAMS 0x000000070bc00000| PB 0x000000070bc00000| Untracked 
|  17|0x000000070be00000, 0x000000070c000000, 0x000000070c000000|100%| O|  |TAMS 0x000000070be00000| PB 0x000000070be00000| Untracked 
|  18|0x000000070c000000, 0x000000070c200000, 0x000000070c200000|100%| O|  |TAMS 0x000000070c000000| PB 0x000000070c000000| Untracked 
|  19|0x000000070c200000, 0x000000070c400000, 0x000000070c400000|100%| O|  |TAMS 0x000000070c200000| PB 0x000000070c200000| Untracked 
|  20|0x000000070c400000, 0x000000070c600000, 0x000000070c600000|100%| O|  |TAMS 0x000000070c400000| PB 0x000000070c400000| Untracked 
|  21|0x000000070c600000, 0x000000070c800000, 0x000000070c800000|100%| O|  |TAMS 0x000000070c600000| PB 0x000000070c600000| Untracked 
|  22|0x000000070c800000, 0x000000070ca00000, 0x000000070ca00000|100%| O|  |TAMS 0x000000070c800000| PB 0x000000070c800000| Untracked 
|  23|0x000000070ca00000, 0x000000070cc00000, 0x000000070cc00000|100%|HS|  |TAMS 0x000000070ca00000| PB 0x000000070ca00000| Complete 
|  24|0x000000070cc00000, 0x000000070ce00000, 0x000000070ce00000|100%| O|  |TAMS 0x000000070cc00000| PB 0x000000070cc00000| Untracked 
|  25|0x000000070ce00000, 0x000000070d000000, 0x000000070d000000|100%| O|  |TAMS 0x000000070ce00000| PB 0x000000070ce00000| Untracked 
|  26|0x000000070d000000, 0x000000070d200000, 0x000000070d200000|100%| O|  |TAMS 0x000000070d000000| PB 0x000000070d000000| Untracked 
|  27|0x000000070d200000, 0x000000070d400000, 0x000000070d400000|100%| O|  |TAMS 0x000000070d200000| PB 0x000000070d200000| Untracked 
|  28|0x000000070d400000, 0x000000070d600000, 0x000000070d600000|100%| O|  |TAMS 0x000000070d400000| PB 0x000000070d400000| Untracked 
|  29|0x000000070d600000, 0x000000070d800000, 0x000000070d800000|100%| O|  |TAMS 0x000000070d600000| PB 0x000000070d600000| Untracked 
|  30|0x000000070d800000, 0x000000070da00000, 0x000000070da00000|100%| O|  |TAMS 0x000000070d800000| PB 0x000000070d800000| Untracked 
|  31|0x000000070da00000, 0x000000070dc00000, 0x000000070dc00000|100%| O|  |TAMS 0x000000070da00000| PB 0x000000070da00000| Untracked 
|  32|0x000000070dc00000, 0x000000070de00000, 0x000000070de00000|100%| O|  |TAMS 0x000000070dc00000| PB 0x000000070dc00000| Untracked 
|  33|0x000000070de00000, 0x000000070e000000, 0x000000070e000000|100%| O|  |TAMS 0x000000070de00000| PB 0x000000070de00000| Untracked 
|  34|0x000000070e000000, 0x000000070e200000, 0x000000070e200000|100%| O|  |TAMS 0x000000070e000000| PB 0x000000070e000000| Untracked 
|  35|0x000000070e200000, 0x000000070e400000, 0x000000070e400000|100%| O|  |TAMS 0x000000070e200000| PB 0x000000070e200000| Untracked 
|  36|0x000000070e400000, 0x000000070e600000, 0x000000070e600000|100%| O|  |TAMS 0x000000070e400000| PB 0x000000070e400000| Untracked 
|  37|0x000000070e600000, 0x000000070e800000, 0x000000070e800000|100%| O|  |TAMS 0x000000070e600000| PB 0x000000070e600000| Untracked 
|  38|0x000000070e800000, 0x000000070ea00000, 0x000000070ea00000|100%| O|  |TAMS 0x000000070e800000| PB 0x000000070e800000| Untracked 
|  39|0x000000070ea00000, 0x000000070ec00000, 0x000000070ec00000|100%| O|  |TAMS 0x000000070ea00000| PB 0x000000070ea00000| Untracked 
|  40|0x000000070ec00000, 0x000000070ee00000, 0x000000070ee00000|100%| O|  |TAMS 0x000000070ec00000| PB 0x000000070ec00000| Untracked 
|  41|0x000000070ee00000, 0x000000070f000000, 0x000000070f000000|100%| O|  |TAMS 0x000000070ee00000| PB 0x000000070ee00000| Untracked 
|  42|0x000000070f000000, 0x000000070f200000, 0x000000070f200000|100%| O|  |TAMS 0x000000070f000000| PB 0x000000070f000000| Untracked 
|  43|0x000000070f200000, 0x000000070f400000, 0x000000070f400000|100%| O|  |TAMS 0x000000070f200000| PB 0x000000070f200000| Untracked 
|  44|0x000000070f400000, 0x000000070f600000, 0x000000070f600000|100%| O|  |TAMS 0x000000070f400000| PB 0x000000070f400000| Untracked 
|  45|0x000000070f600000, 0x000000070f800000, 0x000000070f800000|100%| O|  |TAMS 0x000000070f600000| PB 0x000000070f600000| Untracked 
|  46|0x000000070f800000, 0x000000070fa00000, 0x000000070fa00000|100%| O|  |TAMS 0x000000070f800000| PB 0x000000070f800000| Untracked 
|  47|0x000000070fa00000, 0x000000070fc00000, 0x000000070fc00000|100%| O|  |TAMS 0x000000070fa00000| PB 0x000000070fa00000| Untracked 
|  48|0x000000070fc00000, 0x000000070fe00000, 0x000000070fe00000|100%| O|  |TAMS 0x000000070fc00000| PB 0x000000070fc00000| Untracked 
|  49|0x000000070fe00000, 0x0000000710000000, 0x0000000710000000|100%| O|  |TAMS 0x000000070fe00000| PB 0x000000070fe00000| Untracked 
|  50|0x0000000710000000, 0x0000000710200000, 0x0000000710200000|100%| O|  |TAMS 0x0000000710000000| PB 0x0000000710000000| Untracked 
|  51|0x0000000710200000, 0x0000000710400000, 0x0000000710400000|100%| O|  |TAMS 0x0000000710200000| PB 0x0000000710200000| Untracked 
|  52|0x0000000710400000, 0x0000000710600000, 0x0000000710600000|100%| O|  |TAMS 0x0000000710400000| PB 0x0000000710400000| Untracked 
|  53|0x0000000710600000, 0x0000000710800000, 0x0000000710800000|100%| O|  |TAMS 0x0000000710600000| PB 0x0000000710600000| Untracked 
|  54|0x0000000710800000, 0x0000000710a00000, 0x0000000710a00000|100%| O|  |TAMS 0x0000000710800000| PB 0x0000000710800000| Untracked 
|  55|0x0000000710a00000, 0x0000000710c00000, 0x0000000710c00000|100%| O|  |TAMS 0x0000000710a00000| PB 0x0000000710a00000| Untracked 
|  56|0x0000000710c00000, 0x0000000710e00000, 0x0000000710e00000|100%| O|  |TAMS 0x0000000710c00000| PB 0x0000000710c00000| Untracked 
|  57|0x0000000710e00000, 0x0000000711000000, 0x0000000711000000|100%| O|  |TAMS 0x0000000710e00000| PB 0x0000000710e00000| Untracked 
|  58|0x0000000711000000, 0x0000000711200000, 0x0000000711200000|100%| O|  |TAMS 0x0000000711000000| PB 0x0000000711000000| Untracked 
|  59|0x0000000711200000, 0x0000000711400000, 0x0000000711400000|100%| O|  |TAMS 0x0000000711200000| PB 0x0000000711200000| Untracked 
|  60|0x0000000711400000, 0x0000000711600000, 0x0000000711600000|100%| O|  |TAMS 0x0000000711400000| PB 0x0000000711400000| Untracked 
|  61|0x0000000711600000, 0x0000000711800000, 0x0000000711800000|100%| O|  |TAMS 0x0000000711600000| PB 0x0000000711600000| Untracked 
|  62|0x0000000711800000, 0x0000000711a00000, 0x0000000711a00000|100%| O|  |TAMS 0x0000000711800000| PB 0x0000000711800000| Untracked 
|  63|0x0000000711a00000, 0x0000000711c00000, 0x0000000711c00000|100%| O|  |TAMS 0x0000000711a00000| PB 0x0000000711a00000| Untracked 
|  64|0x0000000711c00000, 0x0000000711e00000, 0x0000000711e00000|100%| O|  |TAMS 0x0000000711c00000| PB 0x0000000711c00000| Untracked 
|  65|0x0000000711e00000, 0x0000000712000000, 0x0000000712000000|100%| O|  |TAMS 0x0000000711e00000| PB 0x0000000711e00000| Untracked 
|  66|0x0000000712000000, 0x0000000712200000, 0x0000000712200000|100%| O|  |TAMS 0x0000000712000000| PB 0x0000000712000000| Untracked 
|  67|0x0000000712200000, 0x0000000712400000, 0x0000000712400000|100%| O|  |TAMS 0x0000000712200000| PB 0x0000000712200000| Untracked 
|  68|0x0000000712400000, 0x0000000712600000, 0x0000000712600000|100%| O|  |TAMS 0x0000000712400000| PB 0x0000000712400000| Untracked 
|  69|0x0000000712600000, 0x0000000712800000, 0x0000000712800000|100%| O|  |TAMS 0x0000000712600000| PB 0x0000000712600000| Untracked 
|  70|0x0000000712800000, 0x0000000712a00000, 0x0000000712a00000|100%| O|  |TAMS 0x0000000712800000| PB 0x0000000712800000| Untracked 
|  71|0x0000000712a00000, 0x0000000712c00000, 0x0000000712c00000|100%| O|  |TAMS 0x0000000712a00000| PB 0x0000000712a00000| Untracked 
|  72|0x0000000712c00000, 0x0000000712e00000, 0x0000000712e00000|100%| O|  |TAMS 0x0000000712c00000| PB 0x0000000712c00000| Untracked 
|  73|0x0000000712e00000, 0x0000000713000000, 0x0000000713000000|100%| O|  |TAMS 0x0000000712e00000| PB 0x0000000712e00000| Untracked 
|  74|0x0000000713000000, 0x0000000713200000, 0x0000000713200000|100%| O|  |TAMS 0x0000000713000000| PB 0x0000000713000000| Untracked 
|  75|0x0000000713200000, 0x0000000713400000, 0x0000000713400000|100%| O|  |TAMS 0x0000000713200000| PB 0x0000000713200000| Untracked 
|  76|0x0000000713400000, 0x0000000713600000, 0x0000000713600000|100%| O|  |TAMS 0x0000000713400000| PB 0x0000000713400000| Untracked 
|  77|0x0000000713600000, 0x0000000713800000, 0x0000000713800000|100%| O|  |TAMS 0x0000000713600000| PB 0x0000000713600000| Untracked 
|  78|0x0000000713800000, 0x0000000713a00000, 0x0000000713a00000|100%| O|  |TAMS 0x0000000713800000| PB 0x0000000713800000| Untracked 
|  79|0x0000000713a00000, 0x0000000713c00000, 0x0000000713c00000|100%| O|  |TAMS 0x0000000713a00000| PB 0x0000000713a00000| Untracked 
|  80|0x0000000713c00000, 0x0000000713c00000, 0x0000000713e00000|  0%| F|  |TAMS 0x0000000713c00000| PB 0x0000000713c00000| Untracked 
|  81|0x0000000713e00000, 0x0000000714000000, 0x0000000714000000|100%|HS|  |TAMS 0x0000000713e00000| PB 0x0000000713e00000| Complete 
|  82|0x0000000714000000, 0x0000000714200000, 0x0000000714200000|100%|HC|  |TAMS 0x0000000714000000| PB 0x0000000714000000| Complete 
|  83|0x0000000714200000, 0x0000000714400000, 0x0000000714400000|100%| O|  |TAMS 0x0000000714200000| PB 0x0000000714200000| Untracked 
|  84|0x0000000714400000, 0x0000000714600000, 0x0000000714600000|100%| O|  |TAMS 0x0000000714400000| PB 0x0000000714400000| Untracked 
|  85|0x0000000714600000, 0x0000000714800000, 0x0000000714800000|100%| O|  |TAMS 0x0000000714600000| PB 0x0000000714600000| Untracked 
|  86|0x0000000714800000, 0x0000000714a00000, 0x0000000714a00000|100%| O|  |TAMS 0x0000000714800000| PB 0x0000000714800000| Untracked 
|  87|0x0000000714a00000, 0x0000000714c00000, 0x0000000714c00000|100%| O|  |TAMS 0x0000000714a00000| PB 0x0000000714a00000| Untracked 
|  88|0x0000000714c00000, 0x0000000714e00000, 0x0000000714e00000|100%| O|  |TAMS 0x0000000714c00000| PB 0x0000000714c00000| Untracked 
|  89|0x0000000714e00000, 0x0000000715000000, 0x0000000715000000|100%| O|  |TAMS 0x0000000714e00000| PB 0x0000000714e00000| Untracked 
|  90|0x0000000715000000, 0x0000000715200000, 0x0000000715200000|100%| O|  |TAMS 0x0000000715000000| PB 0x0000000715000000| Untracked 
|  91|0x0000000715200000, 0x0000000715400000, 0x0000000715400000|100%| O|  |TAMS 0x0000000715200000| PB 0x0000000715200000| Untracked 
|  92|0x0000000715400000, 0x0000000715600000, 0x0000000715600000|100%| O|  |TAMS 0x0000000715400000| PB 0x0000000715400000| Untracked 
|  93|0x0000000715600000, 0x0000000715800000, 0x0000000715800000|100%| O|  |TAMS 0x0000000715600000| PB 0x0000000715600000| Untracked 
|  94|0x0000000715800000, 0x0000000715a00000, 0x0000000715a00000|100%| O|  |TAMS 0x0000000715800000| PB 0x0000000715800000| Untracked 
|  95|0x0000000715a00000, 0x0000000715c00000, 0x0000000715c00000|100%| O|  |TAMS 0x0000000715a00000| PB 0x0000000715a00000| Untracked 
|  96|0x0000000715c00000, 0x0000000715e00000, 0x0000000715e00000|100%| O|  |TAMS 0x0000000715c00000| PB 0x0000000715c00000| Untracked 
|  97|0x0000000715e00000, 0x0000000716000000, 0x0000000716000000|100%| O|  |TAMS 0x0000000715e00000| PB 0x0000000715e00000| Untracked 
|  98|0x0000000716000000, 0x0000000716200000, 0x0000000716200000|100%| O|  |TAMS 0x0000000716000000| PB 0x0000000716000000| Untracked 
|  99|0x0000000716200000, 0x0000000716400000, 0x0000000716400000|100%| O|  |TAMS 0x0000000716200000| PB 0x0000000716200000| Untracked 
| 100|0x0000000716400000, 0x0000000716600000, 0x0000000716600000|100%| O|  |TAMS 0x0000000716400000| PB 0x0000000716400000| Untracked 
| 101|0x0000000716600000, 0x0000000716800000, 0x0000000716800000|100%| O|  |TAMS 0x0000000716600000| PB 0x0000000716600000| Untracked 
| 102|0x0000000716800000, 0x0000000716a00000, 0x0000000716a00000|100%| O|  |TAMS 0x0000000716800000| PB 0x0000000716800000| Untracked 
| 103|0x0000000716a00000, 0x0000000716a00000, 0x0000000716c00000|  0%| F|  |TAMS 0x0000000716a00000| PB 0x0000000716a00000| Untracked 
| 104|0x0000000716c00000, 0x0000000716e00000, 0x0000000716e00000|100%| O|  |TAMS 0x0000000716c00000| PB 0x0000000716c00000| Untracked 
| 105|0x0000000716e00000, 0x0000000717000000, 0x0000000717000000|100%| O|  |TAMS 0x0000000716e00000| PB 0x0000000716e00000| Untracked 
| 106|0x0000000717000000, 0x0000000717200000, 0x0000000717200000|100%| O|  |TAMS 0x0000000717000000| PB 0x0000000717000000| Untracked 
| 107|0x0000000717200000, 0x0000000717400000, 0x0000000717400000|100%| O|  |TAMS 0x0000000717200000| PB 0x0000000717200000| Untracked 
| 108|0x0000000717400000, 0x0000000717600000, 0x0000000717600000|100%| O|  |TAMS 0x0000000717400000| PB 0x0000000717400000| Untracked 
| 109|0x0000000717600000, 0x0000000717800000, 0x0000000717800000|100%| O|  |TAMS 0x0000000717600000| PB 0x0000000717600000| Untracked 
| 110|0x0000000717800000, 0x0000000717a00000, 0x0000000717a00000|100%| O|  |TAMS 0x0000000717800000| PB 0x0000000717800000| Untracked 
| 111|0x0000000717a00000, 0x0000000717c00000, 0x0000000717c00000|100%| O|  |TAMS 0x0000000717a00000| PB 0x0000000717a00000| Untracked 
| 112|0x0000000717c00000, 0x0000000717c00000, 0x0000000717e00000|  0%| F|  |TAMS 0x0000000717c00000| PB 0x0000000717c00000| Untracked 
| 113|0x0000000717e00000, 0x0000000717e00000, 0x0000000718000000|  0%| F|  |TAMS 0x0000000717e00000| PB 0x0000000717e00000| Untracked 
| 114|0x0000000718000000, 0x0000000718200000, 0x0000000718200000|100%| O|  |TAMS 0x0000000718000000| PB 0x0000000718000000| Untracked 
| 115|0x0000000718200000, 0x0000000718400000, 0x0000000718400000|100%| O|  |TAMS 0x0000000718200000| PB 0x0000000718200000| Untracked 
| 116|0x0000000718400000, 0x0000000718600000, 0x0000000718600000|100%| O|  |TAMS 0x0000000718400000| PB 0x0000000718400000| Untracked 
| 117|0x0000000718600000, 0x0000000718800000, 0x0000000718800000|100%| O|  |TAMS 0x0000000718600000| PB 0x0000000718600000| Untracked 
| 118|0x0000000718800000, 0x0000000718a00000, 0x0000000718a00000|100%| O|  |TAMS 0x0000000718800000| PB 0x0000000718800000| Untracked 
| 119|0x0000000718a00000, 0x0000000718c00000, 0x0000000718c00000|100%| O|  |TAMS 0x0000000718a00000| PB 0x0000000718a00000| Untracked 
| 120|0x0000000718c00000, 0x0000000718e00000, 0x0000000718e00000|100%| O|  |TAMS 0x0000000718c00000| PB 0x0000000718c00000| Untracked 
| 121|0x0000000718e00000, 0x0000000719000000, 0x0000000719000000|100%| O|  |TAMS 0x0000000718e00000| PB 0x0000000718e00000| Untracked 
| 122|0x0000000719000000, 0x0000000719200000, 0x0000000719200000|100%| O|  |TAMS 0x0000000719000000| PB 0x0000000719000000| Untracked 
| 123|0x0000000719200000, 0x0000000719400000, 0x0000000719400000|100%| O|  |TAMS 0x0000000719200000| PB 0x0000000719200000| Untracked 
| 124|0x0000000719400000, 0x0000000719600000, 0x0000000719600000|100%| O|  |TAMS 0x0000000719400000| PB 0x0000000719400000| Untracked 
| 125|0x0000000719600000, 0x0000000719800000, 0x0000000719800000|100%| O|  |TAMS 0x0000000719600000| PB 0x0000000719600000| Untracked 
| 126|0x0000000719800000, 0x0000000719a00000, 0x0000000719a00000|100%| O|  |TAMS 0x0000000719800000| PB 0x0000000719800000| Untracked 
| 127|0x0000000719a00000, 0x0000000719c00000, 0x0000000719c00000|100%| O|  |TAMS 0x0000000719a00000| PB 0x0000000719a00000| Untracked 
| 128|0x0000000719c00000, 0x0000000719e00000, 0x0000000719e00000|100%| O|  |TAMS 0x0000000719c00000| PB 0x0000000719c00000| Untracked 
| 129|0x0000000719e00000, 0x000000071a000000, 0x000000071a000000|100%| O|  |TAMS 0x0000000719e00000| PB 0x0000000719e00000| Untracked 
| 130|0x000000071a000000, 0x000000071a200000, 0x000000071a200000|100%| O|  |TAMS 0x000000071a000000| PB 0x000000071a000000| Untracked 
| 131|0x000000071a200000, 0x000000071a400000, 0x000000071a400000|100%| O|  |TAMS 0x000000071a200000| PB 0x000000071a200000| Untracked 
| 132|0x000000071a400000, 0x000000071a600000, 0x000000071a600000|100%|HS|  |TAMS 0x000000071a400000| PB 0x000000071a400000| Complete 
| 133|0x000000071a600000, 0x000000071a800000, 0x000000071a800000|100%| O|  |TAMS 0x000000071a600000| PB 0x000000071a600000| Untracked 
| 134|0x000000071a800000, 0x000000071aa00000, 0x000000071aa00000|100%| O|  |TAMS 0x000000071a800000| PB 0x000000071a800000| Untracked 
| 135|0x000000071aa00000, 0x000000071ac00000, 0x000000071ac00000|100%| O|  |TAMS 0x000000071aa00000| PB 0x000000071aa00000| Untracked 
| 136|0x000000071ac00000, 0x000000071ae00000, 0x000000071ae00000|100%| O|  |TAMS 0x000000071ac00000| PB 0x000000071ac00000| Untracked 
| 137|0x000000071ae00000, 0x000000071b000000, 0x000000071b000000|100%| O|  |TAMS 0x000000071ae00000| PB 0x000000071ae00000| Untracked 
| 138|0x000000071b000000, 0x000000071b200000, 0x000000071b200000|100%| O|  |TAMS 0x000000071b000000| PB 0x000000071b000000| Untracked 
| 139|0x000000071b200000, 0x000000071b400000, 0x000000071b400000|100%| O|  |TAMS 0x000000071b200000| PB 0x000000071b200000| Untracked 
| 140|0x000000071b400000, 0x000000071b600000, 0x000000071b600000|100%| O|  |TAMS 0x000000071b400000| PB 0x000000071b400000| Untracked 
| 141|0x000000071b600000, 0x000000071b800000, 0x000000071b800000|100%| O|  |TAMS 0x000000071b600000| PB 0x000000071b600000| Untracked 
| 142|0x000000071b800000, 0x000000071ba00000, 0x000000071ba00000|100%| O|  |TAMS 0x000000071b800000| PB 0x000000071b800000| Untracked 
| 143|0x000000071ba00000, 0x000000071bc00000, 0x000000071bc00000|100%| O|  |TAMS 0x000000071ba00000| PB 0x000000071ba00000| Untracked 
| 144|0x000000071bc00000, 0x000000071be00000, 0x000000071be00000|100%| O|  |TAMS 0x000000071bc00000| PB 0x000000071bc00000| Untracked 
| 145|0x000000071be00000, 0x000000071c000000, 0x000000071c000000|100%| O|  |TAMS 0x000000071be00000| PB 0x000000071be00000| Untracked 
| 146|0x000000071c000000, 0x000000071c200000, 0x000000071c200000|100%| O|  |TAMS 0x000000071c000000| PB 0x000000071c000000| Untracked 
| 147|0x000000071c200000, 0x000000071c400000, 0x000000071c400000|100%| O|  |TAMS 0x000000071c200000| PB 0x000000071c200000| Untracked 
| 148|0x000000071c400000, 0x000000071c600000, 0x000000071c600000|100%| O|  |TAMS 0x000000071c400000| PB 0x000000071c400000| Untracked 
| 149|0x000000071c600000, 0x000000071c800000, 0x000000071c800000|100%| O|  |TAMS 0x000000071c600000| PB 0x000000071c600000| Untracked 
| 150|0x000000071c800000, 0x000000071ca00000, 0x000000071ca00000|100%| O|  |TAMS 0x000000071c800000| PB 0x000000071c800000| Untracked 
| 151|0x000000071ca00000, 0x000000071cc00000, 0x000000071cc00000|100%| O|  |TAMS 0x000000071ca00000| PB 0x000000071ca00000| Untracked 
| 152|0x000000071cc00000, 0x000000071ce00000, 0x000000071ce00000|100%| O|  |TAMS 0x000000071cc00000| PB 0x000000071cc00000| Untracked 
| 153|0x000000071ce00000, 0x000000071d000000, 0x000000071d000000|100%| O|  |TAMS 0x000000071ce00000| PB 0x000000071ce00000| Untracked 
| 154|0x000000071d000000, 0x000000071d200000, 0x000000071d200000|100%| O|  |TAMS 0x000000071d000000| PB 0x000000071d000000| Untracked 
| 155|0x000000071d200000, 0x000000071d400000, 0x000000071d400000|100%| O|  |TAMS 0x000000071d200000| PB 0x000000071d200000| Untracked 
| 156|0x000000071d400000, 0x000000071d600000, 0x000000071d600000|100%| O|  |TAMS 0x000000071d400000| PB 0x000000071d400000| Untracked 
| 157|0x000000071d600000, 0x000000071d800000, 0x000000071d800000|100%| O|  |TAMS 0x000000071d600000| PB 0x000000071d600000| Untracked 
| 158|0x000000071d800000, 0x000000071da00000, 0x000000071da00000|100%| O|  |TAMS 0x000000071d800000| PB 0x000000071d800000| Untracked 
| 159|0x000000071da00000, 0x000000071dc00000, 0x000000071dc00000|100%| O|  |TAMS 0x000000071da00000| PB 0x000000071da00000| Untracked 
| 160|0x000000071dc00000, 0x000000071de00000, 0x000000071de00000|100%| O|  |TAMS 0x000000071dc00000| PB 0x000000071dc00000| Untracked 
| 161|0x000000071de00000, 0x000000071e000000, 0x000000071e000000|100%| O|  |TAMS 0x000000071de00000| PB 0x000000071de00000| Untracked 
| 162|0x000000071e000000, 0x000000071e200000, 0x000000071e200000|100%| O|  |TAMS 0x000000071e000000| PB 0x000000071e000000| Untracked 
| 163|0x000000071e200000, 0x000000071e400000, 0x000000071e400000|100%| O|  |TAMS 0x000000071e200000| PB 0x000000071e200000| Untracked 
| 164|0x000000071e400000, 0x000000071e600000, 0x000000071e600000|100%| O|  |TAMS 0x000000071e400000| PB 0x000000071e400000| Untracked 
| 165|0x000000071e600000, 0x000000071e800000, 0x000000071e800000|100%| O|  |TAMS 0x000000071e600000| PB 0x000000071e600000| Untracked 
| 166|0x000000071e800000, 0x000000071ea00000, 0x000000071ea00000|100%| O|  |TAMS 0x000000071e800000| PB 0x000000071e800000| Untracked 
| 167|0x000000071ea00000, 0x000000071ec00000, 0x000000071ec00000|100%| O|  |TAMS 0x000000071ea00000| PB 0x000000071ea00000| Untracked 
| 168|0x000000071ec00000, 0x000000071ee00000, 0x000000071ee00000|100%| O|  |TAMS 0x000000071ec00000| PB 0x000000071ec00000| Untracked 
| 169|0x000000071ee00000, 0x000000071f000000, 0x000000071f000000|100%| O|  |TAMS 0x000000071ee00000| PB 0x000000071ee00000| Untracked 
| 170|0x000000071f000000, 0x000000071f200000, 0x000000071f200000|100%| O|  |TAMS 0x000000071f000000| PB 0x000000071f000000| Untracked 
| 171|0x000000071f200000, 0x000000071f21cd08, 0x000000071f400000|  5%| O|  |TAMS 0x000000071f200000| PB 0x000000071f200000| Untracked 
| 172|0x000000071f400000, 0x000000071f400000, 0x000000071f600000|  0%| F|  |TAMS 0x000000071f400000| PB 0x000000071f400000| Untracked 
| 173|0x000000071f600000, 0x000000071f600000, 0x000000071f800000|  0%| F|  |TAMS 0x000000071f600000| PB 0x000000071f600000| Untracked 
| 174|0x000000071f800000, 0x000000071f800000, 0x000000071fa00000|  0%| F|  |TAMS 0x000000071f800000| PB 0x000000071f800000| Untracked 
| 175|0x000000071fa00000, 0x000000071fa00000, 0x000000071fc00000|  0%| F|  |TAMS 0x000000071fa00000| PB 0x000000071fa00000| Untracked 
| 176|0x000000071fc00000, 0x000000071fc00000, 0x000000071fe00000|  0%| F|  |TAMS 0x000000071fc00000| PB 0x000000071fc00000| Untracked 
| 177|0x000000071fe00000, 0x000000071fe00000, 0x0000000720000000|  0%| F|  |TAMS 0x000000071fe00000| PB 0x000000071fe00000| Untracked 
| 178|0x0000000720000000, 0x0000000720000000, 0x0000000720200000|  0%| F|  |TAMS 0x0000000720000000| PB 0x0000000720000000| Untracked 
| 179|0x0000000720200000, 0x0000000720200000, 0x0000000720400000|  0%| F|  |TAMS 0x0000000720200000| PB 0x0000000720200000| Untracked 
| 180|0x0000000720400000, 0x0000000720400000, 0x0000000720600000|  0%| F|  |TAMS 0x0000000720400000| PB 0x0000000720400000| Untracked 
| 181|0x0000000720600000, 0x0000000720600000, 0x0000000720800000|  0%| F|  |TAMS 0x0000000720600000| PB 0x0000000720600000| Untracked 
| 182|0x0000000720800000, 0x0000000720800000, 0x0000000720a00000|  0%| F|  |TAMS 0x0000000720800000| PB 0x0000000720800000| Untracked 
| 183|0x0000000720a00000, 0x0000000720a00000, 0x0000000720c00000|  0%| F|  |TAMS 0x0000000720a00000| PB 0x0000000720a00000| Untracked 
| 184|0x0000000720c00000, 0x0000000720c00000, 0x0000000720e00000|  0%| F|  |TAMS 0x0000000720c00000| PB 0x0000000720c00000| Untracked 
| 185|0x0000000720e00000, 0x0000000720e00000, 0x0000000721000000|  0%| F|  |TAMS 0x0000000720e00000| PB 0x0000000720e00000| Untracked 
| 186|0x0000000721000000, 0x0000000721000000, 0x0000000721200000|  0%| F|  |TAMS 0x0000000721000000| PB 0x0000000721000000| Untracked 
| 187|0x0000000721200000, 0x0000000721200000, 0x0000000721400000|  0%| F|  |TAMS 0x0000000721200000| PB 0x0000000721200000| Untracked 
| 188|0x0000000721400000, 0x0000000721400000, 0x0000000721600000|  0%| F|  |TAMS 0x0000000721400000| PB 0x0000000721400000| Untracked 
| 189|0x0000000721600000, 0x0000000721600000, 0x0000000721800000|  0%| F|  |TAMS 0x0000000721600000| PB 0x0000000721600000| Untracked 
| 190|0x0000000721800000, 0x0000000721800000, 0x0000000721a00000|  0%| F|  |TAMS 0x0000000721800000| PB 0x0000000721800000| Untracked 
| 191|0x0000000721a00000, 0x0000000721a00000, 0x0000000721c00000|  0%| F|  |TAMS 0x0000000721a00000| PB 0x0000000721a00000| Untracked 
| 192|0x0000000721c00000, 0x0000000721c00000, 0x0000000721e00000|  0%| F|  |TAMS 0x0000000721c00000| PB 0x0000000721c00000| Untracked 
| 193|0x0000000721e00000, 0x0000000721e00000, 0x0000000722000000|  0%| F|  |TAMS 0x0000000721e00000| PB 0x0000000721e00000| Untracked 
| 194|0x0000000722000000, 0x0000000722000000, 0x0000000722200000|  0%| F|  |TAMS 0x0000000722000000| PB 0x0000000722000000| Untracked 
| 195|0x0000000722200000, 0x0000000722200000, 0x0000000722400000|  0%| F|  |TAMS 0x0000000722200000| PB 0x0000000722200000| Untracked 
| 196|0x0000000722400000, 0x0000000722400000, 0x0000000722600000|  0%| F|  |TAMS 0x0000000722400000| PB 0x0000000722400000| Untracked 
| 197|0x0000000722600000, 0x0000000722703c50, 0x0000000722800000| 50%| S|CS|TAMS 0x0000000722600000| PB 0x0000000722600000| Complete 
| 198|0x0000000722800000, 0x0000000722a00000, 0x0000000722a00000|100%| S|CS|TAMS 0x0000000722800000| PB 0x0000000722800000| Complete 
| 199|0x0000000722a00000, 0x0000000722c00000, 0x0000000722c00000|100%| S|CS|TAMS 0x0000000722a00000| PB 0x0000000722a00000| Complete 
| 200|0x0000000722c00000, 0x0000000722e00000, 0x0000000722e00000|100%| S|CS|TAMS 0x0000000722c00000| PB 0x0000000722c00000| Complete 
| 201|0x0000000722e00000, 0x0000000722e00000, 0x0000000723000000|  0%| F|  |TAMS 0x0000000722e00000| PB 0x0000000722e00000| Untracked 
| 202|0x0000000723000000, 0x0000000723000000, 0x0000000723200000|  0%| F|  |TAMS 0x0000000723000000| PB 0x0000000723000000| Untracked 
| 203|0x0000000723200000, 0x0000000723200000, 0x0000000723400000|  0%| F|  |TAMS 0x0000000723200000| PB 0x0000000723200000| Untracked 
| 204|0x0000000723400000, 0x0000000723400000, 0x0000000723600000|  0%| F|  |TAMS 0x0000000723400000| PB 0x0000000723400000| Untracked 
| 205|0x0000000723600000, 0x0000000723600000, 0x0000000723800000|  0%| F|  |TAMS 0x0000000723600000| PB 0x0000000723600000| Untracked 
| 206|0x0000000723800000, 0x0000000723800000, 0x0000000723a00000|  0%| F|  |TAMS 0x0000000723800000| PB 0x0000000723800000| Untracked 
| 207|0x0000000723a00000, 0x0000000723a00000, 0x0000000723c00000|  0%| F|  |TAMS 0x0000000723a00000| PB 0x0000000723a00000| Untracked 
| 208|0x0000000723c00000, 0x0000000723c00000, 0x0000000723e00000|  0%| F|  |TAMS 0x0000000723c00000| PB 0x0000000723c00000| Untracked 
| 209|0x0000000723e00000, 0x0000000723e00000, 0x0000000724000000|  0%| F|  |TAMS 0x0000000723e00000| PB 0x0000000723e00000| Untracked 
| 210|0x0000000724000000, 0x0000000724000000, 0x0000000724200000|  0%| F|  |TAMS 0x0000000724000000| PB 0x0000000724000000| Untracked 
| 211|0x0000000724200000, 0x0000000724200000, 0x0000000724400000|  0%| F|  |TAMS 0x0000000724200000| PB 0x0000000724200000| Untracked 
| 212|0x0000000724400000, 0x0000000724400000, 0x0000000724600000|  0%| F|  |TAMS 0x0000000724400000| PB 0x0000000724400000| Untracked 
| 213|0x0000000724600000, 0x0000000724600000, 0x0000000724800000|  0%| F|  |TAMS 0x0000000724600000| PB 0x0000000724600000| Untracked 
| 214|0x0000000724800000, 0x0000000724800000, 0x0000000724a00000|  0%| F|  |TAMS 0x0000000724800000| PB 0x0000000724800000| Untracked 
| 215|0x0000000724a00000, 0x0000000724a00000, 0x0000000724c00000|  0%| F|  |TAMS 0x0000000724a00000| PB 0x0000000724a00000| Untracked 
| 216|0x0000000724c00000, 0x0000000724c00000, 0x0000000724e00000|  0%| F|  |TAMS 0x0000000724c00000| PB 0x0000000724c00000| Untracked 
| 217|0x0000000724e00000, 0x0000000724e00000, 0x0000000725000000|  0%| F|  |TAMS 0x0000000724e00000| PB 0x0000000724e00000| Untracked 
| 218|0x0000000725000000, 0x0000000725000000, 0x0000000725200000|  0%| F|  |TAMS 0x0000000725000000| PB 0x0000000725000000| Untracked 
| 219|0x0000000725200000, 0x0000000725200000, 0x0000000725400000|  0%| F|  |TAMS 0x0000000725200000| PB 0x0000000725200000| Untracked 
| 220|0x0000000725400000, 0x0000000725400000, 0x0000000725600000|  0%| F|  |TAMS 0x0000000725400000| PB 0x0000000725400000| Untracked 
| 221|0x0000000725600000, 0x0000000725600000, 0x0000000725800000|  0%| F|  |TAMS 0x0000000725600000| PB 0x0000000725600000| Untracked 
| 222|0x0000000725800000, 0x0000000725800000, 0x0000000725a00000|  0%| F|  |TAMS 0x0000000725800000| PB 0x0000000725800000| Untracked 
| 223|0x0000000725a00000, 0x0000000725a00000, 0x0000000725c00000|  0%| F|  |TAMS 0x0000000725a00000| PB 0x0000000725a00000| Untracked 
| 224|0x0000000725c00000, 0x0000000725c00000, 0x0000000725e00000|  0%| F|  |TAMS 0x0000000725c00000| PB 0x0000000725c00000| Untracked 
| 225|0x0000000725e00000, 0x0000000725e00000, 0x0000000726000000|  0%| F|  |TAMS 0x0000000725e00000| PB 0x0000000725e00000| Untracked 
| 226|0x0000000726000000, 0x0000000726000000, 0x0000000726200000|  0%| F|  |TAMS 0x0000000726000000| PB 0x0000000726000000| Untracked 
| 227|0x0000000726200000, 0x0000000726200000, 0x0000000726400000|  0%| F|  |TAMS 0x0000000726200000| PB 0x0000000726200000| Untracked 
| 228|0x0000000726400000, 0x0000000726400000, 0x0000000726600000|  0%| F|  |TAMS 0x0000000726400000| PB 0x0000000726400000| Untracked 
| 229|0x0000000726600000, 0x0000000726600000, 0x0000000726800000|  0%| F|  |TAMS 0x0000000726600000| PB 0x0000000726600000| Untracked 
| 230|0x0000000726800000, 0x0000000726800000, 0x0000000726a00000|  0%| F|  |TAMS 0x0000000726800000| PB 0x0000000726800000| Untracked 
| 231|0x0000000726a00000, 0x0000000726a00000, 0x0000000726c00000|  0%| F|  |TAMS 0x0000000726a00000| PB 0x0000000726a00000| Untracked 
| 232|0x0000000726c00000, 0x0000000726c00000, 0x0000000726e00000|  0%| F|  |TAMS 0x0000000726c00000| PB 0x0000000726c00000| Untracked 
| 233|0x0000000726e00000, 0x0000000726e00000, 0x0000000727000000|  0%| F|  |TAMS 0x0000000726e00000| PB 0x0000000726e00000| Untracked 

Card table byte_map: [0x0000024473410000,0x0000024473bd0000] _byte_map_base: 0x000002446fbc2000

Marking Bits: (CMBitMap*) 0x000002446f79daa0
 Bits: [0x0000024473bd0000, 0x0000024477960000)

Polling page: 0x000002446d6b0000

Metaspace:

Usage:
  Non-class:     41.12 MB used.
      Class:      4.78 MB used.
       Both:     45.90 MB used.

Virtual space:
  Non-class space:       64.00 MB reserved,      41.75 MB ( 65%) committed,  1 nodes.
      Class space:        1.00 GB reserved,       5.25 MB ( <1%) committed,  1 nodes.
             Both:        1.06 GB reserved,      47.00 MB (  4%) committed. 

Chunk freelists:
   Non-Class:  6.02 MB
       Class:  10.67 MB
        Both:  16.69 MB

MaxMetaspaceSize: unlimited
CompressedClassSpaceSize: 1.00 GB
Initial GC threshold: 21.00 MB
Current GC threshold: 78.25 MB
CDS: on
 - commit_granule_bytes: 65536.
 - commit_granule_words: 8192.
 - virtual_space_node_default_size: 8388608.
 - enlarge_chunks_in_place: 1.
 - use_allocation_guard: 0.


Internal statistics:

num_allocs_failed_limit: 6.
num_arena_births: 862.
num_arena_deaths: 44.
num_vsnodes_births: 2.
num_vsnodes_deaths: 0.
num_space_committed: 752.
num_space_uncommitted: 0.
num_chunks_returned_to_freelist: 62.
num_chunks_taken_from_freelist: 2944.
num_chunk_merges: 10.
num_chunk_splits: 1851.
num_chunks_enlarged: 1109.
num_inconsistent_stats: 0.

CodeHeap 'non-profiled nmethods': size=120000Kb used=5079Kb max_used=5079Kb free=114920Kb
 bounds [0x0000024407ad0000, 0x0000024407fd0000, 0x000002440f000000]
CodeHeap 'profiled nmethods': size=120000Kb used=12281Kb max_used=14033Kb free=107718Kb
 bounds [0x0000024400000000, 0x0000024400dc0000, 0x0000024407530000]
CodeHeap 'non-nmethods': size=5760Kb used=1643Kb max_used=1730Kb free=4116Kb
 bounds [0x0000024407530000, 0x00000244077a0000, 0x0000024407ad0000]
 total_blobs=7016 nmethods=6327 adapters=593
 compilation: enabled
              stopped_count=0, restarted_count=0
 full_count=0

Compilation events (20 events):
Event: 12.183 Thread 0x000002447a3a1910 nmethod 7824 0x0000024407fbf290 code [0x0000024407fbf460, 0x0000024407fbf7f0]
Event: 12.183 Thread 0x000002447a3a1910 7822       4       org.eclipse.jdt.internal.core.search.indexing.AbstractIndexer::addFieldReference (6 bytes)
Event: 12.184 Thread 0x000002447a3de780 7841       3       org.eclipse.core.internal.jobs.JobManager::scheduleInternal (149 bytes)
Event: 12.185 Thread 0x000002447a3de780 nmethod 7841 0x0000024400407410 code [0x0000024400407700, 0x0000024400408458]
Event: 12.185 Thread 0x000002447a3de780 7842       3       org.eclipse.core.internal.jobs.InternalJob::isAboutToRunCanceled (15 bytes)
Event: 12.186 Thread 0x000002447a3a1910 nmethod 7822 0x0000024407fbfa90 code [0x0000024407fbfc40, 0x0000024407fbfec0]
Event: 12.186 Thread 0x000002447a3de780 nmethod 7842 0x0000024400079e10 code [0x0000024400079fc0, 0x000002440007a138]
Event: 12.186 Thread 0x000002447a3a1910 7835       4       org.eclipse.jdt.internal.core.search.indexing.AbstractIndexer::addIndexMetaQualification (44 bytes)
Event: 12.186 Thread 0x000002447a3de780 7843       3       org.eclipse.core.runtime.SubMonitor::cleanupActiveChild (22 bytes)
Event: 12.187 Thread 0x000002447a3de780 nmethod 7843 0x00000244001cf910 code [0x00000244001cfac0, 0x00000244001cfca8]
Event: 12.188 Thread 0x00000244514aa6b0 nmethod 7815 0x0000024407fc0110 code [0x0000024407fc04e0, 0x0000024407fc32a8]
Event: 12.189 Thread 0x00000244514aa6b0 7826       4       org.eclipse.jdt.core.compiler.CharOperation::contains (24 bytes)
Event: 12.190 Thread 0x00000244514aa6b0 nmethod 7826 0x0000024407fc4b90 code [0x0000024407fc4d20, 0x0000024407fc4e90]
Event: 12.190 Thread 0x00000244514aa6b0 7825       4       org.eclipse.jdt.core.search.SearchDocument::addIndexEntry (21 bytes)
Event: 12.191 Thread 0x000002447a3a1910 nmethod 7835 0x0000024407fc4f90 code [0x0000024407fc5160, 0x0000024407fc5540]
Event: 12.191 Thread 0x000002447a3a1910 7833       4       org.eclipse.jdt.internal.core.search.indexing.BinaryIndexer::extractArgCount (8 bytes)
Event: 12.192 Thread 0x00000244514aa6b0 nmethod 7825 0x0000024407fc5810 code [0x0000024407fc59c0, 0x0000024407fc5c30]
Event: 12.193 Thread 0x00000244514aa6b0 7818       4       org.eclipse.jdt.internal.core.search.indexing.AbstractIndexer::addTypeReference (7 bytes)
Event: 12.197 Thread 0x000002447a3de780 7845       3       org.eclipse.jdt.internal.core.search.indexing.BinaryContainer::isIdentifier (52 bytes)
Event: 12.198 Thread 0x000002447a3de780 nmethod 7845 0x000002440001dd10 code [0x000002440001dee0, 0x000002440001e168]

GC Heap History (20 events):
Event: 8.627 GC heap after
{Heap after GC invocations=26 (full 0):
 garbage-first heap   total 249856K, used 104089K [0x0000000709c00000, 0x0000000800000000)
  region size 2048K, 3 young (6144K), 3 survivors (6144K)
 Metaspace       used 46913K, committed 48064K, reserved 1114112K
  class space    used 4892K, committed 5376K, reserved 1048576K
}
Event: 9.039 GC heap before
{Heap before GC invocations=26 (full 0):
 garbage-first heap   total 249856K, used 202393K [0x0000000709c00000, 0x0000000800000000)
  region size 2048K, 50 young (102400K), 3 survivors (6144K)
 Metaspace       used 46913K, committed 48064K, reserved 1114112K
  class space    used 4892K, committed 5376K, reserved 1048576K
}
Event: 9.052 GC heap after
{Heap after GC invocations=27 (full 0):
 garbage-first heap   total 249856K, used 127640K [0x0000000709c00000, 0x0000000800000000)
  region size 2048K, 7 young (14336K), 7 survivors (14336K)
 Metaspace       used 46913K, committed 48064K, reserved 1114112K
  class space    used 4892K, committed 5376K, reserved 1048576K
}
Event: 9.322 GC heap before
{Heap before GC invocations=27 (full 0):
 garbage-first heap   total 249856K, used 207512K [0x0000000709c00000, 0x0000000800000000)
  region size 2048K, 46 young (94208K), 7 survivors (14336K)
 Metaspace       used 46914K, committed 48064K, reserved 1114112K
  class space    used 4892K, committed 5376K, reserved 1048576K
}
Event: 9.332 GC heap after
{Heap after GC invocations=28 (full 0):
 garbage-first heap   total 249856K, used 145657K [0x0000000709c00000, 0x0000000800000000)
  region size 2048K, 6 young (12288K), 6 survivors (12288K)
 Metaspace       used 46914K, committed 48064K, reserved 1114112K
  class space    used 4892K, committed 5376K, reserved 1048576K
}
Event: 9.511 GC heap before
{Heap before GC invocations=28 (full 0):
 garbage-first heap   total 249856K, used 213241K [0x0000000709c00000, 0x0000000800000000)
  region size 2048K, 39 young (79872K), 6 survivors (12288K)
 Metaspace       used 46914K, committed 48064K, reserved 1114112K
  class space    used 4892K, committed 5376K, reserved 1048576K
}
Event: 9.521 GC heap after
{Heap after GC invocations=29 (full 0):
 garbage-first heap   total 249856K, used 161074K [0x0000000709c00000, 0x0000000800000000)
  region size 2048K, 5 young (10240K), 5 survivors (10240K)
 Metaspace       used 46914K, committed 48064K, reserved 1114112K
  class space    used 4892K, committed 5376K, reserved 1048576K
}
Event: 9.673 GC heap before
{Heap before GC invocations=30 (full 0):
 garbage-first heap   total 270336K, used 218418K [0x0000000709c00000, 0x0000000800000000)
  region size 2048K, 33 young (67584K), 5 survivors (10240K)
 Metaspace       used 46914K, committed 48064K, reserved 1114112K
  class space    used 4892K, committed 5376K, reserved 1048576K
}
Event: 9.680 GC heap after
{Heap after GC invocations=31 (full 0):
 garbage-first heap   total 270336K, used 175361K [0x0000000709c00000, 0x0000000800000000)
  region size 2048K, 5 young (10240K), 5 survivors (10240K)
 Metaspace       used 46914K, committed 48064K, reserved 1114112K
  class space    used 4892K, committed 5376K, reserved 1048576K
}
Event: 9.835 GC heap before
{Heap before GC invocations=31 (full 0):
 garbage-first heap   total 270336K, used 240897K [0x0000000709c00000, 0x0000000800000000)
  region size 2048K, 35 young (71680K), 5 survivors (10240K)
 Metaspace       used 46914K, committed 48064K, reserved 1114112K
  class space    used 4892K, committed 5376K, reserved 1048576K
}
Event: 9.845 GC heap after
{Heap after GC invocations=32 (full 0):
 garbage-first heap   total 436224K, used 190091K [0x0000000709c00000, 0x0000000800000000)
  region size 2048K, 5 young (10240K), 5 survivors (10240K)
 Metaspace       used 46914K, committed 48064K, reserved 1114112K
  class space    used 4892K, committed 5376K, reserved 1048576K
}
Event: 10.212 GC heap before
{Heap before GC invocations=32 (full 0):
 garbage-first heap   total 436224K, used 353931K [0x0000000709c00000, 0x0000000800000000)
  region size 2048K, 85 young (174080K), 5 survivors (10240K)
 Metaspace       used 46920K, committed 48064K, reserved 1114112K
  class space    used 4892K, committed 5376K, reserved 1048576K
}
Event: 10.227 GC heap after
{Heap after GC invocations=33 (full 0):
 garbage-first heap   total 436224K, used 224936K [0x0000000709c00000, 0x0000000800000000)
  region size 2048K, 11 young (22528K), 11 survivors (22528K)
 Metaspace       used 46920K, committed 48064K, reserved 1114112K
  class space    used 4892K, committed 5376K, reserved 1048576K
}
Event: 10.475 GC heap before
{Heap before GC invocations=33 (full 0):
 garbage-first heap   total 436224K, used 358056K [0x0000000709c00000, 0x0000000800000000)
  region size 2048K, 76 young (155648K), 11 survivors (22528K)
 Metaspace       used 46920K, committed 48064K, reserved 1114112K
  class space    used 4892K, committed 5376K, reserved 1048576K
}
Event: 10.490 GC heap after
{Heap after GC invocations=34 (full 0):
 garbage-first heap   total 436224K, used 254076K [0x0000000709c00000, 0x0000000800000000)
  region size 2048K, 10 young (20480K), 10 survivors (20480K)
 Metaspace       used 46920K, committed 48064K, reserved 1114112K
  class space    used 4892K, committed 5376K, reserved 1048576K
}
Event: 10.677 GC heap before
{Heap before GC invocations=34 (full 0):
 garbage-first heap   total 436224K, used 372860K [0x0000000709c00000, 0x0000000800000000)
  region size 2048K, 68 young (139264K), 10 survivors (20480K)
 Metaspace       used 46920K, committed 48064K, reserved 1114112K
  class space    used 4892K, committed 5376K, reserved 1048576K
}
Event: 10.690 GC heap after
{Heap after GC invocations=35 (full 0):
 garbage-first heap   total 436224K, used 287018K [0x0000000709c00000, 0x0000000800000000)
  region size 2048K, 9 young (18432K), 9 survivors (18432K)
 Metaspace       used 46920K, committed 48064K, reserved 1114112K
  class space    used 4892K, committed 5376K, reserved 1048576K
}
Event: 11.525 GC heap before
{Heap before GC invocations=36 (full 0):
 garbage-first heap   total 479232K, used 381226K [0x0000000709c00000, 0x0000000800000000)
  region size 2048K, 55 young (112640K), 9 survivors (18432K)
 Metaspace       used 46949K, committed 48064K, reserved 1114112K
  class space    used 4892K, committed 5376K, reserved 1048576K
}
Event: 11.549 GC heap after
{Heap after GC invocations=37 (full 0):
 garbage-first heap   total 479232K, used 343720K [0x0000000709c00000, 0x0000000800000000)
  region size 2048K, 7 young (14336K), 7 survivors (14336K)
 Metaspace       used 46949K, committed 48064K, reserved 1114112K
  class space    used 4892K, committed 5376K, reserved 1048576K
}
Event: 12.201 GC heap before
{Heap before GC invocations=37 (full 0):
 garbage-first heap   total 479232K, used 411304K [0x0000000709c00000, 0x0000000800000000)
  region size 2048K, 40 young (81920K), 7 survivors (14336K)
 Metaspace       used 46997K, committed 48128K, reserved 1114112K
  class space    used 4895K, committed 5376K, reserved 1048576K
}

Dll operation events (10 events):
Event: 0.016 Loaded shared library c:\Users\moon\.vscode\extensions\redhat.java-1.41.1-win32-x64\jre\21.0.6-win32-x86_64\bin\java.dll
Event: 0.068 Loaded shared library c:\Users\moon\.vscode\extensions\redhat.java-1.41.1-win32-x64\jre\21.0.6-win32-x86_64\bin\zip.dll
Event: 0.222 Loaded shared library C:\Users\moon\.vscode\extensions\redhat.java-1.41.1-win32-x64\jre\21.0.6-win32-x86_64\bin\instrument.dll
Event: 0.231 Loaded shared library C:\Users\moon\.vscode\extensions\redhat.java-1.41.1-win32-x64\jre\21.0.6-win32-x86_64\bin\net.dll
Event: 0.236 Loaded shared library C:\Users\moon\.vscode\extensions\redhat.java-1.41.1-win32-x64\jre\21.0.6-win32-x86_64\bin\nio.dll
Event: 0.244 Loaded shared library C:\Users\moon\.vscode\extensions\redhat.java-1.41.1-win32-x64\jre\21.0.6-win32-x86_64\bin\zip.dll
Event: 0.273 Loaded shared library C:\Users\moon\.vscode\extensions\redhat.java-1.41.1-win32-x64\jre\21.0.6-win32-x86_64\bin\jimage.dll
Event: 0.389 Loaded shared library c:\Users\moon\.vscode\extensions\redhat.java-1.41.1-win32-x64\jre\21.0.6-win32-x86_64\bin\verify.dll
Event: 2.253 Loaded shared library C:\Users\moon\AppData\Roaming\Code\User\globalStorage\redhat.java\1.41.1\config_win\org.eclipse.equinox.launcher\org.eclipse.equinox.launcher.win32.win32.x86_64_1.2.1300.v20250331-1702\eclipse_11911.dll
Event: 3.559 Loaded shared library C:\Users\moon\AppData\Local\Temp\jna-3357441\jna15274209672397874403.dll

Deoptimization events (20 events):
Event: 12.142 Thread 0x000002447fb1f910 DEOPT PACKING pc=0x0000024400c77ddd sp=0x0000004f8a9fec10
Event: 12.142 Thread 0x000002447fb1f910 DEOPT UNPACKING pc=0x0000024407584e42 sp=0x0000004f8a9fe088 mode 0
Event: 12.144 Thread 0x000002447fb1f910 DEOPT PACKING pc=0x0000024400c77ddd sp=0x0000004f8a9feb30
Event: 12.144 Thread 0x000002447fb1f910 DEOPT UNPACKING pc=0x0000024407584e42 sp=0x0000004f8a9fdfa8 mode 0
Event: 12.145 Thread 0x000002447fb1f910 DEOPT PACKING pc=0x0000024400c83ced sp=0x0000004f8a9fec90
Event: 12.145 Thread 0x000002447fb1f910 DEOPT UNPACKING pc=0x0000024407584e42 sp=0x0000004f8a9fe0a8 mode 0
Event: 12.148 Thread 0x000002447fb1f910 DEOPT PACKING pc=0x0000024400c77ddd sp=0x0000004f8a9fec10
Event: 12.148 Thread 0x000002447fb1f910 DEOPT UNPACKING pc=0x0000024407584e42 sp=0x0000004f8a9fe088 mode 0
Event: 12.149 Thread 0x000002447fb1f910 DEOPT PACKING pc=0x0000024400c83ced sp=0x0000004f8a9fec50
Event: 12.149 Thread 0x000002447fb1f910 DEOPT UNPACKING pc=0x0000024407584e42 sp=0x0000004f8a9fe068 mode 0
Event: 12.151 Thread 0x000002447fb1f910 DEOPT PACKING pc=0x0000024400c77ddd sp=0x0000004f8a9fe9f0
Event: 12.151 Thread 0x000002447fb1f910 DEOPT UNPACKING pc=0x0000024407584e42 sp=0x0000004f8a9fde68 mode 0
Event: 12.156 Thread 0x000002447fb1f910 Uncommon trap: trap_request=0xffffff45 fr.pc=0x0000024407f52a90 relative=0x00000000000000d0
Event: 12.156 Thread 0x000002447fb1f910 Uncommon trap: reason=unstable_if action=reinterpret pc=0x0000024407f52a90 method=org.eclipse.jdt.internal.core.search.indexing.BinaryContainer.isIdentifier()Z @ 14 c2
Event: 12.156 Thread 0x000002447fb1f910 DEOPT PACKING pc=0x0000024407f52a90 sp=0x0000004f8a9ff020
Event: 12.156 Thread 0x000002447fb1f910 DEOPT UNPACKING pc=0x00000244075846a2 sp=0x0000004f8a9fefb8 mode 2
Event: 12.184 Thread 0x000002447fb1f910 Uncommon trap: trap_request=0xffffffbe fr.pc=0x0000024407b4e328 relative=0x00000000000007e8
Event: 12.184 Thread 0x000002447fb1f910 Uncommon trap: reason=profile_predicate action=maybe_recompile pc=0x0000024407b4e328 method=org.eclipse.jdt.internal.compiler.util.SimpleLookupTable.put(Ljava/lang/Object;Ljava/lang/Object;)Ljava/lang/Object; @ 61 c2
Event: 12.184 Thread 0x000002447fb1f910 DEOPT PACKING pc=0x0000024407b4e328 sp=0x0000004f8a9fef80
Event: 12.184 Thread 0x000002447fb1f910 DEOPT UNPACKING pc=0x00000244075846a2 sp=0x0000004f8a9fef58 mode 2

Classes loaded (20 events):
Event: 6.968 Loading class java/nio/file/FileTreeWalker$DirectoryNode
Event: 6.968 Loading class java/nio/file/FileTreeWalker$DirectoryNode done
Event: 6.968 Loading class java/nio/file/FileTreeWalker$Event
Event: 6.968 Loading class java/nio/file/FileTreeWalker$Event done
Event: 6.969 Loading class java/nio/file/FileTreeWalker$EventType
Event: 6.969 Loading class java/nio/file/FileTreeWalker$EventType done
Event: 6.969 Loading class java/nio/file/Files$3
Event: 6.969 Loading class java/nio/file/Files$3 done
Event: 6.969 Loading class java/nio/file/FileVisitResult
Event: 6.969 Loading class java/nio/file/FileVisitResult done
Event: 7.019 Loading class java/nio/channels/Channels$ReadableByteChannelImpl
Event: 7.019 Loading class java/nio/channels/Channels$ReadableByteChannelImpl done
Event: 7.020 Loading class java/nio/channels/NonWritableChannelException
Event: 7.020 Loading class java/nio/channels/NonWritableChannelException done
Event: 7.278 Loading class java/util/AbstractList$ListItr
Event: 7.278 Loading class java/util/AbstractList$ListItr done
Event: 7.641 Loading class java/util/WeakHashMap$KeyIterator
Event: 7.641 Loading class java/util/WeakHashMap$KeyIterator done
Event: 11.936 Loading class sun/nio/fs/WindowsFileCopy
Event: 11.937 Loading class sun/nio/fs/WindowsFileCopy done

Classes unloaded (20 events):
Event: 5.476 Thread 0x000002447a37dd80 Unloading class 0x000002441019b800 'java/lang/invoke/LambdaForm$MH+0x000002441019b800'
Event: 5.476 Thread 0x000002447a37dd80 Unloading class 0x000002441019b400 'java/lang/invoke/LambdaForm$MH+0x000002441019b400'
Event: 5.476 Thread 0x000002447a37dd80 Unloading class 0x000002441019b000 'java/lang/invoke/LambdaForm$BMH+0x000002441019b000'
Event: 5.476 Thread 0x000002447a37dd80 Unloading class 0x000002441019ac00 'java/lang/invoke/LambdaForm$DMH+0x000002441019ac00'
Event: 5.476 Thread 0x000002447a37dd80 Unloading class 0x0000024410199c00 'java/lang/invoke/LambdaForm$DMH+0x0000024410199c00'
Event: 7.488 Thread 0x000002447a37dd80 Unloading class 0x0000024410306400 'java/lang/invoke/LambdaForm$MH+0x0000024410306400'
Event: 7.488 Thread 0x000002447a37dd80 Unloading class 0x0000024410305800 'java/lang/invoke/LambdaForm$MH+0x0000024410305800'
Event: 7.488 Thread 0x000002447a37dd80 Unloading class 0x0000024410305000 'java/lang/invoke/LambdaForm$MH+0x0000024410305000'
Event: 7.488 Thread 0x000002447a37dd80 Unloading class 0x0000024410304c00 'java/lang/invoke/LambdaForm$MH+0x0000024410304c00'
Event: 7.488 Thread 0x000002447a37dd80 Unloading class 0x0000024410304000 'java/lang/invoke/LambdaForm$DMH+0x0000024410304000'
Event: 7.488 Thread 0x000002447a37dd80 Unloading class 0x0000024410303800 'java/lang/invoke/LambdaForm$MH+0x0000024410303800'
Event: 7.488 Thread 0x000002447a37dd80 Unloading class 0x0000024410300400 'java/lang/invoke/LambdaForm$MH+0x0000024410300400'
Event: 7.488 Thread 0x000002447a37dd80 Unloading class 0x00000244102eb800 'java/lang/invoke/LambdaForm$MH+0x00000244102eb800'
Event: 7.488 Thread 0x000002447a37dd80 Unloading class 0x00000244102eb000 'java/lang/invoke/LambdaForm$MH+0x00000244102eb000'
Event: 7.488 Thread 0x000002447a37dd80 Unloading class 0x00000244102ea800 'java/lang/invoke/LambdaForm$MH+0x00000244102ea800'
Event: 7.488 Thread 0x000002447a37dd80 Unloading class 0x00000244102ea400 'java/lang/invoke/LambdaForm$MH+0x00000244102ea400'
Event: 7.488 Thread 0x000002447a37dd80 Unloading class 0x00000244102e9800 'java/lang/invoke/LambdaForm$MH+0x00000244102e9800'
Event: 7.488 Thread 0x000002447a37dd80 Unloading class 0x00000244102e9400 'java/lang/invoke/LambdaForm$MH+0x00000244102e9400'
Event: 7.488 Thread 0x000002447a37dd80 Unloading class 0x00000244102e8c00 'java/lang/invoke/LambdaForm$MH+0x00000244102e8c00'
Event: 7.488 Thread 0x000002447a37dd80 Unloading class 0x00000244102e8400 'java/lang/invoke/LambdaForm$DMH+0x00000244102e8400'

Classes redefined (0 events):
No events

Internal exceptions (20 events):
Event: 6.996 Thread 0x000002447fb21350 Exception <a 'sun/nio/fs/WindowsException'{0x000000070ca5c448}> (0x000000070ca5c448) 
thrown [s\src\hotspot\share\prims\jni.cpp, line 520]
Event: 7.033 Thread 0x000002447fb1f910 Exception <a 'java/io/FileNotFoundException'{0x000000070c7d6bf8}> (0x000000070c7d6bf8) 
thrown [s\src\hotspot\share\prims\jni.cpp, line 520]
Event: 7.034 Thread 0x000002447fb1f910 Exception <a 'java/io/FileNotFoundException'{0x000000070c7d81e0}> (0x000000070c7d81e0) 
thrown [s\src\hotspot\share\prims\jni.cpp, line 520]
Event: 7.035 Thread 0x000002447fb1f910 Exception <a 'java/lang/NoSuchMethodError'{0x000000070c40e978}: 'java.lang.Object java.lang.invoke.DirectMethodHandle$Holder.newInvokeSpecial(java.lang.Object, java.lang.Object, java.lang.Object, int)'> (0x000000070c40e978) 
thrown [s\src\hotspot\share\interpreter\linkResolver.cpp, line 773]
Event: 7.035 Thread 0x000002447fb1f910 Exception <a 'java/lang/NoSuchMethodError'{0x000000070c412630}: 'java.lang.Object java.lang.invoke.DirectMethodHandle$Holder.invokeSpecial(java.lang.Object, java.lang.Object, java.lang.Object, java.lang.Object, int)'> (0x000000070c412630) 
thrown [s\src\hotspot\share\interpreter\linkResolver.cpp, line 773]
Event: 7.036 Thread 0x000002447fb1f910 Exception <a 'java/lang/NoSuchMethodError'{0x000000070c415ad8}: 'java.lang.Object java.lang.invoke.Invokers$Holder.linkToTargetMethod(java.lang.Object, java.lang.Object, int, java.lang.Object)'> (0x000000070c415ad8) 
thrown [s\src\hotspot\share\interpreter\linkResolver.cpp, line 773]
Event: 7.173 Thread 0x000002447fb21350 Exception <a 'java/lang/NoSuchMethodError'{0x000000070da261a8}: 'java.lang.Object java.lang.invoke.Invokers$Holder.invoke_MT(java.lang.Object, java.lang.Object, java.lang.Object, java.lang.Object, java.lang.Object, java.lang.Object, java.lang.Object, java.lang.Object, java.lang.Object, java.lang.Object)'> (0x000000070da261a8) 
thrown [s\src\hotspot\share\interpreter\linkResolver.cpp, line 773]
Event: 7.363 Thread 0x000002447fb1f910 Implicit null exception at 0x0000024407e161dd to 0x0000024407e16304
Event: 7.643 Thread 0x000002447fb21350 Exception <a 'java/io/FileNotFoundException'{0x0000000711f3d6d8}> (0x0000000711f3d6d8) 
thrown [s\src\hotspot\share\prims\jni.cpp, line 520]
Event: 7.643 Thread 0x000002447fb21350 Exception <a 'java/io/FileNotFoundException'{0x0000000711f3ea88}> (0x0000000711f3ea88) 
thrown [s\src\hotspot\share\prims\jni.cpp, line 520]
Event: 7.644 Thread 0x000002447fb21350 Exception <a 'java/io/FileNotFoundException'{0x0000000711f3fa40}> (0x0000000711f3fa40) 
thrown [s\src\hotspot\share\prims\jni.cpp, line 520]
Event: 7.802 Thread 0x000002447fb21350 Exception <a 'sun/nio/fs/WindowsException'{0x00000007115bdb48}> (0x00000007115bdb48) 
thrown [s\src\hotspot\share\prims\jni.cpp, line 520]
Event: 7.803 Thread 0x000002447fb21350 Exception <a 'sun/nio/fs/WindowsException'{0x00000007115be328}> (0x00000007115be328) 
thrown [s\src\hotspot\share\prims\jni.cpp, line 520]
Event: 7.816 Thread 0x000002447fb21350 Exception <a 'sun/nio/fs/WindowsException'{0x000000070fae27e8}> (0x000000070fae27e8) 
thrown [s\src\hotspot\share\prims\jni.cpp, line 520]
Event: 7.816 Thread 0x000002447fb21350 Exception <a 'sun/nio/fs/WindowsException'{0x000000070fae2fc8}> (0x000000070fae2fc8) 
thrown [s\src\hotspot\share\prims\jni.cpp, line 520]
Event: 8.803 Thread 0x000002447fb1f910 Implicit null exception at 0x0000024407ed20e7 to 0x0000024407ed7958
Event: 11.937 Thread 0x000002447fb1f910 Exception <a 'sun/nio/fs/WindowsException'{0x000000072678a1b8}> (0x000000072678a1b8) 
thrown [s\src\hotspot\share\prims\jni.cpp, line 520]
Event: 12.023 Thread 0x000002447fb1f910 Exception <a 'sun/nio/fs/WindowsException'{0x00000007253bf590}> (0x00000007253bf590) 
thrown [s\src\hotspot\share\prims\jni.cpp, line 520]
Event: 12.099 Thread 0x000002447fb1f910 Exception <a 'sun/nio/fs/WindowsException'{0x0000000723bbcaa8}> (0x0000000723bbcaa8) 
thrown [s\src\hotspot\share\prims\jni.cpp, line 520]
Event: 12.183 Thread 0x000002447fb1f910 Exception <a 'sun/nio/fs/WindowsException'{0x0000000722e11890}> (0x0000000722e11890) 
thrown [s\src\hotspot\share\prims\jni.cpp, line 520]

ZGC Phase Switch (0 events):
No events

VM Operations (20 events):
Event: 9.680 Executing VM operation: G1CollectForAllocation (G1 Evacuation Pause) done
Event: 9.835 Executing VM operation: G1CollectForAllocation (G1 Evacuation Pause)
Event: 9.845 Executing VM operation: G1CollectForAllocation (G1 Evacuation Pause) done
Event: 10.212 Executing VM operation: G1CollectForAllocation (G1 Evacuation Pause)
Event: 10.227 Executing VM operation: G1CollectForAllocation (G1 Evacuation Pause) done
Event: 10.475 Executing VM operation: G1CollectForAllocation (G1 Evacuation Pause)
Event: 10.490 Executing VM operation: G1CollectForAllocation (G1 Evacuation Pause) done
Event: 10.677 Executing VM operation: G1CollectForAllocation (G1 Evacuation Pause)
Event: 10.690 Executing VM operation: G1CollectForAllocation (G1 Evacuation Pause) done
Event: 10.804 Executing VM operation: G1PauseRemark
Event: 10.807 Executing VM operation: G1PauseRemark done
Event: 10.860 Executing VM operation: G1PauseCleanup
Event: 10.860 Executing VM operation: G1PauseCleanup done
Event: 11.525 Executing VM operation: G1CollectForAllocation (G1 Evacuation Pause)
Event: 11.549 Executing VM operation: G1CollectForAllocation (G1 Evacuation Pause) done
Event: 12.072 Executing VM operation: HandshakeAllThreads (Deoptimize)
Event: 12.072 Executing VM operation: HandshakeAllThreads (Deoptimize) done
Event: 12.073 Executing VM operation: HandshakeAllThreads (Deoptimize)
Event: 12.073 Executing VM operation: HandshakeAllThreads (Deoptimize) done
Event: 12.200 Executing VM operation: G1CollectForAllocation (G1 Evacuation Pause)

Memory protections (0 events):
No events

Nmethod flushes (20 events):
Event: 10.806 Thread 0x000002447a37dd80 flushing  nmethod 0x000002440059bc90
Event: 10.806 Thread 0x000002447a37dd80 flushing  nmethod 0x000002440065d710
Event: 10.806 Thread 0x000002447a37dd80 flushing  nmethod 0x000002440079a510
Event: 10.806 Thread 0x000002447a37dd80 flushing  nmethod 0x0000024400bf8210
Event: 10.806 Thread 0x000002447a37dd80 flushing  nmethod 0x0000024400c9ed90
Event: 10.806 Thread 0x000002447a37dd80 flushing  nmethod 0x0000024400ca6e90
Event: 10.806 Thread 0x000002447a37dd80 flushing  nmethod 0x0000024400cabc90
Event: 10.806 Thread 0x000002447a37dd80 flushing  nmethod 0x0000024400caff90
Event: 10.806 Thread 0x000002447a37dd80 flushing  nmethod 0x0000024400cb0390
Event: 10.806 Thread 0x000002447a37dd80 flushing  nmethod 0x0000024400cb3690
Event: 10.806 Thread 0x000002447a37dd80 flushing  nmethod 0x0000024400cb8a90
Event: 10.806 Thread 0x000002447a37dd80 flushing  nmethod 0x0000024400d11f90
Event: 10.806 Thread 0x000002447a37dd80 flushing  nmethod 0x0000024400d12290
Event: 10.806 Thread 0x000002447a37dd80 flushing  nmethod 0x0000024400d13910
Event: 10.806 Thread 0x000002447a37dd80 flushing  nmethod 0x0000024400d15110
Event: 10.806 Thread 0x000002447a37dd80 flushing  nmethod 0x0000024400d25f10
Event: 10.806 Thread 0x000002447a37dd80 flushing  nmethod 0x0000024400d29d90
Event: 10.806 Thread 0x000002447a37dd80 flushing  nmethod 0x0000024400d2b110
Event: 10.806 Thread 0x000002447a37dd80 flushing  nmethod 0x0000024400d2c210
Event: 10.806 Thread 0x000002447a37dd80 flushing  nmethod 0x0000024400d2cd10

Events (20 events):
Event: 5.343 Thread 0x000002446f72f6a0 Thread added: 0x00000244516a6790
Event: 5.343 Thread 0x000002446f72f6a0 Thread added: 0x00000244516a46c0
Event: 5.343 Thread 0x000002446f72f6a0 Thread added: 0x00000244516a3310
Event: 5.343 Thread 0x000002446f72f6a0 Thread added: 0x00000244516a8860
Event: 5.343 Thread 0x000002446f72f6a0 Thread added: 0x00000244516a81d0
Event: 5.344 Thread 0x000002446f72f6a0 Thread added: 0x00000244516a6e20
Event: 5.375 Thread 0x000002446f72f6a0 Thread added: 0x00000244516a74b0
Event: 5.564 Thread 0x000002446f72f6a0 Thread added: 0x00000244516a39a0
Event: 5.565 Thread 0x000002446f72f6a0 Thread added: 0x00000244516a8ef0
Event: 9.150 Thread 0x000002447f1fa5a0 Thread exited: 0x000002447f1fa5a0
Event: 9.946 Thread 0x00000244514aad80 Thread exited: 0x00000244514aad80
Event: 10.090 Thread 0x00000244514ad660 Thread exited: 0x00000244514ad660
Event: 10.380 Thread 0x000002447a3a1910 Thread added: 0x00000244514acf90
Event: 10.862 Thread 0x000002447a3a1910 Thread added: 0x00000244514aa6b0
Event: 11.156 Thread 0x00000244514aa6b0 Thread exited: 0x00000244514aa6b0
Event: 11.517 Thread 0x00000244514acf90 Thread exited: 0x00000244514acf90
Event: 11.576 Thread 0x000002447a3a1910 Thread added: 0x00000244514acf90
Event: 11.948 Thread 0x00000244514acf90 Thread exited: 0x00000244514acf90
Event: 12.112 Thread 0x000002447a3de780 Thread added: 0x00000244514acf90
Event: 12.112 Thread 0x000002447a3de780 Thread added: 0x00000244514aa6b0


Dynamic libraries:
0x00007ff7d5dd0000 - 0x00007ff7d5dde000 	c:\Users\moon\.vscode\extensions\redhat.java-1.41.1-win32-x64\jre\21.0.6-win32-x86_64\bin\java.exe
0x00007ffc61fd0000 - 0x00007ffc621c8000 	C:\Windows\SYSTEM32\ntdll.dll
0x00007ffc61610000 - 0x00007ffc616d2000 	C:\Windows\System32\KERNEL32.DLL
0x00007ffc5f790000 - 0x00007ffc5fa86000 	C:\Windows\System32\KERNELBASE.dll
0x00007ffc5ac50000 - 0x00007ffc5ace4000 	C:\Windows\SYSTEM32\apphelp.dll
0x00007ffc5fef0000 - 0x00007ffc5fff0000 	C:\Windows\System32\ucrtbase.dll
0x00007ffc52fb0000 - 0x00007ffc52fc8000 	c:\Users\moon\.vscode\extensions\redhat.java-1.41.1-win32-x64\jre\21.0.6-win32-x86_64\bin\jli.dll
0x00007ffc48dd0000 - 0x00007ffc48dee000 	c:\Users\moon\.vscode\extensions\redhat.java-1.41.1-win32-x64\jre\21.0.6-win32-x86_64\bin\VCRUNTIME140.dll
0x00007ffc60500000 - 0x00007ffc6069d000 	C:\Windows\System32\USER32.dll
0x00007ffc5fa90000 - 0x00007ffc5fab2000 	C:\Windows\System32\win32u.dll
0x00007ffc613a0000 - 0x00007ffc613cb000 	C:\Windows\System32\GDI32.dll
0x00007ffc4dc60000 - 0x00007ffc4defa000 	C:\Windows\WinSxS\amd64_microsoft.windows.common-controls_6595b64144ccf1df_6.0.19041.4355_none_60b8b9eb71f62e16\COMCTL32.dll
0x00007ffc5fdd0000 - 0x00007ffc5feea000 	C:\Windows\System32\gdi32full.dll
0x00007ffc600d0000 - 0x00007ffc6016e000 	C:\Windows\System32\msvcrt.dll
0x00007ffc5fd30000 - 0x00007ffc5fdcd000 	C:\Windows\System32\msvcp_win.dll
0x00007ffc60170000 - 0x00007ffc6019f000 	C:\Windows\System32\IMM32.DLL
0x00007ffc53ef0000 - 0x00007ffc53efc000 	c:\Users\moon\.vscode\extensions\redhat.java-1.41.1-win32-x64\jre\21.0.6-win32-x86_64\bin\vcruntime140_1.dll
0x00007ffc3a140000 - 0x00007ffc3a1cd000 	c:\Users\moon\.vscode\extensions\redhat.java-1.41.1-win32-x64\jre\21.0.6-win32-x86_64\bin\msvcp140.dll
0x00007ffc04a00000 - 0x00007ffc05790000 	c:\Users\moon\.vscode\extensions\redhat.java-1.41.1-win32-x64\jre\21.0.6-win32-x86_64\bin\server\jvm.dll
0x00007ffc61d90000 - 0x00007ffc61e3f000 	C:\Windows\System32\ADVAPI32.dll
0x00007ffc60a60000 - 0x00007ffc60aff000 	C:\Windows\System32\sechost.dll
0x00007ffc61470000 - 0x00007ffc61593000 	C:\Windows\System32\RPCRT4.dll
0x00007ffc5fd00000 - 0x00007ffc5fd27000 	C:\Windows\System32\bcrypt.dll
0x00007ffc615a0000 - 0x00007ffc6160b000 	C:\Windows\System32\WS2_32.dll
0x00007ffc53f80000 - 0x00007ffc53fa7000 	C:\Windows\SYSTEM32\WINMM.dll
0x00007ffc5f410000 - 0x00007ffc5f45b000 	C:\Windows\SYSTEM32\POWRPROF.dll
0x00007ffc55450000 - 0x00007ffc5545a000 	C:\Windows\SYSTEM32\VERSION.dll
0x00007ffc5f3f0000 - 0x00007ffc5f402000 	C:\Windows\SYSTEM32\UMPDC.dll
0x00007ffc5d4e0000 - 0x00007ffc5d4f2000 	C:\Windows\SYSTEM32\kernel.appcore.dll
0x00007ffc52e60000 - 0x00007ffc52e6a000 	c:\Users\moon\.vscode\extensions\redhat.java-1.41.1-win32-x64\jre\21.0.6-win32-x86_64\bin\jimage.dll
0x00007ffc571b0000 - 0x00007ffc57394000 	C:\Windows\SYSTEM32\DBGHELP.DLL
0x00007ffc4dc20000 - 0x00007ffc4dc54000 	C:\Windows\SYSTEM32\dbgcore.DLL
0x00007ffc5fc70000 - 0x00007ffc5fcf2000 	C:\Windows\System32\bcryptPrimitives.dll
0x00007ffc5b540000 - 0x00007ffc5b54f000 	c:\Users\moon\.vscode\extensions\redhat.java-1.41.1-win32-x64\jre\21.0.6-win32-x86_64\bin\instrument.dll
0x00007ffc47d10000 - 0x00007ffc47d2f000 	c:\Users\moon\.vscode\extensions\redhat.java-1.41.1-win32-x64\jre\21.0.6-win32-x86_64\bin\java.dll
0x00007ffc60b00000 - 0x00007ffc6126f000 	C:\Windows\System32\SHELL32.dll
0x00007ffc5d6e0000 - 0x00007ffc5de83000 	C:\Windows\SYSTEM32\windows.storage.dll
0x00007ffc601a0000 - 0x00007ffc604f5000 	C:\Windows\System32\combase.dll
0x00007ffc5f020000 - 0x00007ffc5f04b000 	C:\Windows\SYSTEM32\Wldp.dll
0x00007ffc60000000 - 0x00007ffc600cd000 	C:\Windows\System32\OLEAUT32.dll
0x00007ffc609b0000 - 0x00007ffc60a5d000 	C:\Windows\System32\SHCORE.dll
0x00007ffc616e0000 - 0x00007ffc61735000 	C:\Windows\System32\shlwapi.dll
0x00007ffc5f590000 - 0x00007ffc5f5b5000 	C:\Windows\SYSTEM32\profapi.dll
0x00007ffc3c680000 - 0x00007ffc3c698000 	c:\Users\moon\.vscode\extensions\redhat.java-1.41.1-win32-x64\jre\21.0.6-win32-x86_64\bin\zip.dll
0x00007ffc52d70000 - 0x00007ffc52d80000 	C:\Users\moon\.vscode\extensions\redhat.java-1.41.1-win32-x64\jre\21.0.6-win32-x86_64\bin\net.dll
0x00007ffc56b40000 - 0x00007ffc56c4a000 	C:\Windows\SYSTEM32\WINHTTP.dll
0x00007ffc5ed20000 - 0x00007ffc5ed8c000 	C:\Windows\system32\mswsock.dll
0x00007ffc3bc20000 - 0x00007ffc3bc36000 	C:\Users\moon\.vscode\extensions\redhat.java-1.41.1-win32-x64\jre\21.0.6-win32-x86_64\bin\nio.dll
0x00007ffc475c0000 - 0x00007ffc475d0000 	c:\Users\moon\.vscode\extensions\redhat.java-1.41.1-win32-x64\jre\21.0.6-win32-x86_64\bin\verify.dll
0x00007ffc52d20000 - 0x00007ffc52d65000 	C:\Users\moon\AppData\Roaming\Code\User\globalStorage\redhat.java\1.41.1\config_win\org.eclipse.equinox.launcher\org.eclipse.equinox.launcher.win32.win32.x86_64_1.2.1300.v20250331-1702\eclipse_11911.dll
0x00007ffc61270000 - 0x00007ffc6139b000 	C:\Windows\System32\ole32.dll
0x00007ffc5ef80000 - 0x00007ffc5ef98000 	C:\Windows\SYSTEM32\CRYPTSP.dll
0x00007ffc5e640000 - 0x00007ffc5e678000 	C:\Windows\system32\rsaenh.dll
0x00007ffc5f550000 - 0x00007ffc5f57e000 	C:\Windows\SYSTEM32\USERENV.dll
0x00007ffc5ef70000 - 0x00007ffc5ef7c000 	C:\Windows\SYSTEM32\CRYPTBASE.dll
0x00007ffc5ea00000 - 0x00007ffc5ea3b000 	C:\Windows\SYSTEM32\IPHLPAPI.DLL
0x00007ffc61460000 - 0x00007ffc61468000 	C:\Windows\System32\NSI.dll
0x00007ffc53970000 - 0x00007ffc539b9000 	C:\Users\moon\AppData\Local\Temp\jna-3357441\jna15274209672397874403.dll
0x00007ffc61ea0000 - 0x00007ffc61ea8000 	C:\Windows\System32\PSAPI.DLL
0x00007ffc57b40000 - 0x00007ffc57b57000 	C:\Windows\SYSTEM32\dhcpcsvc6.DLL
0x00007ffc59da0000 - 0x00007ffc59dbd000 	C:\Windows\SYSTEM32\dhcpcsvc.DLL

dbghelp: loaded successfully - version: 4.0.5 - missing functions: none
symbol engine: initialized successfully - sym options: 0x614 - pdb path: .;c:\Users\moon\.vscode\extensions\redhat.java-1.41.1-win32-x64\jre\21.0.6-win32-x86_64\bin;C:\Windows\SYSTEM32;C:\Windows\WinSxS\amd64_microsoft.windows.common-controls_6595b64144ccf1df_6.0.19041.4355_none_60b8b9eb71f62e16;c:\Users\moon\.vscode\extensions\redhat.java-1.41.1-win32-x64\jre\21.0.6-win32-x86_64\bin\server;C:\Users\moon\AppData\Roaming\Code\User\globalStorage\redhat.java\1.41.1\config_win\org.eclipse.equinox.launcher\org.eclipse.equinox.launcher.win32.win32.x86_64_1.2.1300.v20250331-1702;C:\Users\moon\AppData\Local\Temp\jna-3357441

VM Arguments:
jvm_args: --add-modules=ALL-SYSTEM --add-opens=java.base/java.util=ALL-UNNAMED --add-opens=java.base/java.lang=ALL-UNNAMED --add-opens=java.base/sun.nio.fs=ALL-UNNAMED -Declipse.application=org.eclipse.jdt.ls.core.id1 -Dosgi.bundles.defaultStartLevel=4 -Declipse.product=org.eclipse.jdt.ls.core.product -Djava.import.generatesMetadataFilesAtProjectRoot=false -DDetectVMInstallationsJob.disabled=true -Xlog:disable -Dfile.encoding=utf-8 -javaagent:c:\Users\moon\.vscode\extensions\redhat.java-1.41.1-win32-x64\lombok\lombok-1.18.36.jar -XX:+HeapDumpOnOutOfMemoryError -XX:HeapDumpPath=c:\Users\moon\AppData\Roaming\Code\User\workspaceStorage\d0bdd28a8871f95d2f1d8fbc76f083ad\redhat.java -Daether.dependencyCollector.impl=bf 
java_command: c:\Users\moon\.vscode\extensions\redhat.java-1.41.1-win32-x64\server\plugins\org.eclipse.equinox.launcher_1.7.0.v20250331-1702.jar -configuration c:\Users\moon\AppData\Roaming\Code\User\globalStorage\redhat.java\1.41.1\config_win -data c:\Users\moon\AppData\Roaming\Code\User\workspaceStorage\d0bdd28a8871f95d2f1d8fbc76f083ad\redhat.java\jdt_ws --pipe=\\.\pipe\lsp-c84e06d6ebb9c8eef90ae66f0628aca4-sock
java_class_path (initial): c:\Users\moon\.vscode\extensions\redhat.java-1.41.1-win32-x64\server\plugins\org.eclipse.equinox.launcher_1.7.0.v20250331-1702.jar
Launcher Type: SUN_STANDARD

[Global flags]
     intx CICompilerCount                          = 4                                         {product} {ergonomic}
     uint ConcGCThreads                            = 2                                         {product} {ergonomic}
     uint G1ConcRefinementThreads                  = 8                                         {product} {ergonomic}
   size_t G1HeapRegionSize                         = 2097152                                   {product} {ergonomic}
    uintx GCDrainStackTargetSize                   = 64                                        {product} {ergonomic}
     bool HeapDumpOnOutOfMemoryError               = true                                   {manageable} {command line}
    ccstr HeapDumpPath                             = c:\Users\moon\AppData\Roaming\Code\User\workspaceStorage\d0bdd28a8871f95d2f1d8fbc76f083ad\redhat.java         {manageable} {command line}
   size_t InitialHeapSize                          = 260046848                                 {product} {ergonomic}
   size_t MarkStackSize                            = 4194304                                   {product} {ergonomic}
   size_t MaxHeapSize                              = 4131389440                                {product} {ergonomic}
   size_t MaxNewSize                               = 2478833664                                {product} {ergonomic}
   size_t MinHeapDeltaBytes                        = 2097152                                   {product} {ergonomic}
   size_t MinHeapSize                              = 8388608                                   {product} {ergonomic}
    uintx NonNMethodCodeHeapSize                   = 5839372                                {pd product} {ergonomic}
    uintx NonProfiledCodeHeapSize                  = 122909434                              {pd product} {ergonomic}
    uintx ProfiledCodeHeapSize                     = 122909434                              {pd product} {ergonomic}
    uintx ReservedCodeCacheSize                    = 251658240                              {pd product} {ergonomic}
     bool SegmentedCodeCache                       = true                                      {product} {ergonomic}
   size_t SoftMaxHeapSize                          = 4131389440                             {manageable} {ergonomic}
     bool UseCompressedOops                        = true                           {product lp64_product} {ergonomic}
     bool UseG1GC                                  = true                                      {product} {ergonomic}
     bool UseLargePagesIndividualAllocation        = false                                  {pd product} {ergonomic}

Logging:
Log output configuration:
 #0: stdout all=off uptime,level,tags foldmultilines=false
 #1: stderr all=off uptime,level,tags foldmultilines=false

Environment Variables:
PATH=C:\flutter\bin;C:\Program Files\MySQL\MySQL Server 8.0\bin;C:\Program Files (x86)\NAT Service;C:\Program Files\nodejs;C:\Users\moon\AppData\Local\Android\sdk\platform-tools;C:\Program Files\Common Files\Oracle\Java\javapath;C:\Windows\system32;C:\Windows;C:\Windows\System32\Wbem;C:\Windows\System32\WindowsPowerShell\v1.0\;C:\Windows\System32\OpenSSH\;C:\Program Files\Git\cmd;C:\Program Files\Bandizip\;C:\Program Files\dotnet\;C:\Program Files\mingw64\bin;C:\Program Files\Amazon\AWSCLIV2\;C:\ProgramData\chocolatey\bin;C:\Program Files\nodejs\;C:\Program Files\OpenSSL-Win64\bin;C:\Program Files\PuTTY\;C:\Users\moon\AppData\Local\Programs\Python\Launcher\;C:\Users\moon\AppData\Local\Android\Sdk\platform-tools;C:\Users\moon\AppData\Local\Android\Sdk\tools;C:\Users\moon\AppData\Local\Android\Sdk\platform-tools;C:\Users\moon\AppData\Local\Android\Sdk\tools;C:\Users\moon\AppData\Local\Microsoft\WindowsApps;C:\Users\moon\AppData\Local\Programs\Microsoft VS Code\bin;C:\Users\moon\AppData\Roaming\nvm;C:\Program Files\nodejs;C:\Users\moon\AppData\Local\Microsoft\WinGet\Packages\Schniz.fnm_Microsoft.Winget.Source_8wekyb3d8bbwe;C:\Users\moon\AppData\Local\GitHubDesktop\bin;C:\Users\moon\AppData\Roaming\npm
USERNAME=moon
OS=Windows_NT
PROCESSOR_IDENTIFIER=AMD64 Family 23 Model 104 Stepping 1, AuthenticAMD
TMP=C:\Users\moon\AppData\Local\Temp
TEMP=C:\Users\moon\AppData\Local\Temp




Periodic native trim disabled

---------------  S Y S T E M  ---------------

OS:
 Windows 10 , 64 bit Build 19041 (10.0.19041.5678)
OS uptime: 11 days 14:35 hours

CPU: total 8 (initial active 8) (8 cores per cpu, 2 threads per core) family 23 model 104 stepping 1 microcode 0x0, cx8, cmov, fxsr, ht, mmx, 3dnowpref, sse, sse2, sse3, ssse3, sse4a, sse4.1, sse4.2, popcnt, lzcnt, tsc, tscinvbit, avx, avx2, aes, clmul, bmi1, bmi2, adx, sha, fma, vzeroupper, clflush, clflushopt, rdtscp, rdpid, f16c
Processor Information for the first 8 processors :
  Max Mhz: 2600, Current Mhz: 2600, Mhz Limit: 2600

Memory: 4k page, system-wide physical 15754M (1121M free)
TotalPageFile size 25994M (AvailPageFile size 160M)
current process WorkingSet (physical memory assigned to process): 777M, peak: 777M
current process commit charge ("private bytes"): 689M, peak: 869M

vm_info: OpenJDK 64-Bit Server VM (21.0.6+7-LTS) for windows-amd64 JRE (21.0.6+7-LTS), built on 2025-01-21T00:00:00Z by "admin" with MS VC++ 17.7 (VS2022)

END.
